Log file open, 01/18/24 23:23:22
LogWindows: Failed to load 'aqProf.dll' (GetLastError=126)
LogWindows: File 'aqProf.dll' does not exist
LogWindows: Failed to load 'VtuneApi.dll' (GetLastError=126)
LogWindows: File 'VtuneApi.dll' does not exist
LogWindows: Failed to load 'VtuneApi32e.dll' (GetLastError=126)
LogWindows: File 'VtuneApi32e.dll' does not exist
LogConsoleResponse: Display: Failed to find resolution value strings in scalability ini. Falling back to default.
LogConsoleResponse: Display: Failed to find resolution value strings in scalability ini. Falling back to default.
LogInit: Display: Running engine for game: DormPlatformer
LogPlatformFile: Not using cached read wrapper
LogTaskGraph: Started task graph with 5 named threads and 23 total threads with 3 sets of task threads.
LogStats: Stats thread started at 0.475318
LogICUInternationalization: ICU TimeZone Detection - Raw Offset: +6:00, Platform Override: ''
LogInit: Display: Loading text-based GConfig....
LogPluginManager: Mounting plugin MeshPainting
LogPluginManager: Mounting plugin XGEController
LogPluginManager: Mounting plugin Paper2D
LogPluginManager: Mounting plugin AISupport
LogPluginManager: Mounting plugin EnvironmentQueryEditor
LogPluginManager: Mounting plugin LightPropagationVolume
LogPluginManager: Mounting plugin LiveLink
LogPluginManager: Mounting plugin CameraShakePreviewer
LogPluginManager: Mounting plugin GameplayCameras
LogPluginManager: Mounting plugin OodleData
LogPluginManager: Mounting plugin OodleNetwork
LogPluginManager: Mounting plugin AssetManagerEditor
LogPluginManager: Mounting plugin CurveEditorTools
LogPluginManager: Mounting plugin CryptoKeys
LogPluginManager: Mounting plugin DataValidation
LogPluginManager: Mounting plugin FacialAnimation
LogPluginManager: Mounting plugin GeometryMode
LogPluginManager: Mounting plugin GameplayTagsEditor
LogPluginManager: Mounting plugin DatasmithContent
LogPluginManager: Mounting plugin MacGraphicsSwitching
LogPluginManager: Mounting plugin MaterialAnalyzer
LogPluginManager: Mounting plugin MobileLauncherProfileWizard
LogPluginManager: Mounting plugin PluginBrowser
LogPluginManager: Mounting plugin SpeedTreeImporter
LogPluginManager: Mounting plugin AnimationSharing
LogPluginManager: Mounting plugin CLionSourceCodeAccess
LogPluginManager: Mounting plugin AlembicImporter
LogPluginManager: Mounting plugin AutomationUtils
LogPluginManager: Mounting plugin BackChannel
LogPluginManager: Mounting plugin ChaosCloth
LogPluginManager: Mounting plugin ChaosClothEditor
LogPluginManager: Mounting plugin ChaosSolverPlugin
LogPluginManager: Mounting plugin ChaosNiagara
LogPluginManager: Mounting plugin ChaosEditor
LogPluginManager: Mounting plugin Niagara
LogPluginManager: Mounting plugin LuminPlatformFeatures
LogPluginManager: Mounting plugin MagicLeap
LogPluginManager: Mounting plugin CodeLiteSourceCodeAccess
LogPluginManager: Mounting plugin GitSourceControl
LogPluginManager: Mounting plugin KDevelopSourceCodeAccess
LogPluginManager: Mounting plugin VariantManagerContent
LogPluginManager: Mounting plugin NullSourceCodeAccess
LogPluginManager: Mounting plugin MagicLeapLightEstimation
LogPluginManager: Mounting plugin PerforceSourceControl
LogPluginManager: Mounting plugin PixWinPlugin
LogPluginManager: Mounting plugin PlasticSourceControl
LogPluginManager: Mounting plugin PluginUtils
LogPluginManager: Mounting plugin MagicLeapMedia
LogPluginManager: Mounting plugin PropertyAccessNode
LogPluginManager: Mounting plugin MagicLeapPassableWorld
LogPluginManager: Mounting plugin RiderSourceCodeAccess
LogPluginManager: Mounting plugin SubversionSourceControl
LogPluginManager: Mounting plugin TextureFormatOodle
LogPluginManager: Mounting plugin MLSDK
LogPluginManager: Mounting plugin VisualStudioCodeSourceCodeAccess
LogPluginManager: Mounting plugin UObjectPlugin
LogPluginManager: Mounting plugin VisualStudioSourceCodeAccess
LogPluginManager: Mounting plugin XCodeSourceCodeAccess
LogPluginManager: Mounting plugin AndroidMedia
LogPluginManager: Mounting plugin AvfMedia
LogPluginManager: Mounting plugin ImgMedia
LogPluginManager: Mounting plugin MediaCompositing
LogPluginManager: Mounting plugin MediaPlayerEditor
LogPluginManager: Mounting plugin WebMMedia
LogPluginManager: Mounting plugin WmfMedia
LogPluginManager: Mounting plugin TcpMessaging
LogPluginManager: Mounting plugin UdpMessaging
LogPluginManager: Mounting plugin LauncherChunkInstaller
LogPluginManager: Mounting plugin OnlineSubsystem
LogPluginManager: Mounting plugin ActorSequence
LogPluginManager: Mounting plugin OnlineSubsystemNull
LogPluginManager: Mounting plugin LevelSequenceEditor
LogPluginManager: Mounting plugin MatineeToLevelSequence
LogPluginManager: Mounting plugin OnlineSubsystemUtils
LogPluginManager: Mounting plugin TemplateSequence
LogPluginManager: Mounting plugin ActorLayerUtilities
LogPluginManager: Mounting plugin AndroidMoviePlayer
LogPluginManager: Mounting plugin AndroidPermission
LogPluginManager: Mounting plugin AndroidDeviceProfileSelector
LogPluginManager: Mounting plugin AppleMoviePlayer
LogPluginManager: Mounting plugin AppleImageUtils
LogPluginManager: Mounting plugin ArchVisCharacter
LogPluginManager: Mounting plugin AssetTags
LogPluginManager: Mounting plugin AudioCapture
LogPluginManager: Mounting plugin CableComponent
LogPluginManager: Mounting plugin AudioSynesthesia
LogPluginManager: Mounting plugin ChunkDownloader
LogPluginManager: Mounting plugin CustomMeshComponent
LogPluginManager: Mounting plugin ExampleDeviceProfileSelector
LogPluginManager: Mounting plugin GoogleCloudMessaging
LogPluginManager: Mounting plugin GooglePAD
LogPluginManager: Mounting plugin LinuxDeviceProfileSelector
LogPluginManager: Mounting plugin IOSDeviceProfileSelector
LogPluginManager: Mounting plugin LocationServicesBPLibrary
LogPluginManager: Mounting plugin EditableMesh
LogPluginManager: Mounting plugin MobilePatchingUtils
LogPluginManager: Mounting plugin OpenXR
LogPluginManager: Mounting plugin ScreenshotTools
LogPluginManager: Mounting plugin OpenXREyeTracker
LogPluginManager: Mounting plugin OpenXRHandTracking
LogPluginManager: Mounting plugin PhysXVehicles
LogPluginManager: Mounting plugin CharacterAI
LogPluginManager: Mounting plugin GeometryCache
LogPluginManager: Mounting plugin GeometryCollectionPlugin
LogPluginManager: Mounting plugin PostSplashScreen
LogPluginManager: Mounting plugin ProceduralMeshComponent
LogPluginManager: Mounting plugin PropertyAccessEditor
LogPluginManager: Mounting plugin GeometryProcessing
LogPluginManager: Mounting plugin RuntimePhysXCooking
LogPluginManager: Mounting plugin MotoSynth
LogPluginManager: Mounting plugin OpenImageDenoise
LogPluginManager: Mounting plugin SignificanceManager
LogPluginManager: Mounting plugin PlatformCrypto
LogPluginManager: Mounting plugin PlanarCut
LogPluginManager: Mounting plugin SoundFields
LogPluginManager: Mounting plugin ProxyLODPlugin
LogPluginManager: Mounting plugin PythonScriptPlugin
LogPluginManager: Mounting plugin Synthesis
LogPluginManager: Mounting plugin SkeletalReduction
LogPluginManager: Mounting plugin MultiUserTakes
LogPluginManager: Mounting plugin WebMMoviePlayer
LogPluginManager: Mounting plugin WindowsMoviePlayer
LogPluginManager: Mounting plugin Takes
LogPluginManager: Mounting plugin ContentBrowserFileDataSource
LogPluginManager: Mounting plugin ContentBrowserClassDataSource
LogPluginManager: Mounting plugin ContentBrowserAssetDataSource
LogPluginManager: Mounting plugin ConcertMain
LogPluginManager: Mounting plugin MultiUserClient
LogPluginManager: Mounting plugin OnlineSubsystemGooglePlay
LogPluginManager: Mounting plugin OnlineSubsystemIOS
LogPluginManager: Mounting plugin SQLiteCore
LogPluginManager: Mounting plugin OculusVR
LogPluginManager: Mounting plugin SteamVR
LogPluginManager: Mounting plugin ConcertSyncClient
LogPluginManager: Mounting plugin ConcertSyncCore
PixWinPlugin: PIX capture plugin failed to initialize! Check that the process is launched from PIX.
LogInit: Using libcurl 7.55.1-DEV
LogInit:  - built for x86_64-pc-win32
LogInit:  - supports SSL with OpenSSL/1.1.1
LogInit:  - supports HTTP deflate (compression) using libz 1.2.8
LogInit:  - other features:
LogInit:      CURL_VERSION_SSL
LogInit:      CURL_VERSION_LIBZ
LogInit:      CURL_VERSION_IPV6
LogInit:      CURL_VERSION_ASYNCHDNS
LogInit:      CURL_VERSION_LARGEFILE
LogInit:      CURL_VERSION_IDN
LogInit:  CurlRequestOptions (configurable via config and command line):
LogInit:  - bVerifyPeer = true  - Libcurl will verify peer certificate
LogInit:  - bUseHttpProxy = false  - Libcurl will NOT use HTTP proxy
LogInit:  - bDontReuseConnections = false  - Libcurl will reuse connections
LogInit:  - MaxHostConnections = 16  - Libcurl will limit the number of connections to a host
LogInit:  - LocalHostAddr = Default
LogInit:  - BufferSize = 65536
LogOnline: OSS: Creating online subsystem instance for: NULL
LogInit: WinSock: version 1.1 (2.2), MaxSocks=32767, MaxUdp=65467
LogOnline: OSS: TryLoadSubsystemAndSetDefault: Loaded subsystem for module [NULL]
LogOculusPluginWrapper: OculusPlugin initialized successfully
LogHMD: Failed initializing OVRPlugin 1.59.0
LogInit: Build: ++UE4+Release-4.27-CL-18319896
LogInit: Engine Version: 4.27.2-18319896+++UE4+Release-4.27
LogInit: Compatible Engine Version: 4.27.0-17155196+++UE4+Release-4.27
LogInit: Net CL: 17155196
LogInit: OS: Windows 10 (Release 2009) (), CPU: 11th Gen Intel(R) Core(TM) i5-1135G7 @ 2.40GHz, GPU: Intel(R) Iris(R) Xe Graphics
LogInit: Compiled (64-bit): Nov 30 2021 07:12:08
LogInit: Compiled with Visual C++: 19.24.28315.00
LogInit: Build Configuration: Development
LogInit: Branch Name: ++UE4+Release-4.27
LogInit: Command Line:  /Game/Menu/Menu -game -PIEVIACONSOLE -Multiprocess GameUserSettingsINI=C:/Users/enthu/OneDrive/Документы/GitHub/DormCourseWork/DormPlatformer/Saved/Config/Windows/PIEGameUserSettings0.ini -MultiprocessSaveConfig -forcepassthrough -messaging -SessionName="Play in Standalone Game" -windowed -WinX=320 -WinY=190 SAVEWINPOS=1 -ResX=1280 -ResY=720
LogInit: Base Directory: D:/UE_4.27/Engine/Binaries/Win64/
LogInit: Allocator: TBB
LogInit: Installed Engine Build: 1
LogDevObjectVersion: Number of dev versions registered: 29
LogDevObjectVersion:   Dev-Blueprints (B0D832E4-1F89-4F0D-ACCF-7EB736FD4AA2): 10
LogDevObjectVersion:   Dev-Build (E1C64328-A22C-4D53-A36C-8E866417BD8C): 0
LogDevObjectVersion:   Dev-Core (375EC13C-06E4-48FB-B500-84F0262A717E): 4
LogDevObjectVersion:   Dev-Editor (E4B068ED-F494-42E9-A231-DA0B2E46BB41): 40
LogDevObjectVersion:   Dev-Framework (CFFC743F-43B0-4480-9391-14DF171D2073): 37
LogDevObjectVersion:   Dev-Mobile (B02B49B5-BB20-44E9-A304-32B752E40360): 3
LogDevObjectVersion:   Dev-Networking (A4E4105C-59A1-49B5-A7C5-40C4547EDFEE): 0
LogDevObjectVersion:   Dev-Online (39C831C9-5AE6-47DC-9A44-9C173E1C8E7C): 0
LogDevObjectVersion:   Dev-Physics (78F01B33-EBEA-4F98-B9B4-84EACCB95AA2): 14
LogDevObjectVersion:   Dev-Platform (6631380F-2D4D-43E0-8009-CF276956A95A): 0
LogDevObjectVersion:   Dev-Rendering (12F88B9F-8875-4AFC-A67C-D90C383ABD29): 45
LogDevObjectVersion:   Dev-Sequencer (7B5AE74C-D270-4C10-A958-57980B212A5A): 13
LogDevObjectVersion:   Dev-VR (D7296918-1DD6-4BDD-9DE2-64A83CC13884): 3
LogDevObjectVersion:   Dev-LoadTimes (C2A15278-BFE7-4AFE-6C17-90FF531DF755): 1
LogDevObjectVersion:   Private-Geometry (6EACA3D4-40EC-4CC1-B786-8BED09428FC5): 3
LogDevObjectVersion:   Dev-AnimPhys (29E575DD-E0A3-4627-9D10-D276232CDCEA): 17
LogDevObjectVersion:   Dev-Anim (AF43A65D-7FD3-4947-9873-3E8ED9C1BB05): 15
LogDevObjectVersion:   Dev-ReflectionCapture (6B266CEC-1EC7-4B8F-A30B-E4D90942FC07): 1
LogDevObjectVersion:   Dev-Automation (0DF73D61-A23F-47EA-B727-89E90C41499A): 1
LogDevObjectVersion:   FortniteMain (601D1886-AC64-4F84-AA16-D3DE0DEAC7D6): 47
LogDevObjectVersion:   FortniteRelease (E7086368-6B23-4C58-8439-1B7016265E91): 1
LogDevObjectVersion:   Dev-Enterprise (9DFFBCD6-494F-0158-E221-12823C92A888): 10
LogDevObjectVersion:   Dev-Niagara (F2AED0AC-9AFE-416F-8664-AA7FFA26D6FC): 1
LogDevObjectVersion:   Dev-Destruction (174F1F0B-B4C6-45A5-B13F-2EE8D0FB917D): 10
LogDevObjectVersion:   Dev-Physics-Ext (35F94A83-E258-406C-A318-09F59610247C): 41
LogDevObjectVersion:   Dev-PhysicsMaterial-Chaos (B68FC16E-8B1B-42E2-B453-215C058844FE): 1
LogDevObjectVersion:   Dev-CineCamera (B2E18506-4273-CFC2-A54E-F4BB758BBA07): 1
LogDevObjectVersion:   Dev-VirtualProduction (64F58936-FD1B-42BA-BA96-7289D5D0FA4E): 1
LogDevObjectVersion:   Dev-MediaFramework (6F0ED827-A609-4895-9C91-998D90180EA4): 2
LogInit: Presizing for max 25165824 objects, including 0 objects not considered by GC, pre-allocating 0 bytes for permanent pool.
LogConfig: Applying CVar settings from Section [/Script/Engine.StreamingSettings] File [C:/Users/enthu/OneDrive/Документы/GitHub/DormCourseWork/DormPlatformer/Saved/Config/Windows/Engine.ini]
LogConfig: Setting CVar [[s.MinBulkDataSizeForAsyncLoading:131072]]
LogConfig: Setting CVar [[s.AsyncLoadingThreadEnabled:0]]
LogConfig: Setting CVar [[s.EventDrivenLoaderEnabled:1]]
LogConfig: Setting CVar [[s.WarnIfTimeLimitExceeded:0]]
LogConfig: Setting CVar [[s.TimeLimitExceededMultiplier:1.5]]
LogConfig: Setting CVar [[s.TimeLimitExceededMinTime:0.005]]
LogConfig: Setting CVar [[s.UseBackgroundLevelStreaming:1]]
LogConfig: Setting CVar [[s.PriorityAsyncLoadingExtraTime:15.0]]
LogConfig: Setting CVar [[s.LevelStreamingActorsUpdateTimeLimit:5.0]]
LogConfig: Setting CVar [[s.PriorityLevelStreamingActorsUpdateExtraTime:5.0]]
LogConfig: Setting CVar [[s.LevelStreamingComponentsRegistrationGranularity:10]]
LogConfig: Setting CVar [[s.UnregisterComponentsTimeLimit:1.0]]
LogConfig: Setting CVar [[s.LevelStreamingComponentsUnregistrationGranularity:5]]
LogConfig: Setting CVar [[s.FlushStreamingOnExit:1]]
LogInit: Object subsystem initialized
LogConfig: Setting CVar [[con.DebugEarlyDefault:1]]
LogConfig: Setting CVar [[r.setres:1280x720]]
[2024.01.18-17.23.23:945][  0]LogConfig: Setting CVar [[con.DebugEarlyDefault:1]]
[2024.01.18-17.23.23:945][  0]LogConfig: Setting CVar [[r.setres:1280x720]]
[2024.01.18-17.23.23:946][  0]LogConfig: Applying CVar settings from Section [/Script/Engine.RendererSettings] File [C:/Users/enthu/OneDrive/Документы/GitHub/DormCourseWork/DormPlatformer/Saved/Config/Windows/Engine.ini]
[2024.01.18-17.23.23:946][  0]LogConfig: Setting CVar [[r.GPUCrashDebugging:0]]
[2024.01.18-17.23.23:946][  0]LogConfig: Setting CVar [[r.Mobile.DisableVertexFog:1]]
[2024.01.18-17.23.23:946][  0]LogConfig: Setting CVar [[r.Shadow.CSM.MaxMobileCascades:2]]
[2024.01.18-17.23.23:946][  0]LogConfig: Setting CVar [[r.MobileMSAA:1]]
[2024.01.18-17.23.23:946][  0]LogConfig: Setting CVar [[r.Mobile.AllowDitheredLODTransition:0]]
[2024.01.18-17.23.23:946][  0]LogConfig: Setting CVar [[r.Mobile.AllowSoftwareOcclusion:0]]
[2024.01.18-17.23.23:946][  0]LogConfig: Setting CVar [[r.Mobile.VirtualTextures:0]]
[2024.01.18-17.23.23:946][  0]LogConfig: Setting CVar [[r.DiscardUnusedQuality:0]]
[2024.01.18-17.23.23:946][  0]LogConfig: Setting CVar [[r.AllowOcclusionQueries:1]]
[2024.01.18-17.23.23:946][  0]LogConfig: Setting CVar [[r.MinScreenRadiusForLights:0.030000]]
[2024.01.18-17.23.23:946][  0]LogConfig: Setting CVar [[r.MinScreenRadiusForDepthPrepass:0.030000]]
[2024.01.18-17.23.23:946][  0]LogConfig: Setting CVar [[r.MinScreenRadiusForCSMDepth:0.010000]]
[2024.01.18-17.23.23:946][  0]LogConfig: Setting CVar [[r.PrecomputedVisibilityWarning:0]]
[2024.01.18-17.23.23:946][  0]LogConfig: Setting CVar [[r.TextureStreaming:1]]
[2024.01.18-17.23.23:946][  0]LogConfig: Setting CVar [[Compat.UseDXT5NormalMaps:0]]
[2024.01.18-17.23.23:946][  0]LogConfig: Setting CVar [[r.VirtualTextures:0]]
[2024.01.18-17.23.23:946][  0]LogConfig: Setting CVar [[r.VT.EnableAutoImport:1]]
[2024.01.18-17.23.23:946][  0]LogConfig: Setting CVar [[r.VirtualTexturedLightmaps:0]]
[2024.01.18-17.23.23:946][  0]LogConfig: Setting CVar [[r.VT.TileSize:128]]
[2024.01.18-17.23.23:946][  0]LogConfig: Setting CVar [[r.VT.TileBorderSize:4]]
[2024.01.18-17.23.23:946][  0]LogConfig: Setting CVar [[r.vt.FeedbackFactor:16]]
[2024.01.18-17.23.23:946][  0]LogConfig: Setting CVar [[r.VT.EnableCompressZlib:1]]
[2024.01.18-17.23.23:946][  0]LogConfig: Setting CVar [[r.VT.EnableCompressCrunch:0]]
[2024.01.18-17.23.23:946][  0]LogConfig: Setting CVar [[r.ClearCoatNormal:0]]
[2024.01.18-17.23.23:946][  0]LogConfig: Setting CVar [[r.ReflectionCaptureResolution:128]]
[2024.01.18-17.23.23:946][  0]LogConfig: Setting CVar [[r.Mobile.ReflectionCaptureCompression:0]]
[2024.01.18-17.23.23:946][  0]LogConfig: Setting CVar [[r.ReflectionEnvironmentLightmapMixBasedOnRoughness:1]]
[2024.01.18-17.23.23:946][  0]LogConfig: Setting CVar [[r.ForwardShading:0]]
[2024.01.18-17.23.23:946][  0]LogConfig: Setting CVar [[r.VertexFoggingForOpaque:1]]
[2024.01.18-17.23.23:946][  0]LogConfig: Setting CVar [[r.AllowStaticLighting:1]]
[2024.01.18-17.23.23:946][  0]LogConfig: Setting CVar [[r.NormalMapsForStaticLighting:0]]
[2024.01.18-17.23.23:946][  0]LogConfig: Setting CVar [[r.GenerateMeshDistanceFields:0]]
[2024.01.18-17.23.23:946][  0]LogConfig: Setting CVar [[r.DistanceFieldBuild.EightBit:0]]
[2024.01.18-17.23.23:946][  0]LogConfig: Setting CVar [[r.GenerateLandscapeGIData:0]]
[2024.01.18-17.23.23:946][  0]LogConfig: Setting CVar [[r.DistanceFieldBuild.Compress:0]]
[2024.01.18-17.23.23:946][  0]LogConfig: Setting CVar [[r.TessellationAdaptivePixelsPerTriangle:48.000000]]
[2024.01.18-17.23.23:947][  0]LogConfig: Setting CVar [[r.SeparateTranslucency:1]]
[2024.01.18-17.23.23:947][  0]LogConfig: Setting CVar [[r.TranslucentSortPolicy:0]]
[2024.01.18-17.23.23:947][  0]LogConfig: Setting CVar [[vr.VRS.HMDFixedFoveationLevel:0]]
[2024.01.18-17.23.23:947][  0]LogConfig: Setting CVar [[r.CustomDepth:1]]
[2024.01.18-17.23.23:947][  0]LogConfig: Setting CVar [[r.CustomDepthTemporalAAJitter:1]]
[2024.01.18-17.23.23:947][  0]LogConfig: Setting CVar [[r.PostProcessing.PropagateAlpha:0]]
[2024.01.18-17.23.23:947][  0]LogConfig: Setting CVar [[r.DefaultFeature.Bloom:1]]
[2024.01.18-17.23.23:947][  0]LogConfig: Setting CVar [[r.DefaultFeature.AmbientOcclusion:1]]
[2024.01.18-17.23.23:947][  0]LogConfig: Setting CVar [[r.DefaultFeature.AmbientOcclusionStaticFraction:1]]
[2024.01.18-17.23.23:947][  0]LogConfig: Setting CVar [[r.DefaultFeature.AutoExposure:0]]
[2024.01.18-17.23.23:947][  0]LogConfig: Setting CVar [[r.DefaultFeature.AutoExposure.Method:0]]
[2024.01.18-17.23.23:947][  0]LogConfig: Setting CVar [[r.DefaultFeature.AutoExposure.Bias:1.000000]]
[2024.01.18-17.23.23:947][  0]LogConfig: Setting CVar [[r.DefaultFeature.AutoExposure.ExtendDefaultLuminanceRange:0]]
[2024.01.18-17.23.23:947][  0]LogConfig: Setting CVar [[r.UsePreExposure:1]]
[2024.01.18-17.23.23:947][  0]LogConfig: Setting CVar [[r.EyeAdaptation.EditorOnly:0]]
[2024.01.18-17.23.23:947][  0]LogConfig: Setting CVar [[r.DefaultFeature.MotionBlur:0]]
[2024.01.18-17.23.23:947][  0]LogConfig: Setting CVar [[r.DefaultFeature.LensFlare:0]]
[2024.01.18-17.23.23:947][  0]LogConfig: Setting CVar [[r.TemporalAA.Upsampling:0]]
[2024.01.18-17.23.23:947][  0]LogConfig: Setting CVar [[r.SSGI.Enable:0]]
[2024.01.18-17.23.23:947][  0]LogConfig: Setting CVar [[r.DefaultFeature.AntiAliasing:0]]
[2024.01.18-17.23.23:947][  0]LogConfig: Setting CVar [[r.DefaultFeature.LightUnits:1]]
[2024.01.18-17.23.23:947][  0]LogConfig: Setting CVar [[r.DefaultBackBufferPixelFormat:4]]
[2024.01.18-17.23.23:947][  0]LogConfig: Setting CVar [[r.Shadow.UnbuiltPreviewInGame:1]]
[2024.01.18-17.23.23:947][  0]LogConfig: Setting CVar [[r.StencilForLODDither:0]]
[2024.01.18-17.23.23:947][  0]LogConfig: Setting CVar [[r.EarlyZPass:3]]
[2024.01.18-17.23.23:947][  0]LogConfig: Setting CVar [[r.EarlyZPassOnlyMaterialMasking:0]]
[2024.01.18-17.23.23:947][  0]LogConfig: Setting CVar [[r.DBuffer:1]]
[2024.01.18-17.23.23:947][  0]LogConfig: Setting CVar [[r.ClearSceneMethod:1]]
[2024.01.18-17.23.23:947][  0]LogConfig: Setting CVar [[r.BasePassOutputsVelocity:0]]
[2024.01.18-17.23.23:947][  0]LogConfig: Setting CVar [[r.VertexDeformationOutputsVelocity:0]]
[2024.01.18-17.23.23:947][  0]LogConfig: Setting CVar [[r.SelectiveBasePassOutputs:0]]
[2024.01.18-17.23.23:947][  0]LogConfig: Setting CVar [[fx.GPUSimulationTextureSizeX:1024]]
[2024.01.18-17.23.23:947][  0]LogConfig: Setting CVar [[fx.GPUSimulationTextureSizeY:1024]]
[2024.01.18-17.23.23:947][  0]LogConfig: Setting CVar [[r.AllowGlobalClipPlane:0]]
[2024.01.18-17.23.23:947][  0]LogConfig: Setting CVar [[r.GBufferFormat:1]]
[2024.01.18-17.23.23:947][  0]LogConfig: Setting CVar [[r.MorphTarget.Mode:1]]
[2024.01.18-17.23.23:947][  0]LogConfig: Setting CVar [[vr.InstancedStereo:0]]
[2024.01.18-17.23.23:948][  0]LogConfig: Setting CVar [[r.MobileHDR:0]]
[2024.01.18-17.23.23:948][  0]LogConfig: Setting CVar [[vr.MobileMultiView:0]]
[2024.01.18-17.23.23:948][  0]LogConfig: Setting CVar [[r.Mobile.UseHWsRGBEncoding:0]]
[2024.01.18-17.23.23:948][  0]LogConfig: Setting CVar [[vr.RoundRobinOcclusion:0]]
[2024.01.18-17.23.23:948][  0]LogConfig: Setting CVar [[vr.ODSCapture:0]]
[2024.01.18-17.23.23:948][  0]LogConfig: Setting CVar [[r.MeshStreaming:0]]
[2024.01.18-17.23.23:948][  0]LogConfig: Setting CVar [[r.WireframeCullThreshold:5.000000]]
[2024.01.18-17.23.23:948][  0]LogConfig: Setting CVar [[r.RayTracing:0]]
[2024.01.18-17.23.23:948][  0]LogConfig: Setting CVar [[r.RayTracing.UseTextureLod:0]]
[2024.01.18-17.23.23:948][  0]LogConfig: Setting CVar [[r.SupportStationarySkylight:1]]
[2024.01.18-17.23.23:948][  0]LogConfig: Setting CVar [[r.SupportLowQualityLightmaps:1]]
[2024.01.18-17.23.23:948][  0]LogConfig: Setting CVar [[r.SupportPointLightWholeSceneShadows:1]]
[2024.01.18-17.23.23:948][  0]LogConfig: Setting CVar [[r.SupportAtmosphericFog:1]]
[2024.01.18-17.23.23:948][  0]LogConfig: Setting CVar [[r.SupportSkyAtmosphere:1]]
[2024.01.18-17.23.23:948][  0]LogConfig: Setting CVar [[r.SupportSkyAtmosphereAffectsHeightFog:0]]
[2024.01.18-17.23.23:948][  0]LogConfig: Setting CVar [[r.SkinCache.CompileShaders:0]]
[2024.01.18-17.23.23:948][  0]LogConfig: Setting CVar [[r.SkinCache.DefaultBehavior:1]]
[2024.01.18-17.23.23:948][  0]LogConfig: Setting CVar [[r.SkinCache.SceneMemoryLimitInMB:128.000000]]
[2024.01.18-17.23.23:948][  0]LogConfig: Setting CVar [[r.Mobile.EnableStaticAndCSMShadowReceivers:1]]
[2024.01.18-17.23.23:948][  0]LogConfig: Setting CVar [[r.Mobile.EnableMovableLightCSMShaderCulling:1]]
[2024.01.18-17.23.23:949][  0]LogConfig: Setting CVar [[r.Mobile.AllowDistanceFieldShadows:1]]
[2024.01.18-17.23.23:949][  0]LogConfig: Setting CVar [[r.Mobile.AllowMovableDirectionalLights:1]]
[2024.01.18-17.23.23:949][  0]LogConfig: Setting CVar [[r.MobileNumDynamicPointLights:4]]
[2024.01.18-17.23.23:949][  0]LogConfig: Setting CVar [[r.MobileDynamicPointLightsUseStaticBranch:1]]
[2024.01.18-17.23.23:949][  0]LogConfig: Setting CVar [[r.Mobile.EnableMovableSpotlights:0]]
[2024.01.18-17.23.23:949][  0]LogConfig: Setting CVar [[r.Mobile.EnableMovableSpotlightsShadow:0]]
[2024.01.18-17.23.23:949][  0]LogConfig: Setting CVar [[r.GPUSkin.Support16BitBoneIndex:0]]
[2024.01.18-17.23.23:949][  0]LogConfig: Setting CVar [[r.GPUSkin.Limit2BoneInfluences:0]]
[2024.01.18-17.23.23:949][  0]LogConfig: Setting CVar [[r.SupportDepthOnlyIndexBuffers:1]]
[2024.01.18-17.23.23:949][  0]LogConfig: Setting CVar [[r.SupportReversedIndexBuffers:1]]
[2024.01.18-17.23.23:949][  0]LogConfig: Setting CVar [[r.LightPropagationVolume:0]]
[2024.01.18-17.23.23:949][  0]LogConfig: Setting CVar [[r.Mobile.AmbientOcclusion:0]]
[2024.01.18-17.23.23:949][  0]LogConfig: Setting CVar [[r.GPUSkin.UnlimitedBoneInfluences:0]]
[2024.01.18-17.23.23:949][  0]LogConfig: Setting CVar [[r.GPUSkin.UnlimitedBoneInfluencesThreshold:8]]
[2024.01.18-17.23.23:949][  0]LogConfig: Setting CVar [[r.Mobile.PlanarReflectionMode:0]]
[2024.01.18-17.23.23:949][  0]LogConfig: Setting CVar [[r.Mobile.SupportsGen4TAA:0]]
[2024.01.18-17.23.23:949][  0]LogConfig: Applying CVar settings from Section [/Script/Engine.RendererOverrideSettings] File [C:/Users/enthu/OneDrive/Документы/GitHub/DormCourseWork/DormPlatformer/Saved/Config/Windows/Engine.ini]
[2024.01.18-17.23.23:949][  0]LogConfig: Applying CVar settings from Section [/Script/Engine.StreamingSettings] File [C:/Users/enthu/OneDrive/Документы/GitHub/DormCourseWork/DormPlatformer/Saved/Config/Windows/Engine.ini]
[2024.01.18-17.23.23:949][  0]LogConfig: Setting CVar [[s.MinBulkDataSizeForAsyncLoading:131072]]
[2024.01.18-17.23.23:949][  0]LogConfig: Setting CVar [[s.AsyncLoadingThreadEnabled:0]]
[2024.01.18-17.23.23:949][  0]LogConfig: Setting CVar [[s.EventDrivenLoaderEnabled:1]]
[2024.01.18-17.23.23:949][  0]LogConfig: Setting CVar [[s.WarnIfTimeLimitExceeded:0]]
[2024.01.18-17.23.23:949][  0]LogConfig: Setting CVar [[s.TimeLimitExceededMultiplier:1.5]]
[2024.01.18-17.23.23:949][  0]LogConfig: Setting CVar [[s.TimeLimitExceededMinTime:0.005]]
[2024.01.18-17.23.23:949][  0]LogConfig: Setting CVar [[s.UseBackgroundLevelStreaming:1]]
[2024.01.18-17.23.23:949][  0]LogConfig: Setting CVar [[s.PriorityAsyncLoadingExtraTime:15.0]]
[2024.01.18-17.23.23:949][  0]LogConfig: Setting CVar [[s.LevelStreamingActorsUpdateTimeLimit:5.0]]
[2024.01.18-17.23.23:949][  0]LogConfig: Setting CVar [[s.PriorityLevelStreamingActorsUpdateExtraTime:5.0]]
[2024.01.18-17.23.23:949][  0]LogConfig: Setting CVar [[s.LevelStreamingComponentsRegistrationGranularity:10]]
[2024.01.18-17.23.23:949][  0]LogConfig: Setting CVar [[s.UnregisterComponentsTimeLimit:1.0]]
[2024.01.18-17.23.23:949][  0]LogConfig: Setting CVar [[s.LevelStreamingComponentsUnregistrationGranularity:5]]
[2024.01.18-17.23.23:949][  0]LogConfig: Setting CVar [[s.FlushStreamingOnExit:1]]
[2024.01.18-17.23.23:949][  0]LogConfig: Applying CVar settings from Section [/Script/Engine.GarbageCollectionSettings] File [C:/Users/enthu/OneDrive/Документы/GitHub/DormCourseWork/DormPlatformer/Saved/Config/Windows/Engine.ini]
[2024.01.18-17.23.23:949][  0]LogConfig: Setting CVar [[gc.MaxObjectsNotConsideredByGC:1]]
[2024.01.18-17.23.23:949][  0]LogConfig: Setting CVar [[gc.SizeOfPermanentObjectPool:0]]
[2024.01.18-17.23.23:949][  0]LogConfig: Setting CVar [[gc.FlushStreamingOnGC:0]]
[2024.01.18-17.23.23:950][  0]LogConfig: Setting CVar [[gc.NumRetriesBeforeForcingGC:10]]
[2024.01.18-17.23.23:950][  0]LogConfig: Setting CVar [[gc.AllowParallelGC:1]]
[2024.01.18-17.23.23:950][  0]LogConfig: Setting CVar [[gc.TimeBetweenPurgingPendingKillObjects:61.1]]
[2024.01.18-17.23.23:950][  0]LogConfig: Setting CVar [[gc.MaxObjectsInEditor:25165824]]
[2024.01.18-17.23.23:950][  0]LogConfig: Setting CVar [[gc.IncrementalBeginDestroyEnabled:1]]
[2024.01.18-17.23.23:950][  0]LogConfig: Setting CVar [[gc.CreateGCClusters:1]]
[2024.01.18-17.23.23:950][  0]LogConfig: Setting CVar [[gc.MinGCClusterSize:5]]
[2024.01.18-17.23.23:950][  0]LogConfig: Setting CVar [[gc.ActorClusteringEnabled:0]]
[2024.01.18-17.23.23:950][  0]LogConfig: Setting CVar [[gc.BlueprintClusteringEnabled:0]]
[2024.01.18-17.23.23:950][  0]LogConfig: Setting CVar [[gc.UseDisregardForGCOnDedicatedServers:0]]
[2024.01.18-17.23.23:950][  0]LogConfig: Setting CVar [[gc.MultithreadedDestructionEnabled:1]]
[2024.01.18-17.23.23:950][  0]LogConfig: Applying CVar settings from Section [/Script/Engine.NetworkSettings] File [C:/Users/enthu/OneDrive/Документы/GitHub/DormCourseWork/DormPlatformer/Saved/Config/Windows/Engine.ini]
[2024.01.18-17.23.23:950][  0]LogConfig: Applying CVar settings from Section [/Script/UnrealEd.CookerSettings] File [C:/Users/enthu/OneDrive/Документы/GitHub/DormCourseWork/DormPlatformer/Saved/Config/Windows/Engine.ini]
[2024.01.18-17.23.23:960][  0]LogConfig: Applying CVar settings from Section [ViewDistanceQuality@3] File [C:/Users/enthu/OneDrive/Документы/GitHub/DormCourseWork/DormPlatformer/Saved/Config/Windows/Scalability.ini]
[2024.01.18-17.23.23:960][  0]LogConfig: Setting CVar [[r.SkeletalMeshLODBias:0]]
[2024.01.18-17.23.23:960][  0]LogConfig: Setting CVar [[r.ViewDistanceScale:1.0]]
[2024.01.18-17.23.23:960][  0]LogConfig: Applying CVar settings from Section [AntiAliasingQuality@3] File [C:/Users/enthu/OneDrive/Документы/GitHub/DormCourseWork/DormPlatformer/Saved/Config/Windows/Scalability.ini]
[2024.01.18-17.23.23:960][  0]LogConfig: Setting CVar [[r.PostProcessAAQuality:4]]
[2024.01.18-17.23.23:960][  0]LogConfig: Applying CVar settings from Section [ShadowQuality@3] File [C:/Users/enthu/OneDrive/Документы/GitHub/DormCourseWork/DormPlatformer/Saved/Config/Windows/Scalability.ini]
[2024.01.18-17.23.23:960][  0]LogConfig: Setting CVar [[r.LightFunctionQuality:1]]
[2024.01.18-17.23.23:961][  0]LogConfig: Setting CVar [[r.ShadowQuality:5]]
[2024.01.18-17.23.23:961][  0]LogConfig: Setting CVar [[r.Shadow.CSM.MaxCascades:10]]
[2024.01.18-17.23.23:961][  0]LogConfig: Setting CVar [[r.Shadow.MaxResolution:2048]]
[2024.01.18-17.23.23:961][  0]LogConfig: Setting CVar [[r.Shadow.MaxCSMResolution:2048]]
[2024.01.18-17.23.23:961][  0]LogConfig: Setting CVar [[r.Shadow.RadiusThreshold:0.01]]
[2024.01.18-17.23.23:961][  0]LogConfig: Setting CVar [[r.Shadow.DistanceScale:1.0]]
[2024.01.18-17.23.23:961][  0]LogConfig: Setting CVar [[r.Shadow.CSM.TransitionScale:1.0]]
[2024.01.18-17.23.23:961][  0]LogConfig: Setting CVar [[r.Shadow.PreShadowResolutionFactor:1.0]]
[2024.01.18-17.23.23:961][  0]LogConfig: Setting CVar [[r.DistanceFieldShadowing:1]]
[2024.01.18-17.23.23:961][  0]LogConfig: Setting CVar [[r.DistanceFieldAO:1]]
[2024.01.18-17.23.23:961][  0]LogConfig: Setting CVar [[r.AOQuality:2]]
[2024.01.18-17.23.23:961][  0]LogConfig: Setting CVar [[r.VolumetricFog:1]]
[2024.01.18-17.23.23:961][  0]LogConfig: Setting CVar [[r.VolumetricFog.GridPixelSize:8]]
[2024.01.18-17.23.23:961][  0]LogConfig: Setting CVar [[r.VolumetricFog.GridSizeZ:128]]
[2024.01.18-17.23.23:961][  0]LogConfig: Setting CVar [[r.VolumetricFog.HistoryMissSupersampleCount:4]]
[2024.01.18-17.23.23:961][  0]LogConfig: Setting CVar [[r.LightMaxDrawDistanceScale:1]]
[2024.01.18-17.23.23:961][  0]LogConfig: Setting CVar [[r.CapsuleShadows:1]]
[2024.01.18-17.23.23:961][  0]LogConfig: Applying CVar settings from Section [PostProcessQuality@3] File [C:/Users/enthu/OneDrive/Документы/GitHub/DormCourseWork/DormPlatformer/Saved/Config/Windows/Scalability.ini]
[2024.01.18-17.23.23:961][  0]LogConfig: Setting CVar [[r.MotionBlurQuality:4]]
[2024.01.18-17.23.23:961][  0]LogConfig: Setting CVar [[r.AmbientOcclusionMipLevelFactor:0.4]]
[2024.01.18-17.23.23:961][  0]LogConfig: Setting CVar [[r.AmbientOcclusionMaxQuality:100]]
[2024.01.18-17.23.23:961][  0]LogConfig: Setting CVar [[r.AmbientOcclusionLevels:-1]]
[2024.01.18-17.23.23:961][  0]LogConfig: Setting CVar [[r.AmbientOcclusionRadiusScale:1.0]]
[2024.01.18-17.23.23:961][  0]LogConfig: Setting CVar [[r.DepthOfFieldQuality:2]]
[2024.01.18-17.23.23:961][  0]LogConfig: Setting CVar [[r.RenderTargetPoolMin:400]]
[2024.01.18-17.23.23:961][  0]LogConfig: Setting CVar [[r.LensFlareQuality:2]]
[2024.01.18-17.23.23:961][  0]LogConfig: Setting CVar [[r.SceneColorFringeQuality:1]]
[2024.01.18-17.23.23:961][  0]LogConfig: Setting CVar [[r.EyeAdaptationQuality:2]]
[2024.01.18-17.23.23:961][  0]LogConfig: Setting CVar [[r.BloomQuality:5]]
[2024.01.18-17.23.23:961][  0]LogConfig: Setting CVar [[r.FastBlurThreshold:100]]
[2024.01.18-17.23.23:961][  0]LogConfig: Setting CVar [[r.Upscale.Quality:3]]
[2024.01.18-17.23.23:961][  0]LogConfig: Setting CVar [[r.Tonemapper.GrainQuantization:1]]
[2024.01.18-17.23.23:962][  0]LogConfig: Setting CVar [[r.LightShaftQuality:1]]
[2024.01.18-17.23.23:962][  0]LogConfig: Setting CVar [[r.Filter.SizeScale:1]]
[2024.01.18-17.23.23:962][  0]LogConfig: Setting CVar [[r.Tonemapper.Quality:5]]
[2024.01.18-17.23.23:962][  0]LogConfig: Setting CVar [[r.DOF.Gather.AccumulatorQuality:1        ; higher gathering accumulator quality]]
[2024.01.18-17.23.23:962][  0]LogConfig: Setting CVar [[r.DOF.Gather.PostfilterMethod:1          ; Median3x3 postfilering method]]
[2024.01.18-17.23.23:962][  0]LogConfig: Setting CVar [[r.DOF.Gather.EnableBokehSettings:0       ; no bokeh simulation when gathering]]
[2024.01.18-17.23.23:962][  0]LogConfig: Setting CVar [[r.DOF.Gather.RingCount:4                 ; medium number of samples when gathering]]
[2024.01.18-17.23.23:962][  0]LogConfig: Setting CVar [[r.DOF.Scatter.ForegroundCompositing:1    ; additive foreground scattering]]
[2024.01.18-17.23.23:962][  0]LogConfig: Setting CVar [[r.DOF.Scatter.BackgroundCompositing:2    ; additive background scattering]]
[2024.01.18-17.23.23:962][  0]LogConfig: Setting CVar [[r.DOF.Scatter.EnableBokehSettings:1      ; bokeh simulation when scattering]]
[2024.01.18-17.23.23:962][  0]LogConfig: Setting CVar [[r.DOF.Scatter.MaxSpriteRatio:0.1         ; only a maximum of 10% of scattered bokeh]]
[2024.01.18-17.23.23:962][  0]LogConfig: Setting CVar [[r.DOF.Recombine.Quality:1                ; cheap slight out of focus]]
[2024.01.18-17.23.23:962][  0]LogConfig: Setting CVar [[r.DOF.Recombine.EnableBokehSettings:0    ; no bokeh simulation on slight out of focus]]
[2024.01.18-17.23.23:962][  0]LogConfig: Setting CVar [[r.DOF.TemporalAAQuality:1                ; more stable temporal accumulation]]
[2024.01.18-17.23.23:962][  0]LogConfig: Setting CVar [[r.DOF.Kernel.MaxForegroundRadius:0.025]]
[2024.01.18-17.23.23:962][  0]LogConfig: Setting CVar [[r.DOF.Kernel.MaxBackgroundRadius:0.025]]
[2024.01.18-17.23.23:962][  0]LogConfig: Applying CVar settings from Section [TextureQuality@3] File [C:/Users/enthu/OneDrive/Документы/GitHub/DormCourseWork/DormPlatformer/Saved/Config/Windows/Scalability.ini]
[2024.01.18-17.23.23:962][  0]LogConfig: Setting CVar [[r.Streaming.MipBias:0]]
[2024.01.18-17.23.23:962][  0]LogConfig: Setting CVar [[r.Streaming.AmortizeCPUToGPUCopy:0]]
[2024.01.18-17.23.23:962][  0]LogConfig: Setting CVar [[r.Streaming.MaxNumTexturesToStreamPerFrame:0]]
[2024.01.18-17.23.23:962][  0]LogConfig: Setting CVar [[r.Streaming.Boost:1]]
[2024.01.18-17.23.23:962][  0]LogConfig: Setting CVar [[r.MaxAnisotropy:8]]
[2024.01.18-17.23.23:962][  0]LogConfig: Setting CVar [[r.VT.MaxAnisotropy:8]]
[2024.01.18-17.23.23:962][  0]LogConfig: Setting CVar [[r.Streaming.LimitPoolSizeToVRAM:0]]
[2024.01.18-17.23.23:962][  0]LogConfig: Setting CVar [[r.Streaming.PoolSize:1000]]
[2024.01.18-17.23.23:962][  0]LogConfig: Setting CVar [[r.Streaming.MaxEffectiveScreenSize:0]]
[2024.01.18-17.23.23:962][  0]LogConfig: Applying CVar settings from Section [EffectsQuality@3] File [C:/Users/enthu/OneDrive/Документы/GitHub/DormCourseWork/DormPlatformer/Saved/Config/Windows/Scalability.ini]
[2024.01.18-17.23.23:962][  0]LogConfig: Setting CVar [[r.TranslucencyLightingVolumeDim:64]]
[2024.01.18-17.23.23:962][  0]LogConfig: Setting CVar [[r.RefractionQuality:2]]
[2024.01.18-17.23.23:962][  0]LogConfig: Setting CVar [[r.SSR.Quality:3]]
[2024.01.18-17.23.23:962][  0]LogConfig: Setting CVar [[r.SSR.HalfResSceneColor:0]]
[2024.01.18-17.23.23:962][  0]LogConfig: Setting CVar [[r.SceneColorFormat:4]]
[2024.01.18-17.23.23:962][  0]LogConfig: Setting CVar [[r.DetailMode:2]]
[2024.01.18-17.23.23:962][  0]LogConfig: Setting CVar [[r.TranslucencyVolumeBlur:1]]
[2024.01.18-17.23.23:962][  0]LogConfig: Setting CVar [[r.MaterialQualityLevel:1 ; High quality]]
[2024.01.18-17.23.23:962][  0]LogConfig: Setting CVar [[r.AnisotropicMaterials:1]]
[2024.01.18-17.23.23:962][  0]LogConfig: Setting CVar [[r.SSS.Scale:1]]
[2024.01.18-17.23.23:962][  0]LogConfig: Setting CVar [[r.SSS.SampleSet:2]]
[2024.01.18-17.23.23:963][  0]LogConfig: Setting CVar [[r.SSS.Quality:1]]
[2024.01.18-17.23.23:963][  0]LogConfig: Setting CVar [[r.SSS.HalfRes:0]]
[2024.01.18-17.23.23:963][  0]LogConfig: Setting CVar [[r.SSGI.Quality:3]]
[2024.01.18-17.23.23:963][  0]LogConfig: Setting CVar [[r.EmitterSpawnRateScale:1.0]]
[2024.01.18-17.23.23:963][  0]LogConfig: Setting CVar [[r.ParticleLightQuality:2]]
[2024.01.18-17.23.23:963][  0]LogConfig: Setting CVar [[r.SkyAtmosphere.AerialPerspectiveLUT.FastApplyOnOpaque:1 ; Always have FastSkyLUT 1 in this case to avoid wrong sky]]
[2024.01.18-17.23.23:963][  0]LogConfig: Setting CVar [[r.SkyAtmosphere.AerialPerspectiveLUT.SampleCountMaxPerSlice:4]]
[2024.01.18-17.23.23:963][  0]LogConfig: Setting CVar [[r.SkyAtmosphere.AerialPerspectiveLUT.DepthResolution:16.0]]
[2024.01.18-17.23.23:963][  0]LogConfig: Setting CVar [[r.SkyAtmosphere.FastSkyLUT:1]]
[2024.01.18-17.23.23:963][  0]LogConfig: Setting CVar [[r.SkyAtmosphere.FastSkyLUT.SampleCountMin:4.0]]
[2024.01.18-17.23.23:963][  0]LogConfig: Setting CVar [[r.SkyAtmosphere.FastSkyLUT.SampleCountMax:128.0]]
[2024.01.18-17.23.23:963][  0]LogConfig: Setting CVar [[r.SkyAtmosphere.SampleCountMin:4.0]]
[2024.01.18-17.23.23:963][  0]LogConfig: Setting CVar [[r.SkyAtmosphere.SampleCountMax:128.0]]
[2024.01.18-17.23.23:963][  0]LogConfig: Setting CVar [[r.SkyAtmosphere.TransmittanceLUT.UseSmallFormat:0]]
[2024.01.18-17.23.23:963][  0]LogConfig: Setting CVar [[r.SkyAtmosphere.TransmittanceLUT.SampleCount:10.0]]
[2024.01.18-17.23.23:963][  0]LogConfig: Setting CVar [[r.SkyAtmosphere.MultiScatteringLUT.SampleCount:15.0]]
[2024.01.18-17.23.23:963][  0]LogConfig: Setting CVar [[r.SkyLight.RealTimeReflectionCapture:1]]
[2024.01.18-17.23.23:963][  0]LogConfig: Applying CVar settings from Section [FoliageQuality@3] File [C:/Users/enthu/OneDrive/Документы/GitHub/DormCourseWork/DormPlatformer/Saved/Config/Windows/Scalability.ini]
[2024.01.18-17.23.23:963][  0]LogConfig: Setting CVar [[foliage.DensityScale:1.0]]
[2024.01.18-17.23.23:963][  0]LogConfig: Setting CVar [[grass.DensityScale:1.0]]
[2024.01.18-17.23.23:963][  0]LogConfig: Applying CVar settings from Section [ShadingQuality@3] File [C:/Users/enthu/OneDrive/Документы/GitHub/DormCourseWork/DormPlatformer/Saved/Config/Windows/Scalability.ini]
[2024.01.18-17.23.23:963][  0]LogConfig: Setting CVar [[r.HairStrands.SkyLighting.IntegrationType:2]]
[2024.01.18-17.23.23:963][  0]LogConfig: Setting CVar [[r.HairStrands.SkyAO.SampleCount:4]]
[2024.01.18-17.23.23:963][  0]LogConfig: Setting CVar [[r.HairStrands.Visibility.MSAA.SamplePerPixel:4]]
[2024.01.18-17.23.23:964][  0]LogInit: Selected Device Profile: [Windows]
[2024.01.18-17.23.23:964][  0]LogInit: Applying CVar settings loaded from the selected device profile: [Windows]
[2024.01.18-17.23.23:964][  0]LogHAL: Display: Platform has ~ 8 GB [8379490304 / 8589934592 / 8], which maps to Default [LargestMinGB=32, LargerMinGB=12, DefaultMinGB=8, SmallerMinGB=6, SmallestMinGB=0)
[2024.01.18-17.23.23:964][  0]LogInit: Going up to parent DeviceProfile []
[2024.01.18-17.23.23:964][  0]LogConfig: Applying CVar settings from Section [ViewDistanceQuality@3] File [C:/Users/enthu/OneDrive/Документы/GitHub/DormCourseWork/DormPlatformer/Saved/Config/Windows/Scalability.ini]
[2024.01.18-17.23.23:964][  0]LogConfig: Setting CVar [[r.SkeletalMeshLODBias:0]]
[2024.01.18-17.23.23:964][  0]LogConfig: Setting CVar [[r.ViewDistanceScale:1.0]]
[2024.01.18-17.23.23:964][  0]LogConfig: Applying CVar settings from Section [AntiAliasingQuality@3] File [C:/Users/enthu/OneDrive/Документы/GitHub/DormCourseWork/DormPlatformer/Saved/Config/Windows/Scalability.ini]
[2024.01.18-17.23.23:964][  0]LogConfig: Setting CVar [[r.PostProcessAAQuality:4]]
[2024.01.18-17.23.23:964][  0]LogConfig: Applying CVar settings from Section [ShadowQuality@3] File [C:/Users/enthu/OneDrive/Документы/GitHub/DormCourseWork/DormPlatformer/Saved/Config/Windows/Scalability.ini]
[2024.01.18-17.23.23:964][  0]LogConfig: Setting CVar [[r.LightFunctionQuality:1]]
[2024.01.18-17.23.23:964][  0]LogConfig: Setting CVar [[r.ShadowQuality:5]]
[2024.01.18-17.23.23:964][  0]LogConfig: Setting CVar [[r.Shadow.CSM.MaxCascades:10]]
[2024.01.18-17.23.23:965][  0]LogConfig: Setting CVar [[r.Shadow.MaxResolution:2048]]
[2024.01.18-17.23.23:965][  0]LogConfig: Setting CVar [[r.Shadow.MaxCSMResolution:2048]]
[2024.01.18-17.23.23:965][  0]LogConfig: Setting CVar [[r.Shadow.RadiusThreshold:0.01]]
[2024.01.18-17.23.23:965][  0]LogConfig: Setting CVar [[r.Shadow.DistanceScale:1.0]]
[2024.01.18-17.23.23:965][  0]LogConfig: Setting CVar [[r.Shadow.CSM.TransitionScale:1.0]]
[2024.01.18-17.23.23:965][  0]LogConfig: Setting CVar [[r.Shadow.PreShadowResolutionFactor:1.0]]
[2024.01.18-17.23.23:965][  0]LogConfig: Setting CVar [[r.DistanceFieldShadowing:1]]
[2024.01.18-17.23.23:965][  0]LogConfig: Setting CVar [[r.DistanceFieldAO:1]]
[2024.01.18-17.23.23:965][  0]LogConfig: Setting CVar [[r.AOQuality:2]]
[2024.01.18-17.23.23:965][  0]LogConfig: Setting CVar [[r.VolumetricFog:1]]
[2024.01.18-17.23.23:965][  0]LogConfig: Setting CVar [[r.VolumetricFog.GridPixelSize:8]]
[2024.01.18-17.23.23:965][  0]LogConfig: Setting CVar [[r.VolumetricFog.GridSizeZ:128]]
[2024.01.18-17.23.23:965][  0]LogConfig: Setting CVar [[r.VolumetricFog.HistoryMissSupersampleCount:4]]
[2024.01.18-17.23.23:965][  0]LogConfig: Setting CVar [[r.LightMaxDrawDistanceScale:1]]
[2024.01.18-17.23.23:965][  0]LogConfig: Setting CVar [[r.CapsuleShadows:1]]
[2024.01.18-17.23.23:965][  0]LogConfig: Applying CVar settings from Section [PostProcessQuality@3] File [C:/Users/enthu/OneDrive/Документы/GitHub/DormCourseWork/DormPlatformer/Saved/Config/Windows/Scalability.ini]
[2024.01.18-17.23.23:965][  0]LogConfig: Setting CVar [[r.MotionBlurQuality:4]]
[2024.01.18-17.23.23:965][  0]LogConfig: Setting CVar [[r.AmbientOcclusionMipLevelFactor:0.4]]
[2024.01.18-17.23.23:965][  0]LogConfig: Setting CVar [[r.AmbientOcclusionMaxQuality:100]]
[2024.01.18-17.23.23:965][  0]LogConfig: Setting CVar [[r.AmbientOcclusionLevels:-1]]
[2024.01.18-17.23.23:965][  0]LogConfig: Setting CVar [[r.AmbientOcclusionRadiusScale:1.0]]
[2024.01.18-17.23.23:965][  0]LogConfig: Setting CVar [[r.DepthOfFieldQuality:2]]
[2024.01.18-17.23.23:965][  0]LogConfig: Setting CVar [[r.RenderTargetPoolMin:400]]
[2024.01.18-17.23.23:965][  0]LogConfig: Setting CVar [[r.LensFlareQuality:2]]
[2024.01.18-17.23.23:965][  0]LogConfig: Setting CVar [[r.SceneColorFringeQuality:1]]
[2024.01.18-17.23.23:965][  0]LogConfig: Setting CVar [[r.EyeAdaptationQuality:2]]
[2024.01.18-17.23.23:965][  0]LogConfig: Setting CVar [[r.BloomQuality:5]]
[2024.01.18-17.23.23:965][  0]LogConfig: Setting CVar [[r.FastBlurThreshold:100]]
[2024.01.18-17.23.23:965][  0]LogConfig: Setting CVar [[r.Upscale.Quality:3]]
[2024.01.18-17.23.23:965][  0]LogConfig: Setting CVar [[r.Tonemapper.GrainQuantization:1]]
[2024.01.18-17.23.23:965][  0]LogConfig: Setting CVar [[r.LightShaftQuality:1]]
[2024.01.18-17.23.23:965][  0]LogConfig: Setting CVar [[r.Filter.SizeScale:1]]
[2024.01.18-17.23.23:965][  0]LogConfig: Setting CVar [[r.Tonemapper.Quality:5]]
[2024.01.18-17.23.23:965][  0]LogConfig: Setting CVar [[r.DOF.Gather.AccumulatorQuality:1        ; higher gathering accumulator quality]]
[2024.01.18-17.23.23:965][  0]LogConfig: Setting CVar [[r.DOF.Gather.PostfilterMethod:1          ; Median3x3 postfilering method]]
[2024.01.18-17.23.23:965][  0]LogConfig: Setting CVar [[r.DOF.Gather.EnableBokehSettings:0       ; no bokeh simulation when gathering]]
[2024.01.18-17.23.23:965][  0]LogConfig: Setting CVar [[r.DOF.Gather.RingCount:4                 ; medium number of samples when gathering]]
[2024.01.18-17.23.23:965][  0]LogConfig: Setting CVar [[r.DOF.Scatter.ForegroundCompositing:1    ; additive foreground scattering]]
[2024.01.18-17.23.23:965][  0]LogConfig: Setting CVar [[r.DOF.Scatter.BackgroundCompositing:2    ; additive background scattering]]
[2024.01.18-17.23.23:965][  0]LogConfig: Setting CVar [[r.DOF.Scatter.EnableBokehSettings:1      ; bokeh simulation when scattering]]
[2024.01.18-17.23.23:966][  0]LogConfig: Setting CVar [[r.DOF.Scatter.MaxSpriteRatio:0.1         ; only a maximum of 10% of scattered bokeh]]
[2024.01.18-17.23.23:966][  0]LogConfig: Setting CVar [[r.DOF.Recombine.Quality:1                ; cheap slight out of focus]]
[2024.01.18-17.23.23:966][  0]LogConfig: Setting CVar [[r.DOF.Recombine.EnableBokehSettings:0    ; no bokeh simulation on slight out of focus]]
[2024.01.18-17.23.23:966][  0]LogConfig: Setting CVar [[r.DOF.TemporalAAQuality:1                ; more stable temporal accumulation]]
[2024.01.18-17.23.23:966][  0]LogConfig: Setting CVar [[r.DOF.Kernel.MaxForegroundRadius:0.025]]
[2024.01.18-17.23.23:966][  0]LogConfig: Setting CVar [[r.DOF.Kernel.MaxBackgroundRadius:0.025]]
[2024.01.18-17.23.23:966][  0]LogConfig: Applying CVar settings from Section [TextureQuality@3] File [C:/Users/enthu/OneDrive/Документы/GitHub/DormCourseWork/DormPlatformer/Saved/Config/Windows/Scalability.ini]
[2024.01.18-17.23.23:966][  0]LogConfig: Setting CVar [[r.Streaming.MipBias:0]]
[2024.01.18-17.23.23:966][  0]LogConfig: Setting CVar [[r.Streaming.AmortizeCPUToGPUCopy:0]]
[2024.01.18-17.23.23:966][  0]LogConfig: Setting CVar [[r.Streaming.MaxNumTexturesToStreamPerFrame:0]]
[2024.01.18-17.23.23:966][  0]LogConfig: Setting CVar [[r.Streaming.Boost:1]]
[2024.01.18-17.23.23:966][  0]LogConfig: Setting CVar [[r.MaxAnisotropy:8]]
[2024.01.18-17.23.23:966][  0]LogConfig: Setting CVar [[r.VT.MaxAnisotropy:8]]
[2024.01.18-17.23.23:966][  0]LogConfig: Setting CVar [[r.Streaming.LimitPoolSizeToVRAM:0]]
[2024.01.18-17.23.23:966][  0]LogConfig: Setting CVar [[r.Streaming.PoolSize:1000]]
[2024.01.18-17.23.23:966][  0]LogConfig: Setting CVar [[r.Streaming.MaxEffectiveScreenSize:0]]
[2024.01.18-17.23.23:966][  0]LogConfig: Applying CVar settings from Section [EffectsQuality@3] File [C:/Users/enthu/OneDrive/Документы/GitHub/DormCourseWork/DormPlatformer/Saved/Config/Windows/Scalability.ini]
[2024.01.18-17.23.23:966][  0]LogConfig: Setting CVar [[r.TranslucencyLightingVolumeDim:64]]
[2024.01.18-17.23.23:966][  0]LogConfig: Setting CVar [[r.RefractionQuality:2]]
[2024.01.18-17.23.23:966][  0]LogConfig: Setting CVar [[r.SSR.Quality:3]]
[2024.01.18-17.23.23:966][  0]LogConfig: Setting CVar [[r.SSR.HalfResSceneColor:0]]
[2024.01.18-17.23.23:966][  0]LogConfig: Setting CVar [[r.SceneColorFormat:4]]
[2024.01.18-17.23.23:966][  0]LogConfig: Setting CVar [[r.DetailMode:2]]
[2024.01.18-17.23.23:966][  0]LogConfig: Setting CVar [[r.TranslucencyVolumeBlur:1]]
[2024.01.18-17.23.23:966][  0]LogConfig: Setting CVar [[r.MaterialQualityLevel:1 ; High quality]]
[2024.01.18-17.23.23:966][  0]LogConfig: Setting CVar [[r.AnisotropicMaterials:1]]
[2024.01.18-17.23.23:966][  0]LogConfig: Setting CVar [[r.SSS.Scale:1]]
[2024.01.18-17.23.23:966][  0]LogConfig: Setting CVar [[r.SSS.SampleSet:2]]
[2024.01.18-17.23.23:966][  0]LogConfig: Setting CVar [[r.SSS.Quality:1]]
[2024.01.18-17.23.23:966][  0]LogConfig: Setting CVar [[r.SSS.HalfRes:0]]
[2024.01.18-17.23.23:966][  0]LogConfig: Setting CVar [[r.SSGI.Quality:3]]
[2024.01.18-17.23.23:966][  0]LogConfig: Setting CVar [[r.EmitterSpawnRateScale:1.0]]
[2024.01.18-17.23.23:966][  0]LogConfig: Setting CVar [[r.ParticleLightQuality:2]]
[2024.01.18-17.23.23:966][  0]LogConfig: Setting CVar [[r.SkyAtmosphere.AerialPerspectiveLUT.FastApplyOnOpaque:1 ; Always have FastSkyLUT 1 in this case to avoid wrong sky]]
[2024.01.18-17.23.23:966][  0]LogConfig: Setting CVar [[r.SkyAtmosphere.AerialPerspectiveLUT.SampleCountMaxPerSlice:4]]
[2024.01.18-17.23.23:966][  0]LogConfig: Setting CVar [[r.SkyAtmosphere.AerialPerspectiveLUT.DepthResolution:16.0]]
[2024.01.18-17.23.23:966][  0]LogConfig: Setting CVar [[r.SkyAtmosphere.FastSkyLUT:1]]
[2024.01.18-17.23.23:966][  0]LogConfig: Setting CVar [[r.SkyAtmosphere.FastSkyLUT.SampleCountMin:4.0]]
[2024.01.18-17.23.23:966][  0]LogConfig: Setting CVar [[r.SkyAtmosphere.FastSkyLUT.SampleCountMax:128.0]]
[2024.01.18-17.23.23:966][  0]LogConfig: Setting CVar [[r.SkyAtmosphere.SampleCountMin:4.0]]
[2024.01.18-17.23.23:967][  0]LogConfig: Setting CVar [[r.SkyAtmosphere.SampleCountMax:128.0]]
[2024.01.18-17.23.23:967][  0]LogConfig: Setting CVar [[r.SkyAtmosphere.TransmittanceLUT.UseSmallFormat:0]]
[2024.01.18-17.23.23:967][  0]LogConfig: Setting CVar [[r.SkyAtmosphere.TransmittanceLUT.SampleCount:10.0]]
[2024.01.18-17.23.23:967][  0]LogConfig: Setting CVar [[r.SkyAtmosphere.MultiScatteringLUT.SampleCount:15.0]]
[2024.01.18-17.23.23:967][  0]LogConfig: Setting CVar [[r.SkyLight.RealTimeReflectionCapture:1]]
[2024.01.18-17.23.23:967][  0]LogConfig: Applying CVar settings from Section [FoliageQuality@3] File [C:/Users/enthu/OneDrive/Документы/GitHub/DormCourseWork/DormPlatformer/Saved/Config/Windows/Scalability.ini]
[2024.01.18-17.23.23:967][  0]LogConfig: Setting CVar [[foliage.DensityScale:1.0]]
[2024.01.18-17.23.23:967][  0]LogConfig: Setting CVar [[grass.DensityScale:1.0]]
[2024.01.18-17.23.23:967][  0]LogConfig: Applying CVar settings from Section [ShadingQuality@3] File [C:/Users/enthu/OneDrive/Документы/GitHub/DormCourseWork/DormPlatformer/Saved/Config/Windows/Scalability.ini]
[2024.01.18-17.23.23:967][  0]LogConfig: Setting CVar [[r.HairStrands.SkyLighting.IntegrationType:2]]
[2024.01.18-17.23.23:967][  0]LogConfig: Setting CVar [[r.HairStrands.SkyAO.SampleCount:4]]
[2024.01.18-17.23.23:967][  0]LogConfig: Setting CVar [[r.HairStrands.Visibility.MSAA.SamplePerPixel:4]]
[2024.01.18-17.23.23:967][  0]LogConfig: Applying CVar settings from Section [Startup] File [../../../Engine/Config/ConsoleVariables.ini]
[2024.01.18-17.23.23:968][  0]LogConfig: Setting CVar [[net.UseAdaptiveNetUpdateFrequency:0]]
[2024.01.18-17.23.23:968][  0]LogConfig: Setting CVar [[p.chaos.AllowCreatePhysxBodies:1]]
[2024.01.18-17.23.23:968][  0]LogConfig: Setting CVar [[fx.SkipVectorVMBackendOptimizations:1]]
[2024.01.18-17.23.23:968][  0]LogConfig: Applying CVar settings from Section [ConsoleVariables] File [C:/Users/enthu/OneDrive/Документы/GitHub/DormCourseWork/DormPlatformer/Saved/Config/Windows/Engine.ini]
[2024.01.18-17.23.23:968][  0]LogConfig: Applying CVar settings from Section [ConsoleVariables] File [C:/Users/enthu/OneDrive/Документы/GitHub/DormCourseWork/DormPlatformer/Saved/Config/Windows/Editor.ini]
[2024.01.18-17.23.23:968][  0]LogInit: Computer: UN1CORN
[2024.01.18-17.23.23:968][  0]LogInit: User: enthu
[2024.01.18-17.23.23:968][  0]LogInit: CPU Page size=4096, Cores=4
[2024.01.18-17.23.23:968][  0]LogInit: High frequency timer resolution =10.000000 MHz
[2024.01.18-17.23.23:968][  0]LogMemory: Memory total: Physical=7.8GB (8GB approx)
[2024.01.18-17.23.23:968][  0]LogMemory: Platform Memory Stats for Windows
[2024.01.18-17.23.23:968][  0]LogMemory: Process Physical Memory: 144.00 MB used, 144.00 MB peak
[2024.01.18-17.23.23:968][  0]LogMemory: Process Virtual Memory: 120.51 MB used, 120.51 MB peak
[2024.01.18-17.23.23:968][  0]LogMemory: Physical Memory: 7524.95 MB used,  466.35 MB free, 7991.30 MB total
[2024.01.18-17.23.23:968][  0]LogMemory: Virtual Memory: 134213720.00 MB used,  4008.18 MB free, 134217728.00 MB total
[2024.01.18-17.23.24:035][  0]LogWindows: WindowsPlatformFeatures enabled
[2024.01.18-17.23.24:145][  0]LogInit: Physics initialised using underlying interface: PhysX
[2024.01.18-17.23.24:145][  0]LogInit: Using OS detected language (ru-RU).
[2024.01.18-17.23.24:145][  0]LogInit: Using OS detected locale (ru-KZ).
[2024.01.18-17.23.24:153][  0]LogTextLocalizationManager: No specific localization for 'ru-RU' exists, so the 'ru' localization will be used.
[2024.01.18-17.23.24:155][  0]LogTextLocalizationResource: LocRes '../../../Engine/Content/Localization/Editor/ru/Editor.locres' could not be opened for reading!
[2024.01.18-17.23.24:155][  0]LogTextLocalizationResource: LocRes '../../../Engine/Content/Localization/EditorTutorials/ru/EditorTutorials.locres' could not be opened for reading!
[2024.01.18-17.23.24:155][  0]LogTextLocalizationResource: LocRes '../../../Engine/Content/Localization/Keywords/ru/Keywords.locres' could not be opened for reading!
[2024.01.18-17.23.24:155][  0]LogTextLocalizationResource: LocRes '../../../Engine/Content/Localization/Category/ru/Category.locres' could not be opened for reading!
[2024.01.18-17.23.24:155][  0]LogTextLocalizationResource: LocRes '../../../Engine/Content/Localization/ToolTips/ru/ToolTips.locres' could not be opened for reading!
[2024.01.18-17.23.24:155][  0]LogTextLocalizationResource: LocRes '../../../Engine/Content/Localization/PropertyNames/ru/PropertyNames.locres' could not be opened for reading!
[2024.01.18-17.23.24:155][  0]LogTextLocalizationResource: LocRes '../../../Engine/Content/Localization/Engine/ru/Engine.locres' could not be opened for reading!
[2024.01.18-17.23.24:178][  0]LogWindowsTextInputMethodSystem: Display: IME system deactivated.
[2024.01.18-17.23.24:210][  0]LogSlate: New Slate User Created.  User Index 0, Is Virtual User: 0
[2024.01.18-17.23.24:210][  0]LogSlate: Slate User Registered.  User Index 0, Is Virtual User: 0
[2024.01.18-17.23.24:248][  0]LogD3D11RHI: Loaded GFSDK_Aftermath_Lib.x64.dll
[2024.01.18-17.23.24:259][  0]LogHMD: Failed to initialize OpenVR with code 110
[2024.01.18-17.23.24:260][  0]LogD3D11RHI: D3D11 min allowed feature level: 11_0
[2024.01.18-17.23.24:260][  0]LogD3D11RHI: D3D11 max allowed feature level: 11_0
[2024.01.18-17.23.24:260][  0]LogD3D11RHI: D3D11 adapters:
[2024.01.18-17.23.24:429][  0]LogD3D11RHI:    0. 'Intel(R) Iris(R) Xe Graphics' (Feature Level 11_0)
[2024.01.18-17.23.24:429][  0]LogD3D11RHI:       128/0/3995 MB DedicatedVideo/DedicatedSystem/SharedSystem, Outputs:1, VendorId:0x8086
[2024.01.18-17.23.24:435][  0]LogD3D11RHI:    1. 'Microsoft Basic Render Driver' (Feature Level 11_0)
[2024.01.18-17.23.24:435][  0]LogD3D11RHI:       0/0/3995 MB DedicatedVideo/DedicatedSystem/SharedSystem, Outputs:0, VendorId:0x1414
[2024.01.18-17.23.24:574][  0]LogD3D11RHI:    2. 'Intel(R) Iris(R) Xe Graphics' (Feature Level 11_0)
[2024.01.18-17.23.24:574][  0]LogD3D11RHI:       128/0/3995 MB DedicatedVideo/DedicatedSystem/SharedSystem, Outputs:0, VendorId:0x8086
[2024.01.18-17.23.24:574][  0]LogD3D11RHI: Chosen D3D11 Adapter:
[2024.01.18-17.23.24:574][  0]LogD3D11RHI:     Description : Intel(R) Iris(R) Xe Graphics
[2024.01.18-17.23.24:574][  0]LogD3D11RHI:     VendorId    : 8086
[2024.01.18-17.23.24:574][  0]LogD3D11RHI:     DeviceId    : 9a49
[2024.01.18-17.23.24:574][  0]LogD3D11RHI:     SubSysId    : 127d152d
[2024.01.18-17.23.24:574][  0]LogD3D11RHI:     Revision    : 0001
[2024.01.18-17.23.24:574][  0]LogD3D11RHI:     DedicatedVideoMemory : 134217728 bytes
[2024.01.18-17.23.24:574][  0]LogD3D11RHI:     DedicatedSystemMemory : 0 bytes
[2024.01.18-17.23.24:574][  0]LogD3D11RHI:     SharedSystemMemory : 4189745152 bytes
[2024.01.18-17.23.24:574][  0]LogD3D11RHI:     AdapterLuid : 0 51695
[2024.01.18-17.23.24:585][  0]LogD3D11RHI: Creating new Direct3DDevice
[2024.01.18-17.23.24:585][  0]LogD3D11RHI:     GPU DeviceId: 0x9a49 (for the marketing name, search the web for "GPU Device Id")
[2024.01.18-17.23.24:585][  0]LogWindows: EnumDisplayDevices:
[2024.01.18-17.23.24:585][  0]LogWindows:    0. 'Intel(R) Iris(R) Xe Graphics' (P:1 D:1)
[2024.01.18-17.23.24:586][  0]LogWindows:    1. 'Intel(R) Iris(R) Xe Graphics' (P:0 D:0)
[2024.01.18-17.23.24:586][  0]LogWindows:    2. 'Intel(R) Iris(R) Xe Graphics' (P:0 D:0)
[2024.01.18-17.23.24:586][  0]LogWindows:    3. 'Intel(R) Iris(R) Xe Graphics' (P:0 D:0)
[2024.01.18-17.23.24:586][  0]LogWindows:    4. 'Virtual Display Device' (P:0 D:0)
[2024.01.18-17.23.24:587][  0]LogWindows: DebugString: GetVideoDriverDetailsInvalid PrimaryIsNotTheChoosenAdapter FoundDriverCount:4 
[2024.01.18-17.23.24:587][  0]LogD3D11RHI:     Adapter Name: Intel(R) Iris(R) Xe Graphics
[2024.01.18-17.23.24:587][  0]LogD3D11RHI:   Driver Version: 31.0.101.4953 (internal:31.0.101.4953, unified:31.0.101.4953)
[2024.01.18-17.23.24:587][  0]LogD3D11RHI:      Driver Date: 11-7-2023
[2024.01.18-17.23.24:587][  0]LogRHI: Texture pool is 1488 MB (70% of 2125 MB)
[2024.01.18-17.23.24:617][  0]LogD3D11RHI: Creating D3DDevice using adapter:
[2024.01.18-17.23.24:617][  0]LogD3D11RHI:     Description : Intel(R) Iris(R) Xe Graphics
[2024.01.18-17.23.24:617][  0]LogD3D11RHI:     VendorId    : 8086
[2024.01.18-17.23.24:617][  0]LogD3D11RHI:     DeviceId    : 9a49
[2024.01.18-17.23.24:617][  0]LogD3D11RHI:     SubSysId    : 127d152d
[2024.01.18-17.23.24:617][  0]LogD3D11RHI:     Revision    : 0001
[2024.01.18-17.23.24:617][  0]LogD3D11RHI:     DedicatedVideoMemory : 134217728 bytes
[2024.01.18-17.23.24:617][  0]LogD3D11RHI:     DedicatedSystemMemory : 0 bytes
[2024.01.18-17.23.24:617][  0]LogD3D11RHI:     SharedSystemMemory : 4189745152 bytes
[2024.01.18-17.23.24:617][  0]LogD3D11RHI:     AdapterLuid : 0 51695
[2024.01.18-17.23.24:731][  0]LogD3D11RHI: RHI does not have support for 64 bit atomics
[2024.01.18-17.23.24:765][  0]LogD3D11RHI: Intel Extensions support version Full=16777216, Major=1, Minor=0, Revision=0
[2024.01.18-17.23.24:765][  0]LogD3D11RHI: Intel Extensions support version Full=16777217, Major=1, Minor=0, Revision=1
[2024.01.18-17.23.24:765][  0]LogD3D11RHI: Intel Extensions Framework enabled
[2024.01.18-17.23.24:767][  0]LogD3D11RHI: [IntelMetricsDiscovery] Started
[2024.01.18-17.23.24:767][  0]LogD3D11RHI: Async texture creation enabled
[2024.01.18-17.23.24:767][  0]LogD3D11RHI: Array index from any shader is supported
[2024.01.18-17.23.24:801][  0]LogD3D11RHI: GPU Timing Frequency: 19.200000 (Debug: 2 0)
[2024.01.18-17.23.26:599][  0]LogTargetPlatformManager: Display: Loaded TargetPlatform 'WindowsNoEditor'
[2024.01.18-17.23.26:610][  0]LogTargetPlatformManager: Display: Loaded TargetPlatform 'Windows'
[2024.01.18-17.23.26:619][  0]LogTargetPlatformManager: Display: Loaded TargetPlatform 'WindowsClient'
[2024.01.18-17.23.26:630][  0]LogTargetPlatformManager: Display: Loaded TargetPlatform 'WindowsServer'
[2024.01.18-17.23.26:630][  0]LogTargetPlatformManager: Display: Building Assets For Windows
[2024.01.18-17.23.26:651][  0]LogAudioDebug: Display: Lib vorbis DLL was dynamically loaded.
[2024.01.18-17.23.26:736][  0]LogTextureFormatOodle: Display: Oodle Texture 2.9.0 init RDO Off
[2024.01.18-17.23.26:869][  0]LogRendererCore: Ray tracing is disabled. Reason: r.RayTracing=0.
[2024.01.18-17.23.26:871][  0]LogShaderCompilers: Guid format shader working directory is -25 characters bigger than the processId version (C:/Users/enthu/OneDrive/Документы/GitHub/DormCourseWork/DormPlatformer/Intermediate/Shaders/WorkingDirectory/12808/).
[2024.01.18-17.23.26:871][  0]LogShaderCompilers: Cleaned the shader compiler working directory 'C:/Users/enthu/AppData/Local/Temp/UnrealShaderWorkingDir/E5EA2C6948AF0005E7C96CAFC574835D/'.
[2024.01.18-17.23.26:873][  0]LogShaderCompilers: Display: Using XGE Controller for Shader Compilation.
[2024.01.18-17.23.28:635][  0]LogDerivedDataCache: Display: Max Cache Size: 512 MB
[2024.01.18-17.23.28:964][  0]LogDerivedDataCache: Loaded boot cache 0.33s 94MB C:/Users/enthu/AppData/Local/UnrealEngine/4.27/DerivedDataCache/Boot.ddc.
[2024.01.18-17.23.28:964][  0]LogDerivedDataCache: Display: Loaded Boot cache: C:/Users/enthu/AppData/Local/UnrealEngine/4.27/DerivedDataCache/Boot.ddc
[2024.01.18-17.23.28:964][  0]LogDerivedDataCache: FDerivedDataBackendGraph:  Pak pak cache file C:/Users/enthu/OneDrive/Документы/GitHub/DormCourseWork/DormPlatformer/DerivedDataCache/DDC.ddp not found, will not use a pak cache.
[2024.01.18-17.23.28:964][  0]LogDerivedDataCache: Unable to find inner node Pak for hierarchical cache Hierarchy.
[2024.01.18-17.23.28:964][  0]LogDerivedDataCache: FDerivedDataBackendGraph:  CompressedPak pak cache file C:/Users/enthu/OneDrive/Документы/GitHub/DormCourseWork/DormPlatformer/DerivedDataCache/Compressed.ddp not found, will not use a pak cache.
[2024.01.18-17.23.28:964][  0]LogDerivedDataCache: Unable to find inner node CompressedPak for hierarchical cache Hierarchy.
[2024.01.18-17.23.29:005][  0]LogDerivedDataCache: Display: Pak cache opened for reading ../../../Engine/DerivedDataCache/Compressed.ddp.
[2024.01.18-17.23.29:006][  0]LogDerivedDataCache: FDerivedDataBackendGraph:  EnterprisePak pak cache file ../../../Enterprise/DerivedDataCache/Compressed.ddp not found, will not use a pak cache.
[2024.01.18-17.23.29:006][  0]LogDerivedDataCache: Unable to find inner node EnterprisePak for hierarchical cache Hierarchy.
[2024.01.18-17.23.29:022][  0]LogDerivedDataCache: Speed tests for C:/Users/enthu/AppData/Local/UnrealEngine/Common/DerivedDataCache took 0.02 seconds
[2024.01.18-17.23.29:022][  0]LogDerivedDataCache: Display: Performance to C:/Users/enthu/AppData/Local/UnrealEngine/Common/DerivedDataCache: Latency=0.04ms. RandomReadSpeed=139.81MBs, RandomWriteSpeed=102.95MBs. Assigned SpeedClass 'Local'
[2024.01.18-17.23.29:023][  0]LogDerivedDataCache: Using Local data cache path C:/Users/enthu/AppData/Local/UnrealEngine/Common/DerivedDataCache: Writable
[2024.01.18-17.23.29:023][  0]LogDerivedDataCache: Shared data cache path not found in *engine.ini, will not use an Shared cache.
[2024.01.18-17.23.29:023][  0]LogDerivedDataCache: Unable to find inner node Shared for hierarchical cache Hierarchy.
[2024.01.18-17.23.29:104][  0]LogSlate: Using FreeType 2.10.0
[2024.01.18-17.23.29:106][  0]LogSlate: SlateFontServices - WITH_FREETYPE: 1, WITH_HARFBUZZ: 1
[2024.01.18-17.23.29:262][  0]LogInit: Using OS detected language (ru-RU).
[2024.01.18-17.23.29:262][  0]LogInit: Using OS detected locale (ru-KZ).
[2024.01.18-17.23.29:262][  0]LogTextLocalizationManager: No localization for 'ru-RU' exists, so 'en' will be used for the language.
[2024.01.18-17.23.29:262][  0]LogTextLocalizationManager: No localization for 'ru-KZ' exists, so 'en' will be used for the locale.
[2024.01.18-17.23.29:263][  0]LogSlate: FontCache flush requested. Reason: Culture for localization was changed
[2024.01.18-17.23.29:263][  0]LogSlate: FontCache flush requested. Reason: Culture for localization was changed
[2024.01.18-17.23.29:270][  0]LogAssetRegistry: FAssetRegistry took 0.0042 seconds to start up
[2024.01.18-17.23.29:683][  0]LogTextLocalizationManager: Compacting localization data took   0.01ms
[2024.01.18-17.23.29:683][  0]LogPackageLocalizationCache: Processed 29 localized package path(s) for 1 prioritized culture(s) in 0.002132 seconds
[2024.01.18-17.23.29:816][  0]LogInit: Selected Device Profile: [Windows]
[2024.01.18-17.23.29:816][  0]LogInit: Active device profile: [000002923884AD00][0000029236A33240 49] Windows
[2024.01.18-17.23.29:816][  0]LogInit: Profiles: [000002923884AD00][0000029236A33240 49] Windows, [00000292387DE800][0000029236A3B3C0 49] WindowsNoEditor, [0000029238849100][000002922C1C3540 49] WindowsServer, [00000292387DE900][000002922C1C76C0 49] WindowsClient, [000002923884A800][000002922C1CB840 49] IOS, [0000029238849200][0000029236A37980 49] iPadAir, [00000292387D2100][000002922C1CFAC0 49] iPadAir2, [0000029238790D00][000002922C1D6180 49] IPadPro, [0000029238790E00][000002922C1D21C0 49] iPadAir3, [00000292387D0600][000002922C1DE340 49] iPadAir4, [0000029238790200][000002922C1E24C0 49] iPadMini2, [00000292387D3800][000002922C1E6640 49] iPadMini3, [0000029238792E00][000002922C1EA7C0 49] iPadMini4, [00000292387D3600][000002922C1EE940 49] iPadMini5, [00000292387DFD00][000002922C1F6C00 49] iPhone6, [00000292387DFC00][000002922C1F2C40 49] iPodTouch6, [0000029238790900][000002922B77AF00 49] iPhone7, [0000029238793600][000002922B776F40 49] iPodTouch7, [00000292387DD600][000002922B77F0C0 49] iPhone5S, [0000029238791600][000002922B783240 49] iPhone6Plus, [00000292387DF400][000002922B7873C0 49] iPhone6S, [0000029238791400][000002922B78B540 49] iPhone6SPlus, [00000292387DE300][000002922B78F6C0 49] iPhone7Plus, [0000029238792100][000002922B793840 49] iPhoneSE, [00000292387DCC00][000002922B7979C0 49] iPhone8, [0000029238790B00][000002922C1DBB00 49] iPhone8Plus, [00000292387DCA00][000002922B79A0C0 49] iPhoneX, [0000029238792800][000002922B79E200 49] iPhoneXS, [00000292387DC200][000002922B7A2340 49] iPhoneXSMax, [0000029238790500][000002922B7AA4C0 49] iPhoneXR, [00000292387DF500][000002922B7AE640 49] iPhone11, [0000029238793100][000002922B7B27C0 49] iPhone11Pro, [00000292387DFB00][000002922B7B6940 49] iPhone11ProMax, [0000029238793D00][000002922B7BAAC0 49] iPhoneSE2, [00000292387DF800][000002922B7BEC40 49] iPhone12Mini, [0000029238790700][0000029238A50DC0 49] iPhone12, [00000292387DCD00][0000029238A54F40 49] iPhone12Pro, [0000029238792900][0000029238A590C0 49] iPhone12ProMax, [00000292387DF000][0000029238A5D240 49] iPadPro105, [0000029238792500][0000029238A613C0 49] iPadPro129, [00000292387DFF00][0000029238A65540 49] iPadPro97, [0000029238792300][0000029238A696C0 49] iPadPro2_129, [00000292387DDF00][0000029238A6D840 49] iPad5, [0000029238790800][0000029238A719C0 49] iPad6, [00000292387DD900][0000029238A75B40 49] iPad7, [0000029238793F00][0000029238A78140 49] iPad8, [00000292387DDB00][000002922B7A6280 49] iPadPro11, [0000029238792F00][0000029238A7C3C0 49] iPadPro2_11, [00000292387DD800][0000029238A80500 49] iPadPro3_129, [0000029238793200][0000029238A88680 49] iPadPro4_129, [00000292387DC500][0000029238A8C800 49] AppleTV, [0000029238791300][0000029238A90980 49] AppleTV4K, [00000292387DDC00][0000029238A94B00 49] TVOS, [0000029238792C00][0000029238A98C80 49] Mac, [00000292387DD000][0000029238A9CE00 49] MacClient, [0000029238791200][0000029238AA0F80 49] MacNoEditor, [00000292387DF900][0000029238AA5100 49] MacServer, [0000029238791900][0000029238AA9280 49] Linux, [00000292387DE000][0000029238AAD400 49] LinuxAArch64, [0000029238792200][0000029238AB1580 49] LinuxNoEditor, [00000292387DEE00][0000029238AB5700 49] LinuxAArch64NoEditor, [0000029238793400][0000029238AB9880 49] LinuxClient, [00000292387DDD00][0000029238ABDA00 49] LinuxAArch64Client, [0000029238791D00][0000029238AC1B80 49] LinuxServer, [00000292387DD400][0000029238AC4180 49] LinuxAArch64Server, [0000029238791100][0000029238AC8300 49] Android, [00000292387D0300][0000029238A84440 49] Android_Low, [0000029238849E00][0000029238ACC580 49] Android_Mid, [00000292387D3A00][0000029238AD06C0 49] Android_High, [000002923884A500][0000029238AD8840 49] Android_Default, [00000292387D3900][0000029238ADC9C0 49] Android_Adreno4xx, [0000029238848700][0000029238AE0B40 49] Android_Adreno5xx_Low, [00000292387D3200][0000029238AE4CC0 49] Android_Adreno5xx, [0000029238849300][0000029238AE8E40 49] Android_Adreno6xx, [00000292387D1000][0000029238AECFC0 49] Android_Adreno6xx_Vulkan, [0000029238848100][0000029238AF1140 49] Android_Mali_T6xx, [00000292387D2E00][0000029238AF52C0 49] Android_Mali_T7xx, [0000029238848500][0000029238AF9440 49] Android_Mali_T8xx, [00000292387D3B00][0000029238AFD5C0 49] Android_Mali_G71, [000002923884B000][0000029238B01740 49] Android_Mali_G72, [00000292387D3500][0000029238B058C0 49] Android_Mali_G72_Vulkan, [0000029238848600][0000029238B09A40 49] Android_Mali_G76, [00000292387D0C00][0000029238B0DBC0 49] Android_Mali_G76_Vulkan, [000002923884AA00][0000029238B101C0 49] Android_Mali_G77, [00000292387D2A00][0000029238B14340 49] Android_Mali_G77_Vulkan, [0000029238848C00][0000029238B184C0 49] Android_Mali_G78, [00000292387D0800][0000029238AD4600 49] Android_Mali_G78_Vulkan, [0000029238849800][0000029238B1C740 49] Android_Mali_G710, [00000292387D0F00][0000029238B20880 49] Android_Mali_G710_Vulkan, [0000029238849900][0000029238B249C0 49] Android_Vulkan_SM5, [00000292387D2500][0000029238B2CB40 49] Android_PowerVR_G6xxx, [0000029238849D00][0000029238B30CC0 49] Android_PowerVR_GT7xxx, [00000292387D2700][0000029238B34E40 49] Android_PowerVR_GE8xxx, [000002923884A900][0000029238B38FC0 49] Android_PowerVR_GM9xxx, [0000029238791A00][0000029238B3D140 49] Android_PowerVR_GM9xxx_Vulkan, [0000029238849A00][0000029238B412C0 49] Android_TegraK1, [0000029238791500][0000029238B45440 49] Android_Unknown_Vulkan, [0000029238849700][0000029238B495C0 49] Lumin, [0000029238791E00][0000029238B4D740 49] Lumin_Desktop, [0000029238848900][0000029238B518C0 49] HoloLens, 
[2024.01.18-17.23.29:975][  0]LogMeshReduction: Using QuadricMeshReduction for automatic static mesh reduction
[2024.01.18-17.23.29:975][  0]LogMeshReduction: Using SimplygonMeshReduction for automatic skeletal mesh reduction
[2024.01.18-17.23.29:975][  0]LogMeshReduction: Using ProxyLODMeshReduction for automatic mesh merging
[2024.01.18-17.23.29:975][  0]LogMeshReduction: No distributed automatic mesh merging module available
[2024.01.18-17.23.29:975][  0]LogMeshMerging: No distributed automatic mesh merging module available
[2024.01.18-17.23.30:220][  0]LogNetVersion: DormPlatformer 1.0.0, NetCL: 17155196, EngineNetVer: 17, GameNetVer: 0 (Checksum: 3887111578)
[2024.01.18-17.23.30:806][  0]LogTexture: Default maximum texture size for cubemaps generated from long-lat sources has been changed from 512 to unlimited. In order to preserve old behaiour for '/Engine/MapTemplates/Sky/DaylightAmbientCubemap.DaylightAmbientCubemap', its maximum texture size has been explicitly set to 512.
[2024.01.18-17.23.31:071][  0]LogHMD: PokeAHoleMaterial loaded successfully
[2024.01.18-17.23.31:394][  0]LogMoviePlayer: Initializing movie player
[2024.01.18-17.23.31:670][  0]LogNiagaraDebuggerClient: Niagara Debugger Client Initialized | Session: 8F1D67294472A6C7A776EF9072B21D24 | Instance: 26537B0E43D3064302D4498CEB86F92F (UN1CORN-12808).
[2024.01.18-17.23.31:753][  0]LogCollectionManager: Loaded 0 collections in 0.001615 seconds
[2024.01.18-17.23.31:757][  0]LogFileCache: Scanning file cache for directory 'C:/Users/enthu/OneDrive/Документы/GitHub/DormCourseWork/DormPlatformer/Saved/Collections/' took 0.00s
[2024.01.18-17.23.31:757][  0]LogFileCache: Scanning file cache for directory 'C:/Users/enthu/OneDrive/Документы/GitHub/DormCourseWork/DormPlatformer/Content/Developers/enthu/Collections/' took 0.00s
[2024.01.18-17.23.31:757][  0]LogFileCache: Scanning file cache for directory 'C:/Users/enthu/OneDrive/Документы/GitHub/DormCourseWork/DormPlatformer/Content/Collections/' took 0.00s
[2024.01.18-17.23.31:757][  0]LogCollectionManager: Fixed up redirectors for 0 collections in 0.000003 seconds (updated 0 objects)
[2024.01.18-17.23.32:063][  0]LogTcpMessaging: Initializing TcpMessaging bridge
[2024.01.18-17.23.32:076][  0]LogUdpMessaging: Warning: Invalid UDP Messaging Static Endpoint ''
[2024.01.18-17.23.32:076][  0]LogUdpMessaging: Initializing bridge on interface 192.168.0.13:51000 to multicast group 230.0.0.1:6666.
[2024.01.18-17.23.32:077][  0]FUdpSocketBuilder: Failed to bind UdpMessageUnicastSocket to 192.168.0.13:51000
[2024.01.18-17.23.32:077][  0]FUdpSocketBuilder: Failed to configure multicast for UdpMessageUnicastSocket (loopback: 1, ttl: 1)
[2024.01.18-17.23.32:077][  0]FUdpSocketBuilder: Failed to create and initialize socket UdpMessageUnicastSocket (last error: 0)
[2024.01.18-17.23.32:077][  0]LogUdpMessaging: Error: StartTransport failed to create unicast socket on 192.168.0.13:51000
[2024.01.18-17.23.32:197][  0]LogPython: Using Python 3.7.7
[2024.01.18-17.23.33:531][  0]SourceControl: Source control is disabled
[2024.01.18-17.23.33:531][  0]SourceControl: Source control is disabled
[2024.01.18-17.23.33:554][  0]SourceControl: Source control is disabled
[2024.01.18-17.23.33:562][  0]LogUProjectInfo: Found projects:
[2024.01.18-17.23.33:662][  0]LogAndroidPermission: UAndroidPermissionCallbackProxy::GetInstance
[2024.01.18-17.23.33:717][  0]LogAudioCaptureCore: Display: No Audio Capture implementations found. Audio input will be silent.
[2024.01.18-17.23.33:718][  0]LogAudioCaptureCore: Display: No Audio Capture implementations found. Audio input will be silent.
[2024.01.18-17.23.33:959][  0]LogOpenImageDenoise: OIDN starting up
[2024.01.18-17.23.34:129][  0]LogOcInput: OculusInput pre-init called
[2024.01.18-17.23.34:150][  0]LogUObjectArray: 22355 objects as part of root set at end of initial load.
[2024.01.18-17.23.34:150][  0]LogUObjectAllocator: 6046448 out of 0 bytes used by permanent object pool.
[2024.01.18-17.23.34:150][  0]LogUObjectArray: CloseDisregardForGC: 0/0 objects in disregard for GC pool
[2024.01.18-17.23.34:344][  0]LogClass: Display: EnumProperty FMultiUserClientConfig::ValidationMode is not initialized properly. Module:MultiUserClientLibrary File:Public/MultiUserClientStatics.h
[2024.01.18-17.23.34:345][  0]LogClass: Display: StructProperty FMultiUserClientInfo::AvatarColor is not initialized properly. Module:MultiUserClientLibrary File:Public/MultiUserClientStatics.h
[2024.01.18-17.23.34:345][  0]LogClass: Display: 2 Uninitialized script struct members found including 0 object properties
[2024.01.18-17.23.34:350][  0]LogEngine: Initializing Engine...
[2024.01.18-17.23.34:368][  0]LogHMD: Failed to enumerate extensions. Please check that you have a valid OpenXR runtime installed.
[2024.01.18-17.23.34:368][  0]LogHMD: Failed to initialize OpenVR with code 110
[2024.01.18-17.23.34:369][  0]LogMagicLeap: Warning: VR disabled because ZI is not enabled.  To enable, in the editor, Edit -> Project Settings -> Plugins -> Magic Leap Plugin -> Enable Zero Iteration
[2024.01.18-17.23.34:373][  0]LogStats: UGameplayTagsManager::InitializeManager -  0.000 s
[2024.01.18-17.23.35:064][  0]LogInit: Initializing FReadOnlyCVARCache
[2024.01.18-17.23.35:064][  0]LogAudio: Display: Initializing Audio Device Manager...
[2024.01.18-17.23.35:075][  0]LogAudio: Display: Loading Default Audio Settings Objects...
[2024.01.18-17.23.35:076][  0]LogAudio: Display: No default SoundConcurrencyObject specified (or failed to load).
[2024.01.18-17.23.35:078][  0]LogAudio: Display: Audio Device Manager Initialized
[2024.01.18-17.23.35:078][  0]LogAudio: Display: Creating Audio Device:                 Id: 1, Scope: Shared, Realtime: True
[2024.01.18-17.23.35:079][  0]LogAudioMixer: Display: Audio Mixer Platform Settings:
[2024.01.18-17.23.35:079][  0]LogAudioMixer: Display: 	Sample Rate:						  48000
[2024.01.18-17.23.35:079][  0]LogAudioMixer: Display: 	Callback Buffer Frame Size Requested: 1024
[2024.01.18-17.23.35:079][  0]LogAudioMixer: Display: 	Callback Buffer Frame Size To Use:	  1024
[2024.01.18-17.23.35:079][  0]LogAudioMixer: Display: 	Number of buffers to queue:			  2
[2024.01.18-17.23.35:079][  0]LogAudioMixer: Display: 	Max Channels (voices):				  32
[2024.01.18-17.23.35:079][  0]LogAudioMixer: Display: 	Number of Async Source Workers:		  0
[2024.01.18-17.23.35:079][  0]LogAudio: Display: AudioDevice MaxSources: 32
[2024.01.18-17.23.35:082][  0]LogAudio: Display: Audio Spatialization Plugin: None (built-in).
[2024.01.18-17.23.35:082][  0]LogAudio: Display: Audio Reverb Plugin: None (built-in).
[2024.01.18-17.23.35:082][  0]LogAudio: Display: Audio Occlusion Plugin: None (built-in).
[2024.01.18-17.23.35:082][  0]LogAudioMixer: Display: Initializing audio mixer.
[2024.01.18-17.23.35:327][  0]LogAudioMixer: Display: 0: FrontLeft
[2024.01.18-17.23.35:327][  0]LogAudioMixer: Display: 1: FrontRight
[2024.01.18-17.23.35:557][  0]LogAudioMixer: Display: Using Audio Device Speakers (Технология Intel® Smart Sound для аудио I2S)
[2024.01.18-17.23.35:573][  0]LogAudioMixer: Display: Initializing Sound Submixes...
[2024.01.18-17.23.35:582][  0]LogAudioMixer: Display: Creating Master Submix 'MasterSubmixDefault'
[2024.01.18-17.23.35:582][  0]LogAudioMixer: Display: Creating Master Submix 'MasterReverbSubmixDefault'
[2024.01.18-17.23.35:586][  0]LogAudioMixer: Display: Creating Master Submix 'MasterEQSubmixDefault'
[2024.01.18-17.23.35:587][  0]LogAudioMixer: FMixerPlatformXAudio2::StartAudioStream() called
[2024.01.18-17.23.35:587][  0]LogAudioMixer: Display: Output buffers initialized: Frames=1024, Channels=2, Samples=2048
[2024.01.18-17.23.35:591][  0]LogAudioMixer: Display: Starting AudioMixerPlatformInterface::RunInternal()
[2024.01.18-17.23.35:591][  0]LogAudioMixer: Display: FMixerPlatformXAudio2::SubmitBuffer() called for the first time
[2024.01.18-17.23.35:591][  0]LogInit: FAudioDevice initialized.
[2024.01.18-17.23.35:596][  0]LogNetVersion: Set ProjectVersion to 1.0.0.0. Version Checksum will be recalculated on next use.
[2024.01.18-17.23.35:605][  0]LogInit: Texture streaming: Enabled
[2024.01.18-17.23.35:813][  0]LogAudio: Display: Audio Device (ID: 1) registered with world 'Untitled'.
[2024.01.18-17.23.35:814][  0]LogSlate: Updating window title bar state: overlay mode, drag disabled, window buttons hidden, title bar hidden
[2024.01.18-17.23.35:818][  0]LogInit: Display: Game Engine Initialized.
[2024.01.18-17.23.35:819][  0]LogNiagaraEditor: GEditor isn't valid! Particle reset commands will not work for Niagara components!
[2024.01.18-17.23.36:118][  0]LogInit: Display: Starting Game.
[2024.01.18-17.23.36:120][  0]LogNet: Browse: /Game/Menu/Menu?Name=Player
[2024.01.18-17.23.36:121][  0]LogLoad: LoadMap: /Game/Menu/Menu?Name=Player
[2024.01.18-17.23.36:121][  0]LogWorld: BeginTearingDown for /Temp/Untitled_0
[2024.01.18-17.23.36:131][  0]LogWorld: UWorld::CleanupWorld for Untitled, bSessionEnded=true, bCleanupResources=true
[2024.01.18-17.23.36:131][  0]LogSlate: InvalidateAllWidgets triggered.  All widgets were invalidated
[2024.01.18-17.23.36:141][  0]LogAudio: Display: Audio Device unregistered from world 'None'.
[2024.01.18-17.23.36:149][  0]LogUObjectHash: Compacting FUObjectHashTables data took   3.25ms
[2024.01.18-17.23.36:250][  0]LogAudio: Display: Audio Device (ID: 1) registered with world 'Menu'.
[2024.01.18-17.23.36:276][  0]LogAIModule: Creating AISystem for world Menu
[2024.01.18-17.23.36:478][  0]LogLoad: Game class is '2DSideScrollerGameMode_C'
[2024.01.18-17.23.36:482][  0]LogWorld: Bringing World /Game/Menu/Menu.Menu up for play (max tick rate 60) at 2024.01.18-23.23.36
[2024.01.18-17.23.36:484][  0]LogWorld: Bringing up level for play took: 0.003152
[2024.01.18-17.23.36:487][  0]LogGameMode: FindPlayerStart: PATHS NOT DEFINED or NO PLAYERSTART with positive rating
[2024.01.18-17.23.36:516][  0]LogViewport: Display: Viewport MouseLockMode Changed, LockOnCapture -> DoNotLock
[2024.01.18-17.23.36:516][  0]LogViewport: Display: Viewport MouseCaptureMode Changed, CapturePermanently_IncludingInitialMouseDown -> NoCapture
[2024.01.18-17.23.36:534][  0]LogLoad: Took 0.413279 seconds to LoadMap(/Game/Menu/Menu)
[2024.01.18-17.23.36:673][  0]LogSlate: Took 0.001040 seconds to synchronously load lazily loaded font '../../../Engine/Content/Slate/Fonts/Roboto-Regular.ttf' (155K)
[2024.01.18-17.23.36:725][  0]LogRenderer: Reallocating scene render targets to support 1368x768 Format 10 NumSamples 1 (Frame:1).
[2024.01.18-17.23.36:726][  0]LogInit: Display: Engine is initialized. Leaving FEngineLoop::Init()
[2024.01.18-17.23.36:726][  0]LogLoad: (Engine Initialization) Total time: 15.38 seconds
[2024.01.18-17.23.36:726][  0]LogLoad: (Engine Initialization) Total Blueprint compile time: 0.00 seconds
[2024.01.18-17.23.36:885][  0]LogContentStreaming: Texture pool size now 1000 MB
[2024.01.18-17.23.36:897][  0]LogSlate: InvalidateAllWidgets triggered.  All widgets were invalidated
[2024.01.18-17.23.37:002][  1]LogSlate: Took 0.000204 seconds to synchronously load lazily loaded font '../../../Engine/Content/Slate/Fonts/Roboto-Regular.ttf' (155K)
[2024.01.18-17.24.24:946][817]LogRenderer: Reallocating scene render targets to support 1920x1080 Format 10 NumSamples 1 (Frame:2818).
[2024.01.18-17.24.34:398][359]LogViewport: Display: Viewport MouseLockMode Changed, DoNotLock -> LockOnCapture
[2024.01.18-17.24.34:398][359]LogViewport: Display: Viewport MouseCaptureMode Changed, NoCapture -> CapturePermanently
[2024.01.18-17.24.34:399][359]LogNet: Browse: /Game/MainBP/MainMap
[2024.01.18-17.24.34:399][359]LogLoad: LoadMap: /Game/MainBP/MainMap
[2024.01.18-17.24.34:399][359]LogWorld: BeginTearingDown for /Game/Menu/Menu
[2024.01.18-17.24.34:402][359]LogWorld: UWorld::CleanupWorld for Menu, bSessionEnded=true, bCleanupResources=true
[2024.01.18-17.24.34:402][359]LogSlate: InvalidateAllWidgets triggered.  All widgets were invalidated
[2024.01.18-17.24.34:438][359]LogAudio: Display: Audio Device unregistered from world 'None'.
[2024.01.18-17.24.34:452][359]LogUObjectHash: Compacting FUObjectHashTables data took   1.26ms
[2024.01.18-17.24.35:270][359]LogAudioDerivedData: Display: Building compressed audio format OGG hash OGG10000-1-1-1-1-1 wave Pokemon_Black_and_White_OST_-_Driftveil_City_62511436...
[2024.01.18-17.24.35:298][359]LogAudioDerivedData: Display: Compression Quality for SoundWave /Game/MainBP/MainHero/Pokemon_Black_and_White_OST_-_Driftveil_City_62511436.Pokemon_Black_and_White_OST_-_Driftveil_City_62511436 will be modified from 40 to 40.
[2024.01.18-17.24.38:073][359]LogAudioDerivedData: Display: Updated SoundWave->RawPCMDataSize from 0 to 16049664 while cooking SoundWave /Game/MainBP/MainHero/Pokemon_Black_and_White_OST_-_Driftveil_City_62511436.Pokemon_Black_and_White_OST_-_Driftveil_City_62511436.
[2024.01.18-17.24.38:146][359]LogAudioDerivedData: Display: Building compressed audio format OGG hash OGG10000-1-1-1-1-1 wave Zé-da-Timba-e-Zé-Latinha-All-the-mountains-are-high-_256-kbps_...
[2024.01.18-17.24.38:199][359]LogAudioDerivedData: Display: Compression Quality for SoundWave /Game/MainBP/MainHero/badEnd/Zé-da-Timba-e-Zé-Latinha-All-the-mountains-are-high-_256-kbps_.Zé-da-Timba-e-Zé-Latinha-All-the-mountains-are-high-_256-kbps_ will be modified from 40 to 40.
[2024.01.18-17.24.42:445][359]LogAudioDerivedData: Display: Updated SoundWave->RawPCMDataSize from 0 to 25860096 while cooking SoundWave /Game/MainBP/MainHero/badEnd/Zé-da-Timba-e-Zé-Latinha-All-the-mountains-are-high-_256-kbps_.Zé-da-Timba-e-Zé-Latinha-All-the-mountains-are-high-_256-kbps_.
[2024.01.18-17.24.42:465][359]LogAudio: Display: Audio Device (ID: 1) registered with world 'MainMap'.
[2024.01.18-17.24.42:468][359]LogAIModule: Creating AISystem for world MainMap
[2024.01.18-17.24.42:468][359]LogLoad: Game class is '2DSideScrollerGameMode_C'
[2024.01.18-17.24.42:498][359]LogWorld: Bringing World /Game/MainBP/MainMap.MainMap up for play (max tick rate 60) at 2024.01.18-23.24.42
[2024.01.18-17.24.42:499][359]LogWorld: Bringing up level for play took: 0.029003
[2024.01.18-17.24.42:526][359]LogLoad: Took 8.126428 seconds to LoadMap(/Game/MainBP/MainMap)
[2024.01.18-17.25.35:208][507]LogPlayerController: Error: InputMode:UIOnly - Attempting to focus Non-Focusable widget SObjectWidget [Widget.cpp(799)]!
[2024.01.18-17.25.35:208][507]LogViewport: Display: Viewport MouseLockMode Changed, LockOnCapture -> LockInFullscreen
[2024.01.18-17.25.35:209][507]LogViewport: Display: Viewport MouseCaptureMode Changed, CapturePermanently -> NoCapture
[2024.01.18-17.25.39:941][791]LogViewport: Display: Viewport MouseLockMode Changed, LockInFullscreen -> LockOnCapture
[2024.01.18-17.25.39:941][791]LogViewport: Display: Viewport MouseCaptureMode Changed, NoCapture -> CapturePermanently
[2024.01.18-17.25.41:159][864]LogPlayerController: Error: InputMode:UIOnly - Attempting to focus Non-Focusable widget SObjectWidget [Widget.cpp(799)]!
[2024.01.18-17.25.41:159][864]LogViewport: Display: Viewport MouseLockMode Changed, LockOnCapture -> LockInFullscreen
[2024.01.18-17.25.41:159][864]LogViewport: Display: Viewport MouseCaptureMode Changed, CapturePermanently -> NoCapture
[2024.01.18-17.25.42:593][950]LogNet: Browse: /Game/Menu/Menu
[2024.01.18-17.25.42:596][950]LogLoad: LoadMap: /Game/Menu/Menu
[2024.01.18-17.25.42:596][950]LogWorld: BeginTearingDown for /Game/MainBP/MainMap
[2024.01.18-17.25.42:602][950]LogWorld: UWorld::CleanupWorld for MainMap, bSessionEnded=true, bCleanupResources=true
[2024.01.18-17.25.42:614][950]LogSlate: InvalidateAllWidgets triggered.  All widgets were invalidated
[2024.01.18-17.25.42:651][950]LogAudio: Display: Waited 35.697899 ms for audio thread.
[2024.01.18-17.25.42:659][950]LogAudio: Display: Waited 43.864601 ms for audio thread.
[2024.01.18-17.25.42:697][950]LogAudio: Display: Audio Device unregistered from world 'None'.
[2024.01.18-17.25.42:736][950]LogUObjectHash: Compacting FUObjectHashTables data took   5.49ms
[2024.01.18-17.25.42:830][950]LogAudio: Display: Audio Device (ID: 1) registered with world 'Menu'.
[2024.01.18-17.25.42:834][950]LogAIModule: Creating AISystem for world Menu
[2024.01.18-17.25.42:989][950]LogLoad: Game class is '2DSideScrollerGameMode_C'
[2024.01.18-17.25.42:991][950]LogWorld: Bringing World /Game/Menu/Menu.Menu up for play (max tick rate 60) at 2024.01.18-23.25.42
[2024.01.18-17.25.42:991][950]LogWorld: Bringing up level for play took: 0.001007
[2024.01.18-17.25.42:992][950]LogGameMode: FindPlayerStart: PATHS NOT DEFINED or NO PLAYERSTART with positive rating
[2024.01.18-17.25.42:995][950]LogViewport: Display: Viewport MouseLockMode Changed, LockInFullscreen -> DoNotLock
[2024.01.18-17.25.43:436][950]LogRenderer: Reallocating scene render targets to support 1368x768 Format 10 NumSamples 1 (Frame:1).
[2024.01.18-17.25.43:436][950]LogLoad: Took 0.840727 seconds to LoadMap(/Game/Menu/Menu)
[2024.01.18-17.26.14:736][777]LogRenderer: Reallocating scene render targets to support 1536x864 Format 10 NumSamples 1 (Frame:1829).
[2024.01.18-17.26.26:054][372]LogRenderer: Reallocating scene render targets to support 1280x864 Format 10 NumSamples 1 (Frame:2426).
[2024.01.18-17.26.39:517][150]LogSlate: Window 'DormPlatformer (64-bit Development PCD3D_SM5) ' being destroyed
[2024.01.18-17.26.39:525][150]LogWindowsTextInputMethodSystem: Display: IME system deactivated.
[2024.01.18-17.26.39:538][150]LogSlate: Updating window title bar state: overlay mode, drag disabled, window buttons hidden, title bar hidden
[2024.01.18-17.26.39:538][150]LogEngine: All Windows Closed
[2024.01.18-17.26.39:538][150]LogWindows: FPlatformMisc::RequestExit(0)
[2024.01.18-17.26.39:538][150]LogWindows: FPlatformMisc::RequestExitWithStatus(0, 0)
[2024.01.18-17.26.39:538][150]LogCore: Engine exit requested (reason: Win RequestExit)
[2024.01.18-17.26.39:539][151]LogCore: Engine exit requested (reason: EngineExit() was called; note: exit was already requested)
[2024.01.18-17.26.39:541][151]LogInit: Display: PreExit Game.
[2024.01.18-17.26.39:545][151]LogWorld: BeginTearingDown for /Game/Menu/Menu
[2024.01.18-17.26.39:546][151]LogWorld: UWorld::CleanupWorld for Menu, bSessionEnded=true, bCleanupResources=true
[2024.01.18-17.26.39:547][151]LogSlate: InvalidateAllWidgets triggered.  All widgets were invalidated
[2024.01.18-17.26.40:502][151]LogAudio: Display: Beginning Audio Device Manager Shutdown (Module: AudioMixerXAudio2)...
[2024.01.18-17.26.40:502][151]LogAudio: Display: Destroying 1 Remaining Audio Device(s)...
[2024.01.18-17.26.40:503][151]LogAudio: Display: Audio Device unregistered from world 'Menu'.
[2024.01.18-17.26.40:550][151]LogAudioMixer: FMixerPlatformXAudio2::StopAudioStream() called
[2024.01.18-17.26.40:556][151]LogAudioMixer: FMixerPlatformXAudio2::StopAudioStream() called
[2024.01.18-17.26.40:588][151]LogAudio: Display: Audio Device Manager Shutdown
[2024.01.18-17.26.40:613][151]LogExit: Preparing to exit.
[2024.01.18-17.26.41:191][151]LogSlate: Updating window title bar state: overlay mode, drag disabled, window buttons hidden, title bar hidden
[2024.01.18-17.26.41:196][151]LogUObjectHash: Compacting FUObjectHashTables data took   2.98ms
[2024.01.18-17.26.41:423][151]LogMoviePlayer: Shutting down movie player
[2024.01.18-17.26.41:700][151]LogExit: Game engine shut down
[2024.01.18-17.26.41:709][151]LogDemo: Cleaned up 0 splitscreen connections with owner deletion
