Log file open, 01/19/24 01:45:40
LogWindows: Failed to load 'aqProf.dll' (GetLastError=126)
LogWindows: File 'aqProf.dll' does not exist
LogWindows: Failed to load 'VtuneApi.dll' (GetLastError=126)
LogWindows: File 'VtuneApi.dll' does not exist
LogWindows: Failed to load 'VtuneApi32e.dll' (GetLastError=126)
LogWindows: File 'VtuneApi32e.dll' does not exist
LogConsoleResponse: Display: Failed to find resolution value strings in scalability ini. Falling back to default.
LogConsoleResponse: Display: Failed to find resolution value strings in scalability ini. Falling back to default.
LogInit: Display: Running engine for game: DormPlatformer
LogPlatformFile: Not using cached read wrapper
LogTaskGraph: Started task graph with 5 named threads and 23 total threads with 3 sets of task threads.
LogStats: Stats thread started at 0.523852
LogICUInternationalization: ICU TimeZone Detection - Raw Offset: +6:00, Platform Override: ''
LogInit: Display: Loading text-based GConfig....
LogPluginManager: Mounting plugin MeshPainting
LogPluginManager: Mounting plugin XGEController
LogPluginManager: Mounting plugin EnvironmentQueryEditor
LogPluginManager: Mounting plugin Paper2D
LogPluginManager: Mounting plugin GameplayCameras
LogPluginManager: Mounting plugin AnimationSharing
LogPluginManager: Mounting plugin CameraShakePreviewer
LogPluginManager: Mounting plugin GitSourceControl
LogPluginManager: Mounting plugin AISupport
LogPluginManager: Mounting plugin KDevelopSourceCodeAccess
LogPluginManager: Mounting plugin NullSourceCodeAccess
LogPluginManager: Mounting plugin CLionSourceCodeAccess
LogPluginManager: Mounting plugin PerforceSourceControl
LogPluginManager: Mounting plugin CodeLiteSourceCodeAccess
LogPluginManager: Mounting plugin PixWinPlugin
LogPluginManager: Mounting plugin PluginUtils
LogPluginManager: Mounting plugin PlasticSourceControl
LogPluginManager: Mounting plugin PropertyAccessNode
LogPluginManager: Mounting plugin TextureFormatOodle
LogPluginManager: Mounting plugin SubversionSourceControl
LogPluginManager: Mounting plugin UObjectPlugin
LogPluginManager: Mounting plugin VisualStudioSourceCodeAccess
LogPluginManager: Mounting plugin VisualStudioCodeSourceCodeAccess
LogPluginManager: Mounting plugin AlembicImporter
LogPluginManager: Mounting plugin RiderSourceCodeAccess
LogPluginManager: Mounting plugin XCodeSourceCodeAccess
LogPluginManager: Mounting plugin BackChannel
LogPluginManager: Mounting plugin AutomationUtils
LogPluginManager: Mounting plugin ChaosCloth
LogPluginManager: Mounting plugin ChaosEditor
LogPluginManager: Mounting plugin ChaosNiagara
LogPluginManager: Mounting plugin CharacterAI
LogPluginManager: Mounting plugin ChaosClothEditor
LogPluginManager: Mounting plugin OodleData
LogPluginManager: Mounting plugin GeometryCache
LogPluginManager: Mounting plugin GeometryProcessing
LogPluginManager: Mounting plugin OodleNetwork
LogPluginManager: Mounting plugin GeometryCollectionPlugin
LogPluginManager: Mounting plugin ChaosSolverPlugin
LogPluginManager: Mounting plugin MotoSynth
LogPluginManager: Mounting plugin OpenImageDenoise
LogPluginManager: Mounting plugin PlanarCut
LogPluginManager: Mounting plugin PlatformCrypto
LogPluginManager: Mounting plugin ProxyLODPlugin
LogPluginManager: Mounting plugin PythonScriptPlugin
LogPluginManager: Mounting plugin SkeletalReduction
LogPluginManager: Mounting plugin LightPropagationVolume
LogPluginManager: Mounting plugin AndroidMedia
LogPluginManager: Mounting plugin AvfMedia
LogPluginManager: Mounting plugin Niagara
LogPluginManager: Mounting plugin ImgMedia
LogPluginManager: Mounting plugin MediaCompositing
LogPluginManager: Mounting plugin MediaPlayerEditor
LogPluginManager: Mounting plugin LiveLink
LogPluginManager: Mounting plugin WebMMedia
LogPluginManager: Mounting plugin MagicLeap
LogPluginManager: Mounting plugin MagicLeapMedia
LogPluginManager: Mounting plugin MagicLeapLightEstimation
LogPluginManager: Mounting plugin WmfMedia
LogPluginManager: Mounting plugin MLSDK
LogPluginManager: Mounting plugin OnlineSubsystem
LogPluginManager: Mounting plugin OnlineSubsystemNull
LogPluginManager: Mounting plugin OnlineSubsystemUtils
LogPluginManager: Mounting plugin LuminPlatformFeatures
LogPluginManager: Mounting plugin MagicLeapPassableWorld
LogPluginManager: Mounting plugin DatasmithContent
LogPluginManager: Mounting plugin VariantManagerContent
LogPluginManager: Mounting plugin TcpMessaging
LogPluginManager: Mounting plugin UdpMessaging
LogPluginManager: Mounting plugin LauncherChunkInstaller
LogPluginManager: Mounting plugin ActorSequence
LogPluginManager: Mounting plugin LevelSequenceEditor
LogPluginManager: Mounting plugin MatineeToLevelSequence
LogPluginManager: Mounting plugin TemplateSequence
LogPluginManager: Mounting plugin MultiUserTakes
LogPluginManager: Mounting plugin Takes
LogPluginManager: Mounting plugin ActorLayerUtilities
LogPluginManager: Mounting plugin AndroidDeviceProfileSelector
LogPluginManager: Mounting plugin AndroidMoviePlayer
LogPluginManager: Mounting plugin AndroidPermission
LogPluginManager: Mounting plugin AppleImageUtils
LogPluginManager: Mounting plugin ArchVisCharacter
LogPluginManager: Mounting plugin AssetTags
LogPluginManager: Mounting plugin AudioCapture
LogPluginManager: Mounting plugin AudioSynesthesia
LogPluginManager: Mounting plugin CableComponent
LogPluginManager: Mounting plugin ChunkDownloader
LogPluginManager: Mounting plugin CustomMeshComponent
LogPluginManager: Mounting plugin EditableMesh
LogPluginManager: Mounting plugin ExampleDeviceProfileSelector
LogPluginManager: Mounting plugin GoogleCloudMessaging
LogPluginManager: Mounting plugin GooglePAD
LogPluginManager: Mounting plugin AppleMoviePlayer
LogPluginManager: Mounting plugin IOSDeviceProfileSelector
LogPluginManager: Mounting plugin LinuxDeviceProfileSelector
LogPluginManager: Mounting plugin LocationServicesBPLibrary
LogPluginManager: Mounting plugin MobilePatchingUtils
LogPluginManager: Mounting plugin OpenXR
LogPluginManager: Mounting plugin OpenXREyeTracker
LogPluginManager: Mounting plugin OpenXRHandTracking
LogPluginManager: Mounting plugin PhysXVehicles
LogPluginManager: Mounting plugin PropertyAccessEditor
LogPluginManager: Mounting plugin ProceduralMeshComponent
LogPluginManager: Mounting plugin SoundFields
LogPluginManager: Mounting plugin SignificanceManager
LogPluginManager: Mounting plugin RuntimePhysXCooking
LogPluginManager: Mounting plugin Synthesis
LogPluginManager: Mounting plugin WindowsMoviePlayer
LogPluginManager: Mounting plugin WebMMoviePlayer
LogPluginManager: Mounting plugin PostSplashScreen
LogPluginManager: Mounting plugin ScreenshotTools
LogPluginManager: Mounting plugin AssetManagerEditor
LogPluginManager: Mounting plugin CryptoKeys
LogPluginManager: Mounting plugin FacialAnimation
LogPluginManager: Mounting plugin CurveEditorTools
LogPluginManager: Mounting plugin GameplayTagsEditor
LogPluginManager: Mounting plugin DataValidation
LogPluginManager: Mounting plugin MacGraphicsSwitching
LogPluginManager: Mounting plugin GeometryMode
LogPluginManager: Mounting plugin MaterialAnalyzer
LogPluginManager: Mounting plugin MobileLauncherProfileWizard
LogPluginManager: Mounting plugin PluginBrowser
LogPluginManager: Mounting plugin SpeedTreeImporter
LogPluginManager: Mounting plugin ConcertMain
LogPluginManager: Mounting plugin MultiUserClient
LogPluginManager: Mounting plugin OnlineSubsystemIOS
LogPluginManager: Mounting plugin OnlineSubsystemGooglePlay
LogPluginManager: Mounting plugin SQLiteCore
LogPluginManager: Mounting plugin OculusVR
LogPluginManager: Mounting plugin SteamVR
LogPluginManager: Mounting plugin ContentBrowserAssetDataSource
LogPluginManager: Mounting plugin ContentBrowserFileDataSource
LogPluginManager: Mounting plugin ContentBrowserClassDataSource
LogPluginManager: Mounting plugin ConcertSyncClient
LogPluginManager: Mounting plugin ConcertSyncCore
PixWinPlugin: PIX capture plugin failed to initialize! Check that the process is launched from PIX.
LogInit: Using libcurl 7.55.1-DEV
LogInit:  - built for x86_64-pc-win32
LogInit:  - supports SSL with OpenSSL/1.1.1
LogInit:  - supports HTTP deflate (compression) using libz 1.2.8
LogInit:  - other features:
LogInit:      CURL_VERSION_SSL
LogInit:      CURL_VERSION_LIBZ
LogInit:      CURL_VERSION_IPV6
LogInit:      CURL_VERSION_ASYNCHDNS
LogInit:      CURL_VERSION_LARGEFILE
LogInit:      CURL_VERSION_IDN
LogInit:  CurlRequestOptions (configurable via config and command line):
LogInit:  - bVerifyPeer = true  - Libcurl will verify peer certificate
LogInit:  - bUseHttpProxy = false  - Libcurl will NOT use HTTP proxy
LogInit:  - bDontReuseConnections = false  - Libcurl will reuse connections
LogInit:  - MaxHostConnections = 16  - Libcurl will limit the number of connections to a host
LogInit:  - LocalHostAddr = Default
LogInit:  - BufferSize = 65536
LogOnline: OSS: Creating online subsystem instance for: NULL
LogInit: WinSock: version 1.1 (2.2), MaxSocks=32767, MaxUdp=65467
LogOnline: OSS: TryLoadSubsystemAndSetDefault: Loaded subsystem for module [NULL]
LogOculusPluginWrapper: OculusPlugin initialized successfully
LogHMD: Failed initializing OVRPlugin 1.59.0
LogInit: Build: ++UE4+Release-4.27-CL-18319896
LogInit: Engine Version: 4.27.2-18319896+++UE4+Release-4.27
LogInit: Compatible Engine Version: 4.27.0-17155196+++UE4+Release-4.27
LogInit: Net CL: 17155196
LogInit: OS: Windows 10 (Release 2009) (), CPU: 11th Gen Intel(R) Core(TM) i5-1135G7 @ 2.40GHz, GPU: Intel(R) Iris(R) Xe Graphics
LogInit: Compiled (64-bit): Nov 30 2021 07:12:08
LogInit: Compiled with Visual C++: 19.24.28315.00
LogInit: Build Configuration: Development
LogInit: Branch Name: ++UE4+Release-4.27
LogInit: Command Line:  /Game/Menu/Menu -game -PIEVIACONSOLE -Multiprocess GameUserSettingsINI=C:/Users/enthu/OneDrive/Документы/GitHub/DormCourseWork/DormPlatformer/Saved/Config/Windows/PIEGameUserSettings0.ini -MultiprocessSaveConfig -forcepassthrough -messaging -SessionName="Play in Standalone Game" -windowed -WinX=320 -WinY=190 SAVEWINPOS=1 -ResX=1280 -ResY=720
LogInit: Base Directory: D:/UE_4.27/Engine/Binaries/Win64/
LogInit: Allocator: TBB
LogInit: Installed Engine Build: 1
LogDevObjectVersion: Number of dev versions registered: 29
LogDevObjectVersion:   Dev-Blueprints (B0D832E4-1F89-4F0D-ACCF-7EB736FD4AA2): 10
LogDevObjectVersion:   Dev-Build (E1C64328-A22C-4D53-A36C-8E866417BD8C): 0
LogDevObjectVersion:   Dev-Core (375EC13C-06E4-48FB-B500-84F0262A717E): 4
LogDevObjectVersion:   Dev-Editor (E4B068ED-F494-42E9-A231-DA0B2E46BB41): 40
LogDevObjectVersion:   Dev-Framework (CFFC743F-43B0-4480-9391-14DF171D2073): 37
LogDevObjectVersion:   Dev-Mobile (B02B49B5-BB20-44E9-A304-32B752E40360): 3
LogDevObjectVersion:   Dev-Networking (A4E4105C-59A1-49B5-A7C5-40C4547EDFEE): 0
LogDevObjectVersion:   Dev-Online (39C831C9-5AE6-47DC-9A44-9C173E1C8E7C): 0
LogDevObjectVersion:   Dev-Physics (78F01B33-EBEA-4F98-B9B4-84EACCB95AA2): 14
LogDevObjectVersion:   Dev-Platform (6631380F-2D4D-43E0-8009-CF276956A95A): 0
LogDevObjectVersion:   Dev-Rendering (12F88B9F-8875-4AFC-A67C-D90C383ABD29): 45
LogDevObjectVersion:   Dev-Sequencer (7B5AE74C-D270-4C10-A958-57980B212A5A): 13
LogDevObjectVersion:   Dev-VR (D7296918-1DD6-4BDD-9DE2-64A83CC13884): 3
LogDevObjectVersion:   Dev-LoadTimes (C2A15278-BFE7-4AFE-6C17-90FF531DF755): 1
LogDevObjectVersion:   Private-Geometry (6EACA3D4-40EC-4CC1-B786-8BED09428FC5): 3
LogDevObjectVersion:   Dev-AnimPhys (29E575DD-E0A3-4627-9D10-D276232CDCEA): 17
LogDevObjectVersion:   Dev-Anim (AF43A65D-7FD3-4947-9873-3E8ED9C1BB05): 15
LogDevObjectVersion:   Dev-ReflectionCapture (6B266CEC-1EC7-4B8F-A30B-E4D90942FC07): 1
LogDevObjectVersion:   Dev-Automation (0DF73D61-A23F-47EA-B727-89E90C41499A): 1
LogDevObjectVersion:   FortniteMain (601D1886-AC64-4F84-AA16-D3DE0DEAC7D6): 47
LogDevObjectVersion:   FortniteRelease (E7086368-6B23-4C58-8439-1B7016265E91): 1
LogDevObjectVersion:   Dev-Enterprise (9DFFBCD6-494F-0158-E221-12823C92A888): 10
LogDevObjectVersion:   Dev-Niagara (F2AED0AC-9AFE-416F-8664-AA7FFA26D6FC): 1
LogDevObjectVersion:   Dev-Destruction (174F1F0B-B4C6-45A5-B13F-2EE8D0FB917D): 10
LogDevObjectVersion:   Dev-Physics-Ext (35F94A83-E258-406C-A318-09F59610247C): 41
LogDevObjectVersion:   Dev-PhysicsMaterial-Chaos (B68FC16E-8B1B-42E2-B453-215C058844FE): 1
LogDevObjectVersion:   Dev-CineCamera (B2E18506-4273-CFC2-A54E-F4BB758BBA07): 1
LogDevObjectVersion:   Dev-VirtualProduction (64F58936-FD1B-42BA-BA96-7289D5D0FA4E): 1
LogDevObjectVersion:   Dev-MediaFramework (6F0ED827-A609-4895-9C91-998D90180EA4): 2
LogInit: Presizing for max 25165824 objects, including 0 objects not considered by GC, pre-allocating 0 bytes for permanent pool.
LogConfig: Applying CVar settings from Section [/Script/Engine.StreamingSettings] File [C:/Users/enthu/OneDrive/Документы/GitHub/DormCourseWork/DormPlatformer/Saved/Config/Windows/Engine.ini]
LogConfig: Setting CVar [[s.MinBulkDataSizeForAsyncLoading:131072]]
LogConfig: Setting CVar [[s.AsyncLoadingThreadEnabled:0]]
LogConfig: Setting CVar [[s.EventDrivenLoaderEnabled:1]]
LogConfig: Setting CVar [[s.WarnIfTimeLimitExceeded:0]]
LogConfig: Setting CVar [[s.TimeLimitExceededMultiplier:1.5]]
LogConfig: Setting CVar [[s.TimeLimitExceededMinTime:0.005]]
LogConfig: Setting CVar [[s.UseBackgroundLevelStreaming:1]]
LogConfig: Setting CVar [[s.PriorityAsyncLoadingExtraTime:15.0]]
LogConfig: Setting CVar [[s.LevelStreamingActorsUpdateTimeLimit:5.0]]
LogConfig: Setting CVar [[s.PriorityLevelStreamingActorsUpdateExtraTime:5.0]]
LogConfig: Setting CVar [[s.LevelStreamingComponentsRegistrationGranularity:10]]
LogConfig: Setting CVar [[s.UnregisterComponentsTimeLimit:1.0]]
LogConfig: Setting CVar [[s.LevelStreamingComponentsUnregistrationGranularity:5]]
LogConfig: Setting CVar [[s.FlushStreamingOnExit:1]]
LogInit: Object subsystem initialized
LogConfig: Setting CVar [[con.DebugEarlyDefault:1]]
LogConfig: Setting CVar [[r.setres:1280x720]]
[2024.01.18-19.45.42:112][  0]LogConfig: Setting CVar [[con.DebugEarlyDefault:1]]
[2024.01.18-19.45.42:112][  0]LogConfig: Setting CVar [[r.setres:1280x720]]
[2024.01.18-19.45.42:112][  0]LogConfig: Applying CVar settings from Section [/Script/Engine.RendererSettings] File [C:/Users/enthu/OneDrive/Документы/GitHub/DormCourseWork/DormPlatformer/Saved/Config/Windows/Engine.ini]
[2024.01.18-19.45.42:112][  0]LogConfig: Setting CVar [[r.GPUCrashDebugging:0]]
[2024.01.18-19.45.42:113][  0]LogConfig: Setting CVar [[r.Mobile.DisableVertexFog:1]]
[2024.01.18-19.45.42:113][  0]LogConfig: Setting CVar [[r.Shadow.CSM.MaxMobileCascades:2]]
[2024.01.18-19.45.42:113][  0]LogConfig: Setting CVar [[r.MobileMSAA:1]]
[2024.01.18-19.45.42:113][  0]LogConfig: Setting CVar [[r.Mobile.AllowDitheredLODTransition:0]]
[2024.01.18-19.45.42:113][  0]LogConfig: Setting CVar [[r.Mobile.AllowSoftwareOcclusion:0]]
[2024.01.18-19.45.42:113][  0]LogConfig: Setting CVar [[r.Mobile.VirtualTextures:0]]
[2024.01.18-19.45.42:113][  0]LogConfig: Setting CVar [[r.DiscardUnusedQuality:0]]
[2024.01.18-19.45.42:113][  0]LogConfig: Setting CVar [[r.AllowOcclusionQueries:1]]
[2024.01.18-19.45.42:113][  0]LogConfig: Setting CVar [[r.MinScreenRadiusForLights:0.030000]]
[2024.01.18-19.45.42:113][  0]LogConfig: Setting CVar [[r.MinScreenRadiusForDepthPrepass:0.030000]]
[2024.01.18-19.45.42:113][  0]LogConfig: Setting CVar [[r.MinScreenRadiusForCSMDepth:0.010000]]
[2024.01.18-19.45.42:113][  0]LogConfig: Setting CVar [[r.PrecomputedVisibilityWarning:0]]
[2024.01.18-19.45.42:113][  0]LogConfig: Setting CVar [[r.TextureStreaming:1]]
[2024.01.18-19.45.42:113][  0]LogConfig: Setting CVar [[Compat.UseDXT5NormalMaps:0]]
[2024.01.18-19.45.42:113][  0]LogConfig: Setting CVar [[r.VirtualTextures:0]]
[2024.01.18-19.45.42:113][  0]LogConfig: Setting CVar [[r.VT.EnableAutoImport:1]]
[2024.01.18-19.45.42:113][  0]LogConfig: Setting CVar [[r.VirtualTexturedLightmaps:0]]
[2024.01.18-19.45.42:113][  0]LogConfig: Setting CVar [[r.VT.TileSize:128]]
[2024.01.18-19.45.42:113][  0]LogConfig: Setting CVar [[r.VT.TileBorderSize:4]]
[2024.01.18-19.45.42:113][  0]LogConfig: Setting CVar [[r.vt.FeedbackFactor:16]]
[2024.01.18-19.45.42:113][  0]LogConfig: Setting CVar [[r.VT.EnableCompressZlib:1]]
[2024.01.18-19.45.42:113][  0]LogConfig: Setting CVar [[r.VT.EnableCompressCrunch:0]]
[2024.01.18-19.45.42:113][  0]LogConfig: Setting CVar [[r.ClearCoatNormal:0]]
[2024.01.18-19.45.42:113][  0]LogConfig: Setting CVar [[r.ReflectionCaptureResolution:128]]
[2024.01.18-19.45.42:113][  0]LogConfig: Setting CVar [[r.Mobile.ReflectionCaptureCompression:0]]
[2024.01.18-19.45.42:113][  0]LogConfig: Setting CVar [[r.ReflectionEnvironmentLightmapMixBasedOnRoughness:1]]
[2024.01.18-19.45.42:113][  0]LogConfig: Setting CVar [[r.ForwardShading:0]]
[2024.01.18-19.45.42:113][  0]LogConfig: Setting CVar [[r.VertexFoggingForOpaque:1]]
[2024.01.18-19.45.42:113][  0]LogConfig: Setting CVar [[r.AllowStaticLighting:1]]
[2024.01.18-19.45.42:113][  0]LogConfig: Setting CVar [[r.NormalMapsForStaticLighting:0]]
[2024.01.18-19.45.42:113][  0]LogConfig: Setting CVar [[r.GenerateMeshDistanceFields:0]]
[2024.01.18-19.45.42:113][  0]LogConfig: Setting CVar [[r.DistanceFieldBuild.EightBit:0]]
[2024.01.18-19.45.42:113][  0]LogConfig: Setting CVar [[r.GenerateLandscapeGIData:0]]
[2024.01.18-19.45.42:113][  0]LogConfig: Setting CVar [[r.DistanceFieldBuild.Compress:0]]
[2024.01.18-19.45.42:113][  0]LogConfig: Setting CVar [[r.TessellationAdaptivePixelsPerTriangle:48.000000]]
[2024.01.18-19.45.42:113][  0]LogConfig: Setting CVar [[r.SeparateTranslucency:1]]
[2024.01.18-19.45.42:113][  0]LogConfig: Setting CVar [[r.TranslucentSortPolicy:0]]
[2024.01.18-19.45.42:113][  0]LogConfig: Setting CVar [[vr.VRS.HMDFixedFoveationLevel:0]]
[2024.01.18-19.45.42:113][  0]LogConfig: Setting CVar [[r.CustomDepth:1]]
[2024.01.18-19.45.42:113][  0]LogConfig: Setting CVar [[r.CustomDepthTemporalAAJitter:1]]
[2024.01.18-19.45.42:113][  0]LogConfig: Setting CVar [[r.PostProcessing.PropagateAlpha:0]]
[2024.01.18-19.45.42:113][  0]LogConfig: Setting CVar [[r.DefaultFeature.Bloom:1]]
[2024.01.18-19.45.42:113][  0]LogConfig: Setting CVar [[r.DefaultFeature.AmbientOcclusion:1]]
[2024.01.18-19.45.42:113][  0]LogConfig: Setting CVar [[r.DefaultFeature.AmbientOcclusionStaticFraction:1]]
[2024.01.18-19.45.42:113][  0]LogConfig: Setting CVar [[r.DefaultFeature.AutoExposure:0]]
[2024.01.18-19.45.42:113][  0]LogConfig: Setting CVar [[r.DefaultFeature.AutoExposure.Method:0]]
[2024.01.18-19.45.42:113][  0]LogConfig: Setting CVar [[r.DefaultFeature.AutoExposure.Bias:1.000000]]
[2024.01.18-19.45.42:113][  0]LogConfig: Setting CVar [[r.DefaultFeature.AutoExposure.ExtendDefaultLuminanceRange:0]]
[2024.01.18-19.45.42:113][  0]LogConfig: Setting CVar [[r.UsePreExposure:1]]
[2024.01.18-19.45.42:113][  0]LogConfig: Setting CVar [[r.EyeAdaptation.EditorOnly:0]]
[2024.01.18-19.45.42:113][  0]LogConfig: Setting CVar [[r.DefaultFeature.MotionBlur:0]]
[2024.01.18-19.45.42:113][  0]LogConfig: Setting CVar [[r.DefaultFeature.LensFlare:0]]
[2024.01.18-19.45.42:113][  0]LogConfig: Setting CVar [[r.TemporalAA.Upsampling:0]]
[2024.01.18-19.45.42:113][  0]LogConfig: Setting CVar [[r.SSGI.Enable:0]]
[2024.01.18-19.45.42:113][  0]LogConfig: Setting CVar [[r.DefaultFeature.AntiAliasing:0]]
[2024.01.18-19.45.42:113][  0]LogConfig: Setting CVar [[r.DefaultFeature.LightUnits:1]]
[2024.01.18-19.45.42:113][  0]LogConfig: Setting CVar [[r.DefaultBackBufferPixelFormat:4]]
[2024.01.18-19.45.42:113][  0]LogConfig: Setting CVar [[r.Shadow.UnbuiltPreviewInGame:1]]
[2024.01.18-19.45.42:113][  0]LogConfig: Setting CVar [[r.StencilForLODDither:0]]
[2024.01.18-19.45.42:113][  0]LogConfig: Setting CVar [[r.EarlyZPass:3]]
[2024.01.18-19.45.42:113][  0]LogConfig: Setting CVar [[r.EarlyZPassOnlyMaterialMasking:0]]
[2024.01.18-19.45.42:113][  0]LogConfig: Setting CVar [[r.DBuffer:1]]
[2024.01.18-19.45.42:113][  0]LogConfig: Setting CVar [[r.ClearSceneMethod:1]]
[2024.01.18-19.45.42:114][  0]LogConfig: Setting CVar [[r.BasePassOutputsVelocity:0]]
[2024.01.18-19.45.42:114][  0]LogConfig: Setting CVar [[r.VertexDeformationOutputsVelocity:0]]
[2024.01.18-19.45.42:114][  0]LogConfig: Setting CVar [[r.SelectiveBasePassOutputs:0]]
[2024.01.18-19.45.42:114][  0]LogConfig: Setting CVar [[fx.GPUSimulationTextureSizeX:1024]]
[2024.01.18-19.45.42:114][  0]LogConfig: Setting CVar [[fx.GPUSimulationTextureSizeY:1024]]
[2024.01.18-19.45.42:114][  0]LogConfig: Setting CVar [[r.AllowGlobalClipPlane:0]]
[2024.01.18-19.45.42:114][  0]LogConfig: Setting CVar [[r.GBufferFormat:1]]
[2024.01.18-19.45.42:114][  0]LogConfig: Setting CVar [[r.MorphTarget.Mode:1]]
[2024.01.18-19.45.42:114][  0]LogConfig: Setting CVar [[vr.InstancedStereo:0]]
[2024.01.18-19.45.42:114][  0]LogConfig: Setting CVar [[r.MobileHDR:0]]
[2024.01.18-19.45.42:114][  0]LogConfig: Setting CVar [[vr.MobileMultiView:0]]
[2024.01.18-19.45.42:114][  0]LogConfig: Setting CVar [[r.Mobile.UseHWsRGBEncoding:0]]
[2024.01.18-19.45.42:114][  0]LogConfig: Setting CVar [[vr.RoundRobinOcclusion:0]]
[2024.01.18-19.45.42:114][  0]LogConfig: Setting CVar [[vr.ODSCapture:0]]
[2024.01.18-19.45.42:114][  0]LogConfig: Setting CVar [[r.MeshStreaming:0]]
[2024.01.18-19.45.42:114][  0]LogConfig: Setting CVar [[r.WireframeCullThreshold:5.000000]]
[2024.01.18-19.45.42:114][  0]LogConfig: Setting CVar [[r.RayTracing:0]]
[2024.01.18-19.45.42:114][  0]LogConfig: Setting CVar [[r.RayTracing.UseTextureLod:0]]
[2024.01.18-19.45.42:114][  0]LogConfig: Setting CVar [[r.SupportStationarySkylight:1]]
[2024.01.18-19.45.42:114][  0]LogConfig: Setting CVar [[r.SupportLowQualityLightmaps:1]]
[2024.01.18-19.45.42:114][  0]LogConfig: Setting CVar [[r.SupportPointLightWholeSceneShadows:1]]
[2024.01.18-19.45.42:114][  0]LogConfig: Setting CVar [[r.SupportAtmosphericFog:1]]
[2024.01.18-19.45.42:114][  0]LogConfig: Setting CVar [[r.SupportSkyAtmosphere:1]]
[2024.01.18-19.45.42:114][  0]LogConfig: Setting CVar [[r.SupportSkyAtmosphereAffectsHeightFog:0]]
[2024.01.18-19.45.42:114][  0]LogConfig: Setting CVar [[r.SkinCache.CompileShaders:0]]
[2024.01.18-19.45.42:114][  0]LogConfig: Setting CVar [[r.SkinCache.DefaultBehavior:1]]
[2024.01.18-19.45.42:114][  0]LogConfig: Setting CVar [[r.SkinCache.SceneMemoryLimitInMB:128.000000]]
[2024.01.18-19.45.42:114][  0]LogConfig: Setting CVar [[r.Mobile.EnableStaticAndCSMShadowReceivers:1]]
[2024.01.18-19.45.42:114][  0]LogConfig: Setting CVar [[r.Mobile.EnableMovableLightCSMShaderCulling:1]]
[2024.01.18-19.45.42:114][  0]LogConfig: Setting CVar [[r.Mobile.AllowDistanceFieldShadows:1]]
[2024.01.18-19.45.42:114][  0]LogConfig: Setting CVar [[r.Mobile.AllowMovableDirectionalLights:1]]
[2024.01.18-19.45.42:114][  0]LogConfig: Setting CVar [[r.MobileNumDynamicPointLights:4]]
[2024.01.18-19.45.42:114][  0]LogConfig: Setting CVar [[r.MobileDynamicPointLightsUseStaticBranch:1]]
[2024.01.18-19.45.42:114][  0]LogConfig: Setting CVar [[r.Mobile.EnableMovableSpotlights:0]]
[2024.01.18-19.45.42:114][  0]LogConfig: Setting CVar [[r.Mobile.EnableMovableSpotlightsShadow:0]]
[2024.01.18-19.45.42:114][  0]LogConfig: Setting CVar [[r.GPUSkin.Support16BitBoneIndex:0]]
[2024.01.18-19.45.42:114][  0]LogConfig: Setting CVar [[r.GPUSkin.Limit2BoneInfluences:0]]
[2024.01.18-19.45.42:114][  0]LogConfig: Setting CVar [[r.SupportDepthOnlyIndexBuffers:1]]
[2024.01.18-19.45.42:114][  0]LogConfig: Setting CVar [[r.SupportReversedIndexBuffers:1]]
[2024.01.18-19.45.42:114][  0]LogConfig: Setting CVar [[r.LightPropagationVolume:0]]
[2024.01.18-19.45.42:114][  0]LogConfig: Setting CVar [[r.Mobile.AmbientOcclusion:0]]
[2024.01.18-19.45.42:114][  0]LogConfig: Setting CVar [[r.GPUSkin.UnlimitedBoneInfluences:0]]
[2024.01.18-19.45.42:114][  0]LogConfig: Setting CVar [[r.GPUSkin.UnlimitedBoneInfluencesThreshold:8]]
[2024.01.18-19.45.42:114][  0]LogConfig: Setting CVar [[r.Mobile.PlanarReflectionMode:0]]
[2024.01.18-19.45.42:114][  0]LogConfig: Setting CVar [[r.Mobile.SupportsGen4TAA:0]]
[2024.01.18-19.45.42:114][  0]LogConfig: Applying CVar settings from Section [/Script/Engine.RendererOverrideSettings] File [C:/Users/enthu/OneDrive/Документы/GitHub/DormCourseWork/DormPlatformer/Saved/Config/Windows/Engine.ini]
[2024.01.18-19.45.42:114][  0]LogConfig: Applying CVar settings from Section [/Script/Engine.StreamingSettings] File [C:/Users/enthu/OneDrive/Документы/GitHub/DormCourseWork/DormPlatformer/Saved/Config/Windows/Engine.ini]
[2024.01.18-19.45.42:114][  0]LogConfig: Setting CVar [[s.MinBulkDataSizeForAsyncLoading:131072]]
[2024.01.18-19.45.42:114][  0]LogConfig: Setting CVar [[s.AsyncLoadingThreadEnabled:0]]
[2024.01.18-19.45.42:114][  0]LogConfig: Setting CVar [[s.EventDrivenLoaderEnabled:1]]
[2024.01.18-19.45.42:114][  0]LogConfig: Setting CVar [[s.WarnIfTimeLimitExceeded:0]]
[2024.01.18-19.45.42:114][  0]LogConfig: Setting CVar [[s.TimeLimitExceededMultiplier:1.5]]
[2024.01.18-19.45.42:114][  0]LogConfig: Setting CVar [[s.TimeLimitExceededMinTime:0.005]]
[2024.01.18-19.45.42:114][  0]LogConfig: Setting CVar [[s.UseBackgroundLevelStreaming:1]]
[2024.01.18-19.45.42:114][  0]LogConfig: Setting CVar [[s.PriorityAsyncLoadingExtraTime:15.0]]
[2024.01.18-19.45.42:114][  0]LogConfig: Setting CVar [[s.LevelStreamingActorsUpdateTimeLimit:5.0]]
[2024.01.18-19.45.42:114][  0]LogConfig: Setting CVar [[s.PriorityLevelStreamingActorsUpdateExtraTime:5.0]]
[2024.01.18-19.45.42:114][  0]LogConfig: Setting CVar [[s.LevelStreamingComponentsRegistrationGranularity:10]]
[2024.01.18-19.45.42:114][  0]LogConfig: Setting CVar [[s.UnregisterComponentsTimeLimit:1.0]]
[2024.01.18-19.45.42:114][  0]LogConfig: Setting CVar [[s.LevelStreamingComponentsUnregistrationGranularity:5]]
[2024.01.18-19.45.42:114][  0]LogConfig: Setting CVar [[s.FlushStreamingOnExit:1]]
[2024.01.18-19.45.42:114][  0]LogConfig: Applying CVar settings from Section [/Script/Engine.GarbageCollectionSettings] File [C:/Users/enthu/OneDrive/Документы/GitHub/DormCourseWork/DormPlatformer/Saved/Config/Windows/Engine.ini]
[2024.01.18-19.45.42:114][  0]LogConfig: Setting CVar [[gc.MaxObjectsNotConsideredByGC:1]]
[2024.01.18-19.45.42:114][  0]LogConfig: Setting CVar [[gc.SizeOfPermanentObjectPool:0]]
[2024.01.18-19.45.42:115][  0]LogConfig: Setting CVar [[gc.FlushStreamingOnGC:0]]
[2024.01.18-19.45.42:115][  0]LogConfig: Setting CVar [[gc.NumRetriesBeforeForcingGC:10]]
[2024.01.18-19.45.42:115][  0]LogConfig: Setting CVar [[gc.AllowParallelGC:1]]
[2024.01.18-19.45.42:115][  0]LogConfig: Setting CVar [[gc.TimeBetweenPurgingPendingKillObjects:61.1]]
[2024.01.18-19.45.42:115][  0]LogConfig: Setting CVar [[gc.MaxObjectsInEditor:25165824]]
[2024.01.18-19.45.42:115][  0]LogConfig: Setting CVar [[gc.IncrementalBeginDestroyEnabled:1]]
[2024.01.18-19.45.42:115][  0]LogConfig: Setting CVar [[gc.CreateGCClusters:1]]
[2024.01.18-19.45.42:115][  0]LogConfig: Setting CVar [[gc.MinGCClusterSize:5]]
[2024.01.18-19.45.42:115][  0]LogConfig: Setting CVar [[gc.ActorClusteringEnabled:0]]
[2024.01.18-19.45.42:115][  0]LogConfig: Setting CVar [[gc.BlueprintClusteringEnabled:0]]
[2024.01.18-19.45.42:115][  0]LogConfig: Setting CVar [[gc.UseDisregardForGCOnDedicatedServers:0]]
[2024.01.18-19.45.42:115][  0]LogConfig: Setting CVar [[gc.MultithreadedDestructionEnabled:1]]
[2024.01.18-19.45.42:115][  0]LogConfig: Applying CVar settings from Section [/Script/Engine.NetworkSettings] File [C:/Users/enthu/OneDrive/Документы/GitHub/DormCourseWork/DormPlatformer/Saved/Config/Windows/Engine.ini]
[2024.01.18-19.45.42:115][  0]LogConfig: Applying CVar settings from Section [/Script/UnrealEd.CookerSettings] File [C:/Users/enthu/OneDrive/Документы/GitHub/DormCourseWork/DormPlatformer/Saved/Config/Windows/Engine.ini]
[2024.01.18-19.45.42:124][  0]LogConfig: Applying CVar settings from Section [ViewDistanceQuality@3] File [C:/Users/enthu/OneDrive/Документы/GitHub/DormCourseWork/DormPlatformer/Saved/Config/Windows/Scalability.ini]
[2024.01.18-19.45.42:124][  0]LogConfig: Setting CVar [[r.SkeletalMeshLODBias:0]]
[2024.01.18-19.45.42:124][  0]LogConfig: Setting CVar [[r.ViewDistanceScale:1.0]]
[2024.01.18-19.45.42:124][  0]LogConfig: Applying CVar settings from Section [AntiAliasingQuality@3] File [C:/Users/enthu/OneDrive/Документы/GitHub/DormCourseWork/DormPlatformer/Saved/Config/Windows/Scalability.ini]
[2024.01.18-19.45.42:124][  0]LogConfig: Setting CVar [[r.PostProcessAAQuality:4]]
[2024.01.18-19.45.42:124][  0]LogConfig: Applying CVar settings from Section [ShadowQuality@3] File [C:/Users/enthu/OneDrive/Документы/GitHub/DormCourseWork/DormPlatformer/Saved/Config/Windows/Scalability.ini]
[2024.01.18-19.45.42:124][  0]LogConfig: Setting CVar [[r.LightFunctionQuality:1]]
[2024.01.18-19.45.42:124][  0]LogConfig: Setting CVar [[r.ShadowQuality:5]]
[2024.01.18-19.45.42:124][  0]LogConfig: Setting CVar [[r.Shadow.CSM.MaxCascades:10]]
[2024.01.18-19.45.42:124][  0]LogConfig: Setting CVar [[r.Shadow.MaxResolution:2048]]
[2024.01.18-19.45.42:124][  0]LogConfig: Setting CVar [[r.Shadow.MaxCSMResolution:2048]]
[2024.01.18-19.45.42:124][  0]LogConfig: Setting CVar [[r.Shadow.RadiusThreshold:0.01]]
[2024.01.18-19.45.42:124][  0]LogConfig: Setting CVar [[r.Shadow.DistanceScale:1.0]]
[2024.01.18-19.45.42:124][  0]LogConfig: Setting CVar [[r.Shadow.CSM.TransitionScale:1.0]]
[2024.01.18-19.45.42:124][  0]LogConfig: Setting CVar [[r.Shadow.PreShadowResolutionFactor:1.0]]
[2024.01.18-19.45.42:124][  0]LogConfig: Setting CVar [[r.DistanceFieldShadowing:1]]
[2024.01.18-19.45.42:124][  0]LogConfig: Setting CVar [[r.DistanceFieldAO:1]]
[2024.01.18-19.45.42:124][  0]LogConfig: Setting CVar [[r.AOQuality:2]]
[2024.01.18-19.45.42:124][  0]LogConfig: Setting CVar [[r.VolumetricFog:1]]
[2024.01.18-19.45.42:124][  0]LogConfig: Setting CVar [[r.VolumetricFog.GridPixelSize:8]]
[2024.01.18-19.45.42:124][  0]LogConfig: Setting CVar [[r.VolumetricFog.GridSizeZ:128]]
[2024.01.18-19.45.42:124][  0]LogConfig: Setting CVar [[r.VolumetricFog.HistoryMissSupersampleCount:4]]
[2024.01.18-19.45.42:124][  0]LogConfig: Setting CVar [[r.LightMaxDrawDistanceScale:1]]
[2024.01.18-19.45.42:124][  0]LogConfig: Setting CVar [[r.CapsuleShadows:1]]
[2024.01.18-19.45.42:124][  0]LogConfig: Applying CVar settings from Section [PostProcessQuality@3] File [C:/Users/enthu/OneDrive/Документы/GitHub/DormCourseWork/DormPlatformer/Saved/Config/Windows/Scalability.ini]
[2024.01.18-19.45.42:124][  0]LogConfig: Setting CVar [[r.MotionBlurQuality:4]]
[2024.01.18-19.45.42:124][  0]LogConfig: Setting CVar [[r.AmbientOcclusionMipLevelFactor:0.4]]
[2024.01.18-19.45.42:124][  0]LogConfig: Setting CVar [[r.AmbientOcclusionMaxQuality:100]]
[2024.01.18-19.45.42:124][  0]LogConfig: Setting CVar [[r.AmbientOcclusionLevels:-1]]
[2024.01.18-19.45.42:124][  0]LogConfig: Setting CVar [[r.AmbientOcclusionRadiusScale:1.0]]
[2024.01.18-19.45.42:124][  0]LogConfig: Setting CVar [[r.DepthOfFieldQuality:2]]
[2024.01.18-19.45.42:124][  0]LogConfig: Setting CVar [[r.RenderTargetPoolMin:400]]
[2024.01.18-19.45.42:124][  0]LogConfig: Setting CVar [[r.LensFlareQuality:2]]
[2024.01.18-19.45.42:124][  0]LogConfig: Setting CVar [[r.SceneColorFringeQuality:1]]
[2024.01.18-19.45.42:124][  0]LogConfig: Setting CVar [[r.EyeAdaptationQuality:2]]
[2024.01.18-19.45.42:124][  0]LogConfig: Setting CVar [[r.BloomQuality:5]]
[2024.01.18-19.45.42:124][  0]LogConfig: Setting CVar [[r.FastBlurThreshold:100]]
[2024.01.18-19.45.42:124][  0]LogConfig: Setting CVar [[r.Upscale.Quality:3]]
[2024.01.18-19.45.42:124][  0]LogConfig: Setting CVar [[r.Tonemapper.GrainQuantization:1]]
[2024.01.18-19.45.42:124][  0]LogConfig: Setting CVar [[r.LightShaftQuality:1]]
[2024.01.18-19.45.42:124][  0]LogConfig: Setting CVar [[r.Filter.SizeScale:1]]
[2024.01.18-19.45.42:124][  0]LogConfig: Setting CVar [[r.Tonemapper.Quality:5]]
[2024.01.18-19.45.42:124][  0]LogConfig: Setting CVar [[r.DOF.Gather.AccumulatorQuality:1        ; higher gathering accumulator quality]]
[2024.01.18-19.45.42:124][  0]LogConfig: Setting CVar [[r.DOF.Gather.PostfilterMethod:1          ; Median3x3 postfilering method]]
[2024.01.18-19.45.42:124][  0]LogConfig: Setting CVar [[r.DOF.Gather.EnableBokehSettings:0       ; no bokeh simulation when gathering]]
[2024.01.18-19.45.42:125][  0]LogConfig: Setting CVar [[r.DOF.Gather.RingCount:4                 ; medium number of samples when gathering]]
[2024.01.18-19.45.42:125][  0]LogConfig: Setting CVar [[r.DOF.Scatter.ForegroundCompositing:1    ; additive foreground scattering]]
[2024.01.18-19.45.42:125][  0]LogConfig: Setting CVar [[r.DOF.Scatter.BackgroundCompositing:2    ; additive background scattering]]
[2024.01.18-19.45.42:125][  0]LogConfig: Setting CVar [[r.DOF.Scatter.EnableBokehSettings:1      ; bokeh simulation when scattering]]
[2024.01.18-19.45.42:125][  0]LogConfig: Setting CVar [[r.DOF.Scatter.MaxSpriteRatio:0.1         ; only a maximum of 10% of scattered bokeh]]
[2024.01.18-19.45.42:125][  0]LogConfig: Setting CVar [[r.DOF.Recombine.Quality:1                ; cheap slight out of focus]]
[2024.01.18-19.45.42:125][  0]LogConfig: Setting CVar [[r.DOF.Recombine.EnableBokehSettings:0    ; no bokeh simulation on slight out of focus]]
[2024.01.18-19.45.42:125][  0]LogConfig: Setting CVar [[r.DOF.TemporalAAQuality:1                ; more stable temporal accumulation]]
[2024.01.18-19.45.42:125][  0]LogConfig: Setting CVar [[r.DOF.Kernel.MaxForegroundRadius:0.025]]
[2024.01.18-19.45.42:125][  0]LogConfig: Setting CVar [[r.DOF.Kernel.MaxBackgroundRadius:0.025]]
[2024.01.18-19.45.42:125][  0]LogConfig: Applying CVar settings from Section [TextureQuality@3] File [C:/Users/enthu/OneDrive/Документы/GitHub/DormCourseWork/DormPlatformer/Saved/Config/Windows/Scalability.ini]
[2024.01.18-19.45.42:125][  0]LogConfig: Setting CVar [[r.Streaming.MipBias:0]]
[2024.01.18-19.45.42:125][  0]LogConfig: Setting CVar [[r.Streaming.AmortizeCPUToGPUCopy:0]]
[2024.01.18-19.45.42:125][  0]LogConfig: Setting CVar [[r.Streaming.MaxNumTexturesToStreamPerFrame:0]]
[2024.01.18-19.45.42:125][  0]LogConfig: Setting CVar [[r.Streaming.Boost:1]]
[2024.01.18-19.45.42:125][  0]LogConfig: Setting CVar [[r.MaxAnisotropy:8]]
[2024.01.18-19.45.42:125][  0]LogConfig: Setting CVar [[r.VT.MaxAnisotropy:8]]
[2024.01.18-19.45.42:125][  0]LogConfig: Setting CVar [[r.Streaming.LimitPoolSizeToVRAM:0]]
[2024.01.18-19.45.42:125][  0]LogConfig: Setting CVar [[r.Streaming.PoolSize:1000]]
[2024.01.18-19.45.42:125][  0]LogConfig: Setting CVar [[r.Streaming.MaxEffectiveScreenSize:0]]
[2024.01.18-19.45.42:125][  0]LogConfig: Applying CVar settings from Section [EffectsQuality@3] File [C:/Users/enthu/OneDrive/Документы/GitHub/DormCourseWork/DormPlatformer/Saved/Config/Windows/Scalability.ini]
[2024.01.18-19.45.42:125][  0]LogConfig: Setting CVar [[r.TranslucencyLightingVolumeDim:64]]
[2024.01.18-19.45.42:125][  0]LogConfig: Setting CVar [[r.RefractionQuality:2]]
[2024.01.18-19.45.42:125][  0]LogConfig: Setting CVar [[r.SSR.Quality:3]]
[2024.01.18-19.45.42:125][  0]LogConfig: Setting CVar [[r.SSR.HalfResSceneColor:0]]
[2024.01.18-19.45.42:125][  0]LogConfig: Setting CVar [[r.SceneColorFormat:4]]
[2024.01.18-19.45.42:125][  0]LogConfig: Setting CVar [[r.DetailMode:2]]
[2024.01.18-19.45.42:125][  0]LogConfig: Setting CVar [[r.TranslucencyVolumeBlur:1]]
[2024.01.18-19.45.42:125][  0]LogConfig: Setting CVar [[r.MaterialQualityLevel:1 ; High quality]]
[2024.01.18-19.45.42:125][  0]LogConfig: Setting CVar [[r.AnisotropicMaterials:1]]
[2024.01.18-19.45.42:125][  0]LogConfig: Setting CVar [[r.SSS.Scale:1]]
[2024.01.18-19.45.42:125][  0]LogConfig: Setting CVar [[r.SSS.SampleSet:2]]
[2024.01.18-19.45.42:125][  0]LogConfig: Setting CVar [[r.SSS.Quality:1]]
[2024.01.18-19.45.42:125][  0]LogConfig: Setting CVar [[r.SSS.HalfRes:0]]
[2024.01.18-19.45.42:125][  0]LogConfig: Setting CVar [[r.SSGI.Quality:3]]
[2024.01.18-19.45.42:125][  0]LogConfig: Setting CVar [[r.EmitterSpawnRateScale:1.0]]
[2024.01.18-19.45.42:125][  0]LogConfig: Setting CVar [[r.ParticleLightQuality:2]]
[2024.01.18-19.45.42:125][  0]LogConfig: Setting CVar [[r.SkyAtmosphere.AerialPerspectiveLUT.FastApplyOnOpaque:1 ; Always have FastSkyLUT 1 in this case to avoid wrong sky]]
[2024.01.18-19.45.42:125][  0]LogConfig: Setting CVar [[r.SkyAtmosphere.AerialPerspectiveLUT.SampleCountMaxPerSlice:4]]
[2024.01.18-19.45.42:125][  0]LogConfig: Setting CVar [[r.SkyAtmosphere.AerialPerspectiveLUT.DepthResolution:16.0]]
[2024.01.18-19.45.42:125][  0]LogConfig: Setting CVar [[r.SkyAtmosphere.FastSkyLUT:1]]
[2024.01.18-19.45.42:125][  0]LogConfig: Setting CVar [[r.SkyAtmosphere.FastSkyLUT.SampleCountMin:4.0]]
[2024.01.18-19.45.42:125][  0]LogConfig: Setting CVar [[r.SkyAtmosphere.FastSkyLUT.SampleCountMax:128.0]]
[2024.01.18-19.45.42:125][  0]LogConfig: Setting CVar [[r.SkyAtmosphere.SampleCountMin:4.0]]
[2024.01.18-19.45.42:125][  0]LogConfig: Setting CVar [[r.SkyAtmosphere.SampleCountMax:128.0]]
[2024.01.18-19.45.42:125][  0]LogConfig: Setting CVar [[r.SkyAtmosphere.TransmittanceLUT.UseSmallFormat:0]]
[2024.01.18-19.45.42:125][  0]LogConfig: Setting CVar [[r.SkyAtmosphere.TransmittanceLUT.SampleCount:10.0]]
[2024.01.18-19.45.42:125][  0]LogConfig: Setting CVar [[r.SkyAtmosphere.MultiScatteringLUT.SampleCount:15.0]]
[2024.01.18-19.45.42:125][  0]LogConfig: Setting CVar [[r.SkyLight.RealTimeReflectionCapture:1]]
[2024.01.18-19.45.42:125][  0]LogConfig: Applying CVar settings from Section [FoliageQuality@3] File [C:/Users/enthu/OneDrive/Документы/GitHub/DormCourseWork/DormPlatformer/Saved/Config/Windows/Scalability.ini]
[2024.01.18-19.45.42:125][  0]LogConfig: Setting CVar [[foliage.DensityScale:1.0]]
[2024.01.18-19.45.42:125][  0]LogConfig: Setting CVar [[grass.DensityScale:1.0]]
[2024.01.18-19.45.42:125][  0]LogConfig: Applying CVar settings from Section [ShadingQuality@3] File [C:/Users/enthu/OneDrive/Документы/GitHub/DormCourseWork/DormPlatformer/Saved/Config/Windows/Scalability.ini]
[2024.01.18-19.45.42:126][  0]LogConfig: Setting CVar [[r.HairStrands.SkyLighting.IntegrationType:2]]
[2024.01.18-19.45.42:126][  0]LogConfig: Setting CVar [[r.HairStrands.SkyAO.SampleCount:4]]
[2024.01.18-19.45.42:126][  0]LogConfig: Setting CVar [[r.HairStrands.Visibility.MSAA.SamplePerPixel:4]]
[2024.01.18-19.45.42:126][  0]LogInit: Selected Device Profile: [Windows]
[2024.01.18-19.45.42:126][  0]LogInit: Applying CVar settings loaded from the selected device profile: [Windows]
[2024.01.18-19.45.42:126][  0]LogHAL: Display: Platform has ~ 8 GB [8379490304 / 8589934592 / 8], which maps to Default [LargestMinGB=32, LargerMinGB=12, DefaultMinGB=8, SmallerMinGB=6, SmallestMinGB=0)
[2024.01.18-19.45.42:126][  0]LogInit: Going up to parent DeviceProfile []
[2024.01.18-19.45.42:126][  0]LogConfig: Applying CVar settings from Section [ViewDistanceQuality@3] File [C:/Users/enthu/OneDrive/Документы/GitHub/DormCourseWork/DormPlatformer/Saved/Config/Windows/Scalability.ini]
[2024.01.18-19.45.42:126][  0]LogConfig: Setting CVar [[r.SkeletalMeshLODBias:0]]
[2024.01.18-19.45.42:126][  0]LogConfig: Setting CVar [[r.ViewDistanceScale:1.0]]
[2024.01.18-19.45.42:126][  0]LogConfig: Applying CVar settings from Section [AntiAliasingQuality@3] File [C:/Users/enthu/OneDrive/Документы/GitHub/DormCourseWork/DormPlatformer/Saved/Config/Windows/Scalability.ini]
[2024.01.18-19.45.42:126][  0]LogConfig: Setting CVar [[r.PostProcessAAQuality:4]]
[2024.01.18-19.45.42:126][  0]LogConfig: Applying CVar settings from Section [ShadowQuality@3] File [C:/Users/enthu/OneDrive/Документы/GitHub/DormCourseWork/DormPlatformer/Saved/Config/Windows/Scalability.ini]
[2024.01.18-19.45.42:126][  0]LogConfig: Setting CVar [[r.LightFunctionQuality:1]]
[2024.01.18-19.45.42:126][  0]LogConfig: Setting CVar [[r.ShadowQuality:5]]
[2024.01.18-19.45.42:126][  0]LogConfig: Setting CVar [[r.Shadow.CSM.MaxCascades:10]]
[2024.01.18-19.45.42:126][  0]LogConfig: Setting CVar [[r.Shadow.MaxResolution:2048]]
[2024.01.18-19.45.42:126][  0]LogConfig: Setting CVar [[r.Shadow.MaxCSMResolution:2048]]
[2024.01.18-19.45.42:126][  0]LogConfig: Setting CVar [[r.Shadow.RadiusThreshold:0.01]]
[2024.01.18-19.45.42:126][  0]LogConfig: Setting CVar [[r.Shadow.DistanceScale:1.0]]
[2024.01.18-19.45.42:126][  0]LogConfig: Setting CVar [[r.Shadow.CSM.TransitionScale:1.0]]
[2024.01.18-19.45.42:126][  0]LogConfig: Setting CVar [[r.Shadow.PreShadowResolutionFactor:1.0]]
[2024.01.18-19.45.42:126][  0]LogConfig: Setting CVar [[r.DistanceFieldShadowing:1]]
[2024.01.18-19.45.42:126][  0]LogConfig: Setting CVar [[r.DistanceFieldAO:1]]
[2024.01.18-19.45.42:126][  0]LogConfig: Setting CVar [[r.AOQuality:2]]
[2024.01.18-19.45.42:126][  0]LogConfig: Setting CVar [[r.VolumetricFog:1]]
[2024.01.18-19.45.42:126][  0]LogConfig: Setting CVar [[r.VolumetricFog.GridPixelSize:8]]
[2024.01.18-19.45.42:127][  0]LogConfig: Setting CVar [[r.VolumetricFog.GridSizeZ:128]]
[2024.01.18-19.45.42:127][  0]LogConfig: Setting CVar [[r.VolumetricFog.HistoryMissSupersampleCount:4]]
[2024.01.18-19.45.42:127][  0]LogConfig: Setting CVar [[r.LightMaxDrawDistanceScale:1]]
[2024.01.18-19.45.42:127][  0]LogConfig: Setting CVar [[r.CapsuleShadows:1]]
[2024.01.18-19.45.42:127][  0]LogConfig: Applying CVar settings from Section [PostProcessQuality@3] File [C:/Users/enthu/OneDrive/Документы/GitHub/DormCourseWork/DormPlatformer/Saved/Config/Windows/Scalability.ini]
[2024.01.18-19.45.42:127][  0]LogConfig: Setting CVar [[r.MotionBlurQuality:4]]
[2024.01.18-19.45.42:127][  0]LogConfig: Setting CVar [[r.AmbientOcclusionMipLevelFactor:0.4]]
[2024.01.18-19.45.42:127][  0]LogConfig: Setting CVar [[r.AmbientOcclusionMaxQuality:100]]
[2024.01.18-19.45.42:127][  0]LogConfig: Setting CVar [[r.AmbientOcclusionLevels:-1]]
[2024.01.18-19.45.42:127][  0]LogConfig: Setting CVar [[r.AmbientOcclusionRadiusScale:1.0]]
[2024.01.18-19.45.42:127][  0]LogConfig: Setting CVar [[r.DepthOfFieldQuality:2]]
[2024.01.18-19.45.42:127][  0]LogConfig: Setting CVar [[r.RenderTargetPoolMin:400]]
[2024.01.18-19.45.42:127][  0]LogConfig: Setting CVar [[r.LensFlareQuality:2]]
[2024.01.18-19.45.42:127][  0]LogConfig: Setting CVar [[r.SceneColorFringeQuality:1]]
[2024.01.18-19.45.42:127][  0]LogConfig: Setting CVar [[r.EyeAdaptationQuality:2]]
[2024.01.18-19.45.42:127][  0]LogConfig: Setting CVar [[r.BloomQuality:5]]
[2024.01.18-19.45.42:127][  0]LogConfig: Setting CVar [[r.FastBlurThreshold:100]]
[2024.01.18-19.45.42:127][  0]LogConfig: Setting CVar [[r.Upscale.Quality:3]]
[2024.01.18-19.45.42:127][  0]LogConfig: Setting CVar [[r.Tonemapper.GrainQuantization:1]]
[2024.01.18-19.45.42:127][  0]LogConfig: Setting CVar [[r.LightShaftQuality:1]]
[2024.01.18-19.45.42:127][  0]LogConfig: Setting CVar [[r.Filter.SizeScale:1]]
[2024.01.18-19.45.42:127][  0]LogConfig: Setting CVar [[r.Tonemapper.Quality:5]]
[2024.01.18-19.45.42:127][  0]LogConfig: Setting CVar [[r.DOF.Gather.AccumulatorQuality:1        ; higher gathering accumulator quality]]
[2024.01.18-19.45.42:127][  0]LogConfig: Setting CVar [[r.DOF.Gather.PostfilterMethod:1          ; Median3x3 postfilering method]]
[2024.01.18-19.45.42:127][  0]LogConfig: Setting CVar [[r.DOF.Gather.EnableBokehSettings:0       ; no bokeh simulation when gathering]]
[2024.01.18-19.45.42:127][  0]LogConfig: Setting CVar [[r.DOF.Gather.RingCount:4                 ; medium number of samples when gathering]]
[2024.01.18-19.45.42:127][  0]LogConfig: Setting CVar [[r.DOF.Scatter.ForegroundCompositing:1    ; additive foreground scattering]]
[2024.01.18-19.45.42:127][  0]LogConfig: Setting CVar [[r.DOF.Scatter.BackgroundCompositing:2    ; additive background scattering]]
[2024.01.18-19.45.42:127][  0]LogConfig: Setting CVar [[r.DOF.Scatter.EnableBokehSettings:1      ; bokeh simulation when scattering]]
[2024.01.18-19.45.42:127][  0]LogConfig: Setting CVar [[r.DOF.Scatter.MaxSpriteRatio:0.1         ; only a maximum of 10% of scattered bokeh]]
[2024.01.18-19.45.42:127][  0]LogConfig: Setting CVar [[r.DOF.Recombine.Quality:1                ; cheap slight out of focus]]
[2024.01.18-19.45.42:127][  0]LogConfig: Setting CVar [[r.DOF.Recombine.EnableBokehSettings:0    ; no bokeh simulation on slight out of focus]]
[2024.01.18-19.45.42:127][  0]LogConfig: Setting CVar [[r.DOF.TemporalAAQuality:1                ; more stable temporal accumulation]]
[2024.01.18-19.45.42:127][  0]LogConfig: Setting CVar [[r.DOF.Kernel.MaxForegroundRadius:0.025]]
[2024.01.18-19.45.42:127][  0]LogConfig: Setting CVar [[r.DOF.Kernel.MaxBackgroundRadius:0.025]]
[2024.01.18-19.45.42:127][  0]LogConfig: Applying CVar settings from Section [TextureQuality@3] File [C:/Users/enthu/OneDrive/Документы/GitHub/DormCourseWork/DormPlatformer/Saved/Config/Windows/Scalability.ini]
[2024.01.18-19.45.42:127][  0]LogConfig: Setting CVar [[r.Streaming.MipBias:0]]
[2024.01.18-19.45.42:127][  0]LogConfig: Setting CVar [[r.Streaming.AmortizeCPUToGPUCopy:0]]
[2024.01.18-19.45.42:127][  0]LogConfig: Setting CVar [[r.Streaming.MaxNumTexturesToStreamPerFrame:0]]
[2024.01.18-19.45.42:127][  0]LogConfig: Setting CVar [[r.Streaming.Boost:1]]
[2024.01.18-19.45.42:127][  0]LogConfig: Setting CVar [[r.MaxAnisotropy:8]]
[2024.01.18-19.45.42:127][  0]LogConfig: Setting CVar [[r.VT.MaxAnisotropy:8]]
[2024.01.18-19.45.42:127][  0]LogConfig: Setting CVar [[r.Streaming.LimitPoolSizeToVRAM:0]]
[2024.01.18-19.45.42:127][  0]LogConfig: Setting CVar [[r.Streaming.PoolSize:1000]]
[2024.01.18-19.45.42:127][  0]LogConfig: Setting CVar [[r.Streaming.MaxEffectiveScreenSize:0]]
[2024.01.18-19.45.42:127][  0]LogConfig: Applying CVar settings from Section [EffectsQuality@3] File [C:/Users/enthu/OneDrive/Документы/GitHub/DormCourseWork/DormPlatformer/Saved/Config/Windows/Scalability.ini]
[2024.01.18-19.45.42:127][  0]LogConfig: Setting CVar [[r.TranslucencyLightingVolumeDim:64]]
[2024.01.18-19.45.42:127][  0]LogConfig: Setting CVar [[r.RefractionQuality:2]]
[2024.01.18-19.45.42:127][  0]LogConfig: Setting CVar [[r.SSR.Quality:3]]
[2024.01.18-19.45.42:127][  0]LogConfig: Setting CVar [[r.SSR.HalfResSceneColor:0]]
[2024.01.18-19.45.42:127][  0]LogConfig: Setting CVar [[r.SceneColorFormat:4]]
[2024.01.18-19.45.42:127][  0]LogConfig: Setting CVar [[r.DetailMode:2]]
[2024.01.18-19.45.42:127][  0]LogConfig: Setting CVar [[r.TranslucencyVolumeBlur:1]]
[2024.01.18-19.45.42:127][  0]LogConfig: Setting CVar [[r.MaterialQualityLevel:1 ; High quality]]
[2024.01.18-19.45.42:127][  0]LogConfig: Setting CVar [[r.AnisotropicMaterials:1]]
[2024.01.18-19.45.42:127][  0]LogConfig: Setting CVar [[r.SSS.Scale:1]]
[2024.01.18-19.45.42:127][  0]LogConfig: Setting CVar [[r.SSS.SampleSet:2]]
[2024.01.18-19.45.42:127][  0]LogConfig: Setting CVar [[r.SSS.Quality:1]]
[2024.01.18-19.45.42:127][  0]LogConfig: Setting CVar [[r.SSS.HalfRes:0]]
[2024.01.18-19.45.42:127][  0]LogConfig: Setting CVar [[r.SSGI.Quality:3]]
[2024.01.18-19.45.42:127][  0]LogConfig: Setting CVar [[r.EmitterSpawnRateScale:1.0]]
[2024.01.18-19.45.42:127][  0]LogConfig: Setting CVar [[r.ParticleLightQuality:2]]
[2024.01.18-19.45.42:127][  0]LogConfig: Setting CVar [[r.SkyAtmosphere.AerialPerspectiveLUT.FastApplyOnOpaque:1 ; Always have FastSkyLUT 1 in this case to avoid wrong sky]]
[2024.01.18-19.45.42:127][  0]LogConfig: Setting CVar [[r.SkyAtmosphere.AerialPerspectiveLUT.SampleCountMaxPerSlice:4]]
[2024.01.18-19.45.42:127][  0]LogConfig: Setting CVar [[r.SkyAtmosphere.AerialPerspectiveLUT.DepthResolution:16.0]]
[2024.01.18-19.45.42:127][  0]LogConfig: Setting CVar [[r.SkyAtmosphere.FastSkyLUT:1]]
[2024.01.18-19.45.42:127][  0]LogConfig: Setting CVar [[r.SkyAtmosphere.FastSkyLUT.SampleCountMin:4.0]]
[2024.01.18-19.45.42:127][  0]LogConfig: Setting CVar [[r.SkyAtmosphere.FastSkyLUT.SampleCountMax:128.0]]
[2024.01.18-19.45.42:127][  0]LogConfig: Setting CVar [[r.SkyAtmosphere.SampleCountMin:4.0]]
[2024.01.18-19.45.42:127][  0]LogConfig: Setting CVar [[r.SkyAtmosphere.SampleCountMax:128.0]]
[2024.01.18-19.45.42:127][  0]LogConfig: Setting CVar [[r.SkyAtmosphere.TransmittanceLUT.UseSmallFormat:0]]
[2024.01.18-19.45.42:127][  0]LogConfig: Setting CVar [[r.SkyAtmosphere.TransmittanceLUT.SampleCount:10.0]]
[2024.01.18-19.45.42:127][  0]LogConfig: Setting CVar [[r.SkyAtmosphere.MultiScatteringLUT.SampleCount:15.0]]
[2024.01.18-19.45.42:127][  0]LogConfig: Setting CVar [[r.SkyLight.RealTimeReflectionCapture:1]]
[2024.01.18-19.45.42:127][  0]LogConfig: Applying CVar settings from Section [FoliageQuality@3] File [C:/Users/enthu/OneDrive/Документы/GitHub/DormCourseWork/DormPlatformer/Saved/Config/Windows/Scalability.ini]
[2024.01.18-19.45.42:127][  0]LogConfig: Setting CVar [[foliage.DensityScale:1.0]]
[2024.01.18-19.45.42:127][  0]LogConfig: Setting CVar [[grass.DensityScale:1.0]]
[2024.01.18-19.45.42:127][  0]LogConfig: Applying CVar settings from Section [ShadingQuality@3] File [C:/Users/enthu/OneDrive/Документы/GitHub/DormCourseWork/DormPlatformer/Saved/Config/Windows/Scalability.ini]
[2024.01.18-19.45.42:127][  0]LogConfig: Setting CVar [[r.HairStrands.SkyLighting.IntegrationType:2]]
[2024.01.18-19.45.42:127][  0]LogConfig: Setting CVar [[r.HairStrands.SkyAO.SampleCount:4]]
[2024.01.18-19.45.42:127][  0]LogConfig: Setting CVar [[r.HairStrands.Visibility.MSAA.SamplePerPixel:4]]
[2024.01.18-19.45.42:127][  0]LogConfig: Applying CVar settings from Section [Startup] File [../../../Engine/Config/ConsoleVariables.ini]
[2024.01.18-19.45.42:129][  0]LogConfig: Setting CVar [[net.UseAdaptiveNetUpdateFrequency:0]]
[2024.01.18-19.45.42:129][  0]LogConfig: Setting CVar [[p.chaos.AllowCreatePhysxBodies:1]]
[2024.01.18-19.45.42:129][  0]LogConfig: Setting CVar [[fx.SkipVectorVMBackendOptimizations:1]]
[2024.01.18-19.45.42:129][  0]LogConfig: Applying CVar settings from Section [ConsoleVariables] File [C:/Users/enthu/OneDrive/Документы/GitHub/DormCourseWork/DormPlatformer/Saved/Config/Windows/Engine.ini]
[2024.01.18-19.45.42:129][  0]LogConfig: Applying CVar settings from Section [ConsoleVariables] File [C:/Users/enthu/OneDrive/Документы/GitHub/DormCourseWork/DormPlatformer/Saved/Config/Windows/Editor.ini]
[2024.01.18-19.45.42:129][  0]LogInit: Computer: UN1CORN
[2024.01.18-19.45.42:129][  0]LogInit: User: enthu
[2024.01.18-19.45.42:129][  0]LogInit: CPU Page size=4096, Cores=4
[2024.01.18-19.45.42:129][  0]LogInit: High frequency timer resolution =10.000000 MHz
[2024.01.18-19.45.42:129][  0]LogMemory: Memory total: Physical=7.8GB (8GB approx)
[2024.01.18-19.45.42:130][  0]LogMemory: Platform Memory Stats for Windows
[2024.01.18-19.45.42:130][  0]LogMemory: Process Physical Memory: 147.46 MB used, 147.46 MB peak
[2024.01.18-19.45.42:130][  0]LogMemory: Process Virtual Memory: 128.77 MB used, 128.77 MB peak
[2024.01.18-19.45.42:130][  0]LogMemory: Physical Memory: 7576.11 MB used,  415.19 MB free, 7991.30 MB total
[2024.01.18-19.45.42:130][  0]LogMemory: Virtual Memory: 134214888.00 MB used,  2837.76 MB free, 134217728.00 MB total
[2024.01.18-19.45.42:198][  0]LogWindows: WindowsPlatformFeatures enabled
[2024.01.18-19.45.42:309][  0]LogInit: Physics initialised using underlying interface: PhysX
[2024.01.18-19.45.42:310][  0]LogInit: Using OS detected language (ru-RU).
[2024.01.18-19.45.42:310][  0]LogInit: Using OS detected locale (ru-KZ).
[2024.01.18-19.45.42:313][  0]LogTextLocalizationManager: No specific localization for 'ru-RU' exists, so the 'ru' localization will be used.
[2024.01.18-19.45.42:316][  0]LogTextLocalizationResource: LocRes '../../../Engine/Content/Localization/Editor/ru/Editor.locres' could not be opened for reading!
[2024.01.18-19.45.42:316][  0]LogTextLocalizationResource: LocRes '../../../Engine/Content/Localization/EditorTutorials/ru/EditorTutorials.locres' could not be opened for reading!
[2024.01.18-19.45.42:316][  0]LogTextLocalizationResource: LocRes '../../../Engine/Content/Localization/Keywords/ru/Keywords.locres' could not be opened for reading!
[2024.01.18-19.45.42:316][  0]LogTextLocalizationResource: LocRes '../../../Engine/Content/Localization/Category/ru/Category.locres' could not be opened for reading!
[2024.01.18-19.45.42:316][  0]LogTextLocalizationResource: LocRes '../../../Engine/Content/Localization/ToolTips/ru/ToolTips.locres' could not be opened for reading!
[2024.01.18-19.45.42:316][  0]LogTextLocalizationResource: LocRes '../../../Engine/Content/Localization/PropertyNames/ru/PropertyNames.locres' could not be opened for reading!
[2024.01.18-19.45.42:316][  0]LogTextLocalizationResource: LocRes '../../../Engine/Content/Localization/Engine/ru/Engine.locres' could not be opened for reading!
[2024.01.18-19.45.42:339][  0]LogWindowsTextInputMethodSystem: Display: IME system deactivated.
[2024.01.18-19.45.42:389][  0]LogSlate: New Slate User Created.  User Index 0, Is Virtual User: 0
[2024.01.18-19.45.42:389][  0]LogSlate: Slate User Registered.  User Index 0, Is Virtual User: 0
[2024.01.18-19.45.42:420][  0]LogD3D11RHI: Loaded GFSDK_Aftermath_Lib.x64.dll
[2024.01.18-19.45.42:445][  0]LogHMD: Failed to initialize OpenVR with code 110
[2024.01.18-19.45.42:445][  0]LogD3D11RHI: D3D11 min allowed feature level: 11_0
[2024.01.18-19.45.42:445][  0]LogD3D11RHI: D3D11 max allowed feature level: 11_0
[2024.01.18-19.45.42:445][  0]LogD3D11RHI: D3D11 adapters:
[2024.01.18-19.45.42:610][  0]LogD3D11RHI:    0. 'Intel(R) Iris(R) Xe Graphics' (Feature Level 11_0)
[2024.01.18-19.45.42:610][  0]LogD3D11RHI:       128/0/3995 MB DedicatedVideo/DedicatedSystem/SharedSystem, Outputs:1, VendorId:0x8086
[2024.01.18-19.45.42:616][  0]LogD3D11RHI:    1. 'Microsoft Basic Render Driver' (Feature Level 11_0)
[2024.01.18-19.45.42:616][  0]LogD3D11RHI:       0/0/3995 MB DedicatedVideo/DedicatedSystem/SharedSystem, Outputs:0, VendorId:0x1414
[2024.01.18-19.45.42:743][  0]LogD3D11RHI:    2. 'Intel(R) Iris(R) Xe Graphics' (Feature Level 11_0)
[2024.01.18-19.45.42:743][  0]LogD3D11RHI:       128/0/3995 MB DedicatedVideo/DedicatedSystem/SharedSystem, Outputs:0, VendorId:0x8086
[2024.01.18-19.45.42:743][  0]LogD3D11RHI: Chosen D3D11 Adapter:
[2024.01.18-19.45.42:743][  0]LogD3D11RHI:     Description : Intel(R) Iris(R) Xe Graphics
[2024.01.18-19.45.42:743][  0]LogD3D11RHI:     VendorId    : 8086
[2024.01.18-19.45.42:743][  0]LogD3D11RHI:     DeviceId    : 9a49
[2024.01.18-19.45.42:743][  0]LogD3D11RHI:     SubSysId    : 127d152d
[2024.01.18-19.45.42:743][  0]LogD3D11RHI:     Revision    : 0001
[2024.01.18-19.45.42:743][  0]LogD3D11RHI:     DedicatedVideoMemory : 134217728 bytes
[2024.01.18-19.45.42:743][  0]LogD3D11RHI:     DedicatedSystemMemory : 0 bytes
[2024.01.18-19.45.42:743][  0]LogD3D11RHI:     SharedSystemMemory : 4189745152 bytes
[2024.01.18-19.45.42:743][  0]LogD3D11RHI:     AdapterLuid : 0 51695
[2024.01.18-19.45.42:754][  0]LogD3D11RHI: Creating new Direct3DDevice
[2024.01.18-19.45.42:754][  0]LogD3D11RHI:     GPU DeviceId: 0x9a49 (for the marketing name, search the web for "GPU Device Id")
[2024.01.18-19.45.42:754][  0]LogWindows: EnumDisplayDevices:
[2024.01.18-19.45.42:754][  0]LogWindows:    0. 'Intel(R) Iris(R) Xe Graphics' (P:1 D:1)
[2024.01.18-19.45.42:754][  0]LogWindows:    1. 'Intel(R) Iris(R) Xe Graphics' (P:0 D:0)
[2024.01.18-19.45.42:755][  0]LogWindows:    2. 'Intel(R) Iris(R) Xe Graphics' (P:0 D:0)
[2024.01.18-19.45.42:755][  0]LogWindows:    3. 'Intel(R) Iris(R) Xe Graphics' (P:0 D:0)
[2024.01.18-19.45.42:756][  0]LogWindows:    4. 'Virtual Display Device' (P:0 D:0)
[2024.01.18-19.45.42:756][  0]LogWindows: DebugString: GetVideoDriverDetailsInvalid PrimaryIsNotTheChoosenAdapter FoundDriverCount:4 
[2024.01.18-19.45.42:756][  0]LogD3D11RHI:     Adapter Name: Intel(R) Iris(R) Xe Graphics
[2024.01.18-19.45.42:756][  0]LogD3D11RHI:   Driver Version: 31.0.101.4953 (internal:31.0.101.4953, unified:31.0.101.4953)
[2024.01.18-19.45.42:756][  0]LogD3D11RHI:      Driver Date: 11-7-2023
[2024.01.18-19.45.42:756][  0]LogRHI: Texture pool is 1488 MB (70% of 2125 MB)
[2024.01.18-19.45.42:789][  0]LogD3D11RHI: Creating D3DDevice using adapter:
[2024.01.18-19.45.42:789][  0]LogD3D11RHI:     Description : Intel(R) Iris(R) Xe Graphics
[2024.01.18-19.45.42:789][  0]LogD3D11RHI:     VendorId    : 8086
[2024.01.18-19.45.42:789][  0]LogD3D11RHI:     DeviceId    : 9a49
[2024.01.18-19.45.42:789][  0]LogD3D11RHI:     SubSysId    : 127d152d
[2024.01.18-19.45.42:789][  0]LogD3D11RHI:     Revision    : 0001
[2024.01.18-19.45.42:789][  0]LogD3D11RHI:     DedicatedVideoMemory : 134217728 bytes
[2024.01.18-19.45.42:789][  0]LogD3D11RHI:     DedicatedSystemMemory : 0 bytes
[2024.01.18-19.45.42:789][  0]LogD3D11RHI:     SharedSystemMemory : 4189745152 bytes
[2024.01.18-19.45.42:789][  0]LogD3D11RHI:     AdapterLuid : 0 51695
[2024.01.18-19.45.42:899][  0]LogD3D11RHI: RHI does not have support for 64 bit atomics
[2024.01.18-19.45.42:933][  0]LogD3D11RHI: Intel Extensions support version Full=16777216, Major=1, Minor=0, Revision=0
[2024.01.18-19.45.42:933][  0]LogD3D11RHI: Intel Extensions support version Full=16777217, Major=1, Minor=0, Revision=1
[2024.01.18-19.45.42:934][  0]LogD3D11RHI: Intel Extensions Framework enabled
[2024.01.18-19.45.42:940][  0]LogD3D11RHI: [IntelMetricsDiscovery] Started
[2024.01.18-19.45.42:940][  0]LogD3D11RHI: Async texture creation enabled
[2024.01.18-19.45.42:940][  0]LogD3D11RHI: Array index from any shader is supported
[2024.01.18-19.45.42:987][  0]LogD3D11RHI: GPU Timing Frequency: 19.200000 (Debug: 2 0)
[2024.01.18-19.45.43:649][  0]LogTargetPlatformManager: Display: Loaded TargetPlatform 'WindowsNoEditor'
[2024.01.18-19.45.43:661][  0]LogTargetPlatformManager: Display: Loaded TargetPlatform 'Windows'
[2024.01.18-19.45.43:671][  0]LogTargetPlatformManager: Display: Loaded TargetPlatform 'WindowsClient'
[2024.01.18-19.45.43:681][  0]LogTargetPlatformManager: Display: Loaded TargetPlatform 'WindowsServer'
[2024.01.18-19.45.43:681][  0]LogTargetPlatformManager: Display: Building Assets For Windows
[2024.01.18-19.45.43:704][  0]LogAudioDebug: Display: Lib vorbis DLL was dynamically loaded.
[2024.01.18-19.45.43:813][  0]LogTextureFormatOodle: Display: Oodle Texture 2.9.0 init RDO Off
[2024.01.18-19.45.43:973][  0]LogRendererCore: Ray tracing is disabled. Reason: r.RayTracing=0.
[2024.01.18-19.45.43:977][  0]LogShaderCompilers: Guid format shader working directory is -25 characters bigger than the processId version (C:/Users/enthu/OneDrive/Документы/GitHub/DormCourseWork/DormPlatformer/Intermediate/Shaders/WorkingDirectory/16000/).
[2024.01.18-19.45.43:978][  0]LogShaderCompilers: Cleaned the shader compiler working directory 'C:/Users/enthu/AppData/Local/Temp/UnrealShaderWorkingDir/5CBCA2BD407BDDCF906BA1B74779BFFA/'.
[2024.01.18-19.45.43:979][  0]LogShaderCompilers: Display: Using XGE Controller for Shader Compilation.
[2024.01.18-19.45.45:757][  0]LogDerivedDataCache: Display: Max Cache Size: 512 MB
[2024.01.18-19.45.45:952][  0]LogDerivedDataCache: Loaded boot cache 0.19s 94MB C:/Users/enthu/AppData/Local/UnrealEngine/4.27/DerivedDataCache/Boot.ddc.
[2024.01.18-19.45.45:953][  0]LogDerivedDataCache: Display: Loaded Boot cache: C:/Users/enthu/AppData/Local/UnrealEngine/4.27/DerivedDataCache/Boot.ddc
[2024.01.18-19.45.45:953][  0]LogDerivedDataCache: FDerivedDataBackendGraph:  Pak pak cache file C:/Users/enthu/OneDrive/Документы/GitHub/DormCourseWork/DormPlatformer/DerivedDataCache/DDC.ddp not found, will not use a pak cache.
[2024.01.18-19.45.45:953][  0]LogDerivedDataCache: Unable to find inner node Pak for hierarchical cache Hierarchy.
[2024.01.18-19.45.45:953][  0]LogDerivedDataCache: FDerivedDataBackendGraph:  CompressedPak pak cache file C:/Users/enthu/OneDrive/Документы/GitHub/DormCourseWork/DormPlatformer/DerivedDataCache/Compressed.ddp not found, will not use a pak cache.
[2024.01.18-19.45.45:953][  0]LogDerivedDataCache: Unable to find inner node CompressedPak for hierarchical cache Hierarchy.
[2024.01.18-19.45.45:998][  0]LogDerivedDataCache: Display: Pak cache opened for reading ../../../Engine/DerivedDataCache/Compressed.ddp.
[2024.01.18-19.45.45:999][  0]LogDerivedDataCache: FDerivedDataBackendGraph:  EnterprisePak pak cache file ../../../Enterprise/DerivedDataCache/Compressed.ddp not found, will not use a pak cache.
[2024.01.18-19.45.45:999][  0]LogDerivedDataCache: Unable to find inner node EnterprisePak for hierarchical cache Hierarchy.
[2024.01.18-19.45.46:041][  0]LogDerivedDataCache: Speed tests for C:/Users/enthu/AppData/Local/UnrealEngine/Common/DerivedDataCache took 0.04 seconds
[2024.01.18-19.45.46:041][  0]LogDerivedDataCache: Display: Performance to C:/Users/enthu/AppData/Local/UnrealEngine/Common/DerivedDataCache: Latency=0.10ms. RandomReadSpeed=48.65MBs, RandomWriteSpeed=46.32MBs. Assigned SpeedClass 'Local'
[2024.01.18-19.45.46:042][  0]LogDerivedDataCache: Using Local data cache path C:/Users/enthu/AppData/Local/UnrealEngine/Common/DerivedDataCache: Writable
[2024.01.18-19.45.46:043][  0]LogDerivedDataCache: Shared data cache path not found in *engine.ini, will not use an Shared cache.
[2024.01.18-19.45.46:043][  0]LogDerivedDataCache: Unable to find inner node Shared for hierarchical cache Hierarchy.
[2024.01.18-19.45.46:128][  0]LogSlate: Using FreeType 2.10.0
[2024.01.18-19.45.46:130][  0]LogSlate: SlateFontServices - WITH_FREETYPE: 1, WITH_HARFBUZZ: 1
[2024.01.18-19.45.46:313][  0]LogInit: Using OS detected language (ru-RU).
[2024.01.18-19.45.46:313][  0]LogInit: Using OS detected locale (ru-KZ).
[2024.01.18-19.45.46:314][  0]LogTextLocalizationManager: No localization for 'ru-RU' exists, so 'en' will be used for the language.
[2024.01.18-19.45.46:314][  0]LogTextLocalizationManager: No localization for 'ru-KZ' exists, so 'en' will be used for the locale.
[2024.01.18-19.45.46:314][  0]LogSlate: FontCache flush requested. Reason: Culture for localization was changed
[2024.01.18-19.45.46:314][  0]LogSlate: FontCache flush requested. Reason: Culture for localization was changed
[2024.01.18-19.45.46:322][  0]LogAssetRegistry: FAssetRegistry took 0.0044 seconds to start up
[2024.01.18-19.45.47:030][  0]LogTextLocalizationManager: Compacting localization data took   0.01ms
[2024.01.18-19.45.47:030][  0]LogPackageLocalizationCache: Processed 29 localized package path(s) for 1 prioritized culture(s) in 0.006432 seconds
[2024.01.18-19.45.47:177][  0]LogInit: Selected Device Profile: [Windows]
[2024.01.18-19.45.47:177][  0]LogInit: Active device profile: [000001F23E9AED00][000001F23D2FF0C0 49] Windows
[2024.01.18-19.45.47:178][  0]LogInit: Profiles: [000001F23E9AED00][000001F23D2FF0C0 49] Windows, [000001F23E94A600][000001F23D307240 49] WindowsNoEditor, [000001F23E9AD200][000001F23D30B3C0 49] WindowsServer, [000001F23E948C00][000001F236175540 49] WindowsClient, [000001F23E953F00][000001F2361796C0 49] IOS, [000001F23E9AD300][000001F23617D840 49] iPadAir, [000001F23E948200][000001F23D303980 49] iPadAir2, [000001F23E8EC800][000001F236185BC0 49] IPadPro, [000001F23E8EC900][000001F236181C00 49] iPadAir3, [000001F23E951F00][000001F2361881C0 49] iPadAir4, [000001F23E8ED800][000001F236190340 49] iPadMini2, [000001F23E952A00][000001F2361944C0 49] iPadMini3, [000001F23E8EE500][000001F236198640 49] iPadMini4, [000001F23E953B00][000001F23619C7C0 49] iPadMini5, [000001F23E9AC100][000001F2361A4A80 49] iPhone6, [000001F23E9AD600][000001F2361A0AC0 49] iPodTouch6, [000001F23E948B00][000001F2361ACD80 49] iPhone7, [000001F23E94BE00][000001F2361A8DC0 49] iPodTouch7, [000001F23E8EF300][000001F2361B0F40 49] iPhone5S, [000001F23E94A100][000001F2361B50C0 49] iPhone6Plus, [000001F23E8EEA00][000001F2361B9240 49] iPhone6S, [000001F23E94AA00][000001F2361BD3C0 49] iPhone6SPlus, [000001F23E8EE900][000001F2361C1540 49] iPhone7Plus, [000001F23E948A00][000001F2361C56C0 49] iPhoneSE, [000001F23E9AC800][000001F2361C9840 49] iPhone8, [000001F23E94A800][000001F2361CD9C0 49] iPhone8Plus, [000001F23E9AE300][000001F23618DB00 49] iPhoneX, [000001F23E94A000][000001F2361D00C0 49] iPhoneXS, [000001F23E9AC300][000001F2361D4200 49] iPhoneXSMax, [000001F23E94B700][000001F2361D8340 49] iPhoneXR, [000001F23E9AD900][000001F2361E04C0 49] iPhone11, [000001F23E948800][000001F2361E4640 49] iPhone11Pro, [000001F23E9ACE00][000001F2361E87C0 49] iPhone11ProMax, [000001F23E949B00][000001F2361EC940 49] iPhoneSE2, [000001F23E9AC900][000001F2361F0AC0 49] iPhone12Mini, [000001F23E94B900][000001F2361F4C40 49] iPhone12, [000001F23E9AEE00][000001F23765EDC0 49] iPhone12Pro, [000001F23E94BF00][000001F237662F40 49] iPhone12ProMax, [000001F23E9AC200][000001F2376670C0 49] iPadPro105, [000001F23E948100][000001F23766B240 49] iPadPro129, [000001F23E9AE800][000001F23766F3C0 49] iPadPro97, [000001F23E949200][000001F237673540 49] iPadPro2_129, [000001F23E9ACC00][000001F2376776C0 49] iPad5, [000001F23E94AB00][000001F23767B840 49] iPad6, [000001F23E9AF000][000001F23767F9C0 49] iPad7, [000001F23E94B200][000001F237683B40 49] iPad8, [000001F23E9AE700][000001F237686140 49] iPadPro11, [000001F23E949F00][000001F2361DC280 49] iPadPro2_11, [000001F23E9ACF00][000001F23768A3C0 49] iPadPro3_129, [000001F23E948300][000001F23768E500 49] iPadPro4_129, [000001F23E9AD400][000001F237696680 49] AppleTV, [000001F23E94BD00][000001F23769A800 49] AppleTV4K, [000001F23E9AE900][000001F23769E980 49] TVOS, [000001F23E94AF00][000001F2376A2B00 49] Mac, [000001F23E9AEB00][000001F2376A6C80 49] MacClient, [000001F23E949900][000001F2376AAE00 49] MacNoEditor, [000001F23E9AD000][000001F2376AEF80 49] MacServer, [000001F23E948400][000001F2376B3100 49] Linux, [000001F23E9ADC00][000001F2376B7280 49] LinuxAArch64, [000001F23E94A300][000001F2376BB400 49] LinuxNoEditor, [000001F23E9AF100][000001F2376BF580 49] LinuxAArch64NoEditor, [000001F23E948E00][000001F2376C3700 49] LinuxClient, [000001F23E9ADE00][000001F2376C7880 49] LinuxAArch64Client, [000001F23E94BC00][000001F2376CBA00 49] LinuxServer, [000001F23E9AC600][000001F2376CFB80 49] LinuxAArch64Server, [000001F23E952100][000001F2376D2180 49] Android, [000001F23E8EF100][000001F2376D6300 49] Android_Low, [000001F23E950700][000001F237692440 49] Android_Mid, [000001F23E8EF900][000001F2376DA580 49] Android_High, [000001F23E953500][000001F2376DE6C0 49] Android_Default, [000001F23E8EDA00][000001F2376E6840 49] Android_Adreno4xx, [000001F23E953200][000001F2376EA9C0 49] Android_Adreno5xx_Low, [000001F23E8EE200][000001F2376EEB40 49] Android_Adreno5xx, [000001F23E952D00][000001F2376F2CC0 49] Android_Adreno6xx, [000001F23E8ECB00][000001F2376F6E40 49] Android_Adreno6xx_Vulkan, [000001F23E950E00][000001F2376FAFC0 49] Android_Mali_T6xx, [000001F23E8EF200][000001F2376FF140 49] Android_Mali_T7xx, [000001F23E952200][000001F2377032C0 49] Android_Mali_T8xx, [000001F23E8ED600][000001F237707440 49] Android_Mali_G71, [000001F23E953100][000001F23770B5C0 49] Android_Mali_G72, [000001F23E8EC600][000001F23770F740 49] Android_Mali_G72_Vulkan, [000001F23E951600][000001F2377138C0 49] Android_Mali_G76, [000001F23E8EE000][000001F237717A40 49] Android_Mali_G76_Vulkan, [000001F23E952600][000001F23771BBC0 49] Android_Mali_G77, [000001F23E8ECC00][000001F236B001C0 49] Android_Mali_G77_Vulkan, [000001F23E950300][000001F236B04340 49] Android_Mali_G78, [000001F23E8ED500][000001F236B084C0 49] Android_Mali_G78_Vulkan, [000001F23E951900][000001F2376E2600 49] Android_Mali_G710, [000001F23E8EEF00][000001F236B0C740 49] Android_Mali_G710_Vulkan, [000001F23E952E00][000001F236B10880 49] Android_Vulkan_SM5, [000001F23E8EFC00][000001F236B149C0 49] Android_PowerVR_G6xxx, [000001F23E953300][000001F236B1CB40 49] Android_PowerVR_GT7xxx, [000001F23E8EF000][000001F236B20CC0 49] Android_PowerVR_GE8xxx, [000001F23E950F00][000001F236B24E40 49] Android_PowerVR_GM9xxx, [000001F23E8EC500][000001F236B28FC0 49] Android_PowerVR_GM9xxx_Vulkan, [000001F23E951200][000001F236B2D140 49] Android_TegraK1, [000001F23E8EED00][000001F236B312C0 49] Android_Unknown_Vulkan, [000001F23E953700][000001F236B35440 49] Lumin, [000001F23E8EE300][000001F236B395C0 49] Lumin_Desktop, [000001F23E952000][000001F236B3D740 49] HoloLens, 
[2024.01.18-19.45.47:355][  0]LogMeshReduction: Using QuadricMeshReduction for automatic static mesh reduction
[2024.01.18-19.45.47:355][  0]LogMeshReduction: Using SimplygonMeshReduction for automatic skeletal mesh reduction
[2024.01.18-19.45.47:355][  0]LogMeshReduction: Using ProxyLODMeshReduction for automatic mesh merging
[2024.01.18-19.45.47:355][  0]LogMeshReduction: No distributed automatic mesh merging module available
[2024.01.18-19.45.47:355][  0]LogMeshMerging: No distributed automatic mesh merging module available
[2024.01.18-19.45.47:617][  0]LogNetVersion: DormPlatformer 1.0.0, NetCL: 17155196, EngineNetVer: 17, GameNetVer: 0 (Checksum: 3887111578)
[2024.01.18-19.45.48:395][  0]LogTexture: Default maximum texture size for cubemaps generated from long-lat sources has been changed from 512 to unlimited. In order to preserve old behaiour for '/Engine/MapTemplates/Sky/DaylightAmbientCubemap.DaylightAmbientCubemap', its maximum texture size has been explicitly set to 512.
