Log file open, 01/15/24 04:58:29
LogWindows: Failed to load 'aqProf.dll' (GetLastError=126)
LogWindows: File 'aqProf.dll' does not exist
LogWindows: Failed to load 'VtuneApi.dll' (GetLastError=126)
LogWindows: File 'VtuneApi.dll' does not exist
LogWindows: Failed to load 'VtuneApi32e.dll' (GetLastError=126)
LogWindows: File 'VtuneApi32e.dll' does not exist
LogConsoleResponse: Display: Failed to find resolution value strings in scalability ini. Falling back to default.
LogConsoleResponse: Display: Failed to find resolution value strings in scalability ini. Falling back to default.
LogInit: Display: Running engine for game: DormPlatformer
LogPlatformFile: Not using cached read wrapper
LogTaskGraph: Started task graph with 5 named threads and 35 total threads with 3 sets of task threads.
LogStats: Stats thread started at 0.205109
LogICUInternationalization: ICU TimeZone Detection - Raw Offset: +7:00, Platform Override: ''
LogInit: Display: Loading text-based GConfig....
LogPluginManager: Mounting plugin MeshPainting
LogPluginManager: Mounting plugin XGEController
LogPluginManager: Mounting plugin Paper2D
LogPluginManager: Mounting plugin AISupport
LogPluginManager: Mounting plugin LiveLink
LogPluginManager: Mounting plugin EnvironmentQueryEditor
LogPluginManager: Mounting plugin LightPropagationVolume
LogPluginManager: Mounting plugin OodleData
LogPluginManager: Mounting plugin OodleNetwork
LogPluginManager: Mounting plugin GameplayCameras
LogPluginManager: Mounting plugin CameraShakePreviewer
LogPluginManager: Mounting plugin AssetManagerEditor
LogPluginManager: Mounting plugin Niagara
LogPluginManager: Mounting plugin AnimationSharing
LogPluginManager: Mounting plugin AlembicImporter
LogPluginManager: Mounting plugin BackChannel
LogPluginManager: Mounting plugin AutomationUtils
LogPluginManager: Mounting plugin ChaosCloth
LogPluginManager: Mounting plugin CLionSourceCodeAccess
LogPluginManager: Mounting plugin ChaosClothEditor
LogPluginManager: Mounting plugin CodeLiteSourceCodeAccess
LogPluginManager: Mounting plugin ChaosEditor
LogPluginManager: Mounting plugin ChaosNiagara
LogPluginManager: Mounting plugin ChaosSolverPlugin
LogPluginManager: Mounting plugin NullSourceCodeAccess
LogPluginManager: Mounting plugin KDevelopSourceCodeAccess
LogPluginManager: Mounting plugin CharacterAI
LogPluginManager: Mounting plugin PerforceSourceControl
LogPluginManager: Mounting plugin PixWinPlugin
LogPluginManager: Mounting plugin PluginUtils
LogPluginManager: Mounting plugin PlasticSourceControl
LogPluginManager: Mounting plugin PropertyAccessNode
LogPluginManager: Mounting plugin RiderSourceCodeAccess
LogPluginManager: Mounting plugin GeometryCache
LogPluginManager: Mounting plugin SubversionSourceControl
LogPluginManager: Mounting plugin GitSourceControl
LogPluginManager: Mounting plugin UObjectPlugin
LogPluginManager: Mounting plugin GeometryCollectionPlugin
LogPluginManager: Mounting plugin VisualStudioSourceCodeAccess
LogPluginManager: Mounting plugin VisualStudioCodeSourceCodeAccess
LogPluginManager: Mounting plugin XCodeSourceCodeAccess
LogPluginManager: Mounting plugin GeometryProcessing
LogPluginManager: Mounting plugin MotoSynth
LogPluginManager: Mounting plugin PlatformCrypto
LogPluginManager: Mounting plugin PlanarCut
LogPluginManager: Mounting plugin OpenImageDenoise
LogPluginManager: Mounting plugin ProxyLODPlugin
LogPluginManager: Mounting plugin PythonScriptPlugin
LogPluginManager: Mounting plugin TextureFormatOodle
LogPluginManager: Mounting plugin SkeletalReduction
LogPluginManager: Mounting plugin LuminPlatformFeatures
LogPluginManager: Mounting plugin MagicLeap
LogPluginManager: Mounting plugin MagicLeapLightEstimation
LogPluginManager: Mounting plugin MagicLeapMedia
LogPluginManager: Mounting plugin MagicLeapPassableWorld
LogPluginManager: Mounting plugin MLSDK
LogPluginManager: Mounting plugin DatasmithContent
LogPluginManager: Mounting plugin VariantManagerContent
LogPluginManager: Mounting plugin TcpMessaging
LogPluginManager: Mounting plugin UdpMessaging
LogPluginManager: Mounting plugin AndroidMedia
LogPluginManager: Mounting plugin ActorSequence
LogPluginManager: Mounting plugin LevelSequenceEditor
LogPluginManager: Mounting plugin AvfMedia
LogPluginManager: Mounting plugin MatineeToLevelSequence
LogPluginManager: Mounting plugin ImgMedia
LogPluginManager: Mounting plugin TemplateSequence
LogPluginManager: Mounting plugin MediaCompositing
LogPluginManager: Mounting plugin MediaPlayerEditor
LogPluginManager: Mounting plugin WebMMedia
LogPluginManager: Mounting plugin WmfMedia
LogPluginManager: Mounting plugin OnlineSubsystem
LogPluginManager: Mounting plugin OnlineSubsystemNull
LogPluginManager: Mounting plugin ActorLayerUtilities
LogPluginManager: Mounting plugin OnlineSubsystemUtils
LogPluginManager: Mounting plugin AndroidMoviePlayer
LogPluginManager: Mounting plugin AndroidDeviceProfileSelector
LogPluginManager: Mounting plugin AndroidPermission
LogPluginManager: Mounting plugin AppleImageUtils
LogPluginManager: Mounting plugin AppleMoviePlayer
LogPluginManager: Mounting plugin ArchVisCharacter
LogPluginManager: Mounting plugin AssetTags
LogPluginManager: Mounting plugin AudioSynesthesia
LogPluginManager: Mounting plugin AudioCapture
LogPluginManager: Mounting plugin CableComponent
LogPluginManager: Mounting plugin ChunkDownloader
LogPluginManager: Mounting plugin CustomMeshComponent
LogPluginManager: Mounting plugin EditableMesh
LogPluginManager: Mounting plugin ExampleDeviceProfileSelector
LogPluginManager: Mounting plugin GoogleCloudMessaging
LogPluginManager: Mounting plugin GooglePAD
LogPluginManager: Mounting plugin LauncherChunkInstaller
LogPluginManager: Mounting plugin LinuxDeviceProfileSelector
LogPluginManager: Mounting plugin IOSDeviceProfileSelector
LogPluginManager: Mounting plugin LocationServicesBPLibrary
LogPluginManager: Mounting plugin MobilePatchingUtils
LogPluginManager: Mounting plugin OpenXR
LogPluginManager: Mounting plugin OpenXREyeTracker
LogPluginManager: Mounting plugin OpenXRHandTracking
LogPluginManager: Mounting plugin PostSplashScreen
LogPluginManager: Mounting plugin PhysXVehicles
LogPluginManager: Mounting plugin PropertyAccessEditor
LogPluginManager: Mounting plugin ProceduralMeshComponent
LogPluginManager: Mounting plugin RuntimePhysXCooking
LogPluginManager: Mounting plugin SignificanceManager
LogPluginManager: Mounting plugin SoundFields
LogPluginManager: Mounting plugin Synthesis
LogPluginManager: Mounting plugin WebMMoviePlayer
LogPluginManager: Mounting plugin WindowsMoviePlayer
LogPluginManager: Mounting plugin ScreenshotTools
LogPluginManager: Mounting plugin MultiUserTakes
LogPluginManager: Mounting plugin Takes
LogPluginManager: Mounting plugin CryptoKeys
LogPluginManager: Mounting plugin DataValidation
LogPluginManager: Mounting plugin CurveEditorTools
LogPluginManager: Mounting plugin FacialAnimation
LogPluginManager: Mounting plugin MacGraphicsSwitching
LogPluginManager: Mounting plugin GameplayTagsEditor
LogPluginManager: Mounting plugin MaterialAnalyzer
LogPluginManager: Mounting plugin GeometryMode
LogPluginManager: Mounting plugin MobileLauncherProfileWizard
LogPluginManager: Mounting plugin PluginBrowser
LogPluginManager: Mounting plugin SpeedTreeImporter
LogPluginManager: Mounting plugin ConcertMain
LogPluginManager: Mounting plugin MultiUserClient
LogPluginManager: Mounting plugin OnlineSubsystemGooglePlay
LogPluginManager: Mounting plugin OnlineSubsystemIOS
LogPluginManager: Mounting plugin SQLiteCore
LogPluginManager: Mounting plugin OculusVR
LogPluginManager: Mounting plugin SteamVR
LogPluginManager: Mounting plugin ContentBrowserAssetDataSource
LogPluginManager: Mounting plugin ContentBrowserClassDataSource
LogPluginManager: Mounting plugin ContentBrowserFileDataSource
LogPluginManager: Mounting plugin ConcertSyncClient
LogPluginManager: Mounting plugin ConcertSyncCore
PixWinPlugin: PIX capture plugin failed to initialize! Check that the process is launched from PIX.
LogInit: Using libcurl 7.55.1-DEV
LogInit:  - built for x86_64-pc-win32
LogInit:  - supports SSL with OpenSSL/1.1.1
LogInit:  - supports HTTP deflate (compression) using libz 1.2.8
LogInit:  - other features:
LogInit:      CURL_VERSION_SSL
LogInit:      CURL_VERSION_LIBZ
LogInit:      CURL_VERSION_IPV6
LogInit:      CURL_VERSION_ASYNCHDNS
LogInit:      CURL_VERSION_LARGEFILE
LogInit:      CURL_VERSION_IDN
LogInit:  CurlRequestOptions (configurable via config and command line):
LogInit:  - bVerifyPeer = true  - Libcurl will verify peer certificate
LogInit:  - bUseHttpProxy = false  - Libcurl will NOT use HTTP proxy
LogInit:  - bDontReuseConnections = false  - Libcurl will reuse connections
LogInit:  - MaxHostConnections = 16  - Libcurl will limit the number of connections to a host
LogInit:  - LocalHostAddr = Default
LogInit:  - BufferSize = 65536
LogOnline: OSS: Creating online subsystem instance for: NULL
LogInit: WinSock: version 1.1 (2.2), MaxSocks=32767, MaxUdp=65467
LogOnline: OSS: TryLoadSubsystemAndSetDefault: Loaded subsystem for module [NULL]
LogOculusPluginWrapper: OculusPlugin initialized successfully
LogHMD: Failed initializing OVRPlugin 1.59.0
LogInit: Build: ++UE4+Release-4.27-CL-18319896
LogInit: Engine Version: 4.27.2-18319896+++UE4+Release-4.27
LogInit: Compatible Engine Version: 4.27.0-17155196+++UE4+Release-4.27
LogInit: Net CL: 17155196
LogInit: OS: Windows 10 (Release 2009) (), CPU: AMD Ryzen 5 5600 6-Core Processor              , GPU: NVIDIA GeForce RTX 2070
LogInit: Compiled (64-bit): Nov 30 2021 07:12:08
LogInit: Compiled with Visual C++: 19.24.28315.00
LogInit: Build Configuration: Development
LogInit: Branch Name: ++UE4+Release-4.27
LogInit: Command Line:  /Game/MainBP/MainMap -game -PIEVIACONSOLE -Multiprocess GameUserSettingsINI=E:/Course/DormCourseWork/DormPlatformer/Saved/Config/Windows/PIEGameUserSettings0.ini -MultiprocessSaveConfig -forcepassthrough -messaging -SessionName="Play in Standalone Game" -windowed -WinX=320 -WinY=184 SAVEWINPOS=1 -ResX=1280 -ResY=720
LogInit: Base Directory: D:/Games/UE_4.27/Engine/Binaries/Win64/
LogInit: Allocator: TBB
LogInit: Installed Engine Build: 1
LogDevObjectVersion: Number of dev versions registered: 29
LogDevObjectVersion:   Dev-Blueprints (B0D832E4-1F89-4F0D-ACCF-7EB736FD4AA2): 10
LogDevObjectVersion:   Dev-Build (E1C64328-A22C-4D53-A36C-8E866417BD8C): 0
LogDevObjectVersion:   Dev-Core (375EC13C-06E4-48FB-B500-84F0262A717E): 4
LogDevObjectVersion:   Dev-Editor (E4B068ED-F494-42E9-A231-DA0B2E46BB41): 40
LogDevObjectVersion:   Dev-Framework (CFFC743F-43B0-4480-9391-14DF171D2073): 37
LogDevObjectVersion:   Dev-Mobile (B02B49B5-BB20-44E9-A304-32B752E40360): 3
LogDevObjectVersion:   Dev-Networking (A4E4105C-59A1-49B5-A7C5-40C4547EDFEE): 0
LogDevObjectVersion:   Dev-Online (39C831C9-5AE6-47DC-9A44-9C173E1C8E7C): 0
LogDevObjectVersion:   Dev-Physics (78F01B33-EBEA-4F98-B9B4-84EACCB95AA2): 14
LogDevObjectVersion:   Dev-Platform (6631380F-2D4D-43E0-8009-CF276956A95A): 0
LogDevObjectVersion:   Dev-Rendering (12F88B9F-8875-4AFC-A67C-D90C383ABD29): 45
LogDevObjectVersion:   Dev-Sequencer (7B5AE74C-D270-4C10-A958-57980B212A5A): 13
LogDevObjectVersion:   Dev-VR (D7296918-1DD6-4BDD-9DE2-64A83CC13884): 3
LogDevObjectVersion:   Dev-LoadTimes (C2A15278-BFE7-4AFE-6C17-90FF531DF755): 1
LogDevObjectVersion:   Private-Geometry (6EACA3D4-40EC-4CC1-B786-8BED09428FC5): 3
LogDevObjectVersion:   Dev-AnimPhys (29E575DD-E0A3-4627-9D10-D276232CDCEA): 17
LogDevObjectVersion:   Dev-Anim (AF43A65D-7FD3-4947-9873-3E8ED9C1BB05): 15
LogDevObjectVersion:   Dev-ReflectionCapture (6B266CEC-1EC7-4B8F-A30B-E4D90942FC07): 1
LogDevObjectVersion:   Dev-Automation (0DF73D61-A23F-47EA-B727-89E90C41499A): 1
LogDevObjectVersion:   FortniteMain (601D1886-AC64-4F84-AA16-D3DE0DEAC7D6): 47
LogDevObjectVersion:   FortniteRelease (E7086368-6B23-4C58-8439-1B7016265E91): 1
LogDevObjectVersion:   Dev-Enterprise (9DFFBCD6-494F-0158-E221-12823C92A888): 10
LogDevObjectVersion:   Dev-Niagara (F2AED0AC-9AFE-416F-8664-AA7FFA26D6FC): 1
LogDevObjectVersion:   Dev-Destruction (174F1F0B-B4C6-45A5-B13F-2EE8D0FB917D): 10
LogDevObjectVersion:   Dev-Physics-Ext (35F94A83-E258-406C-A318-09F59610247C): 41
LogDevObjectVersion:   Dev-PhysicsMaterial-Chaos (B68FC16E-8B1B-42E2-B453-215C058844FE): 1
LogDevObjectVersion:   Dev-CineCamera (B2E18506-4273-CFC2-A54E-F4BB758BBA07): 1
LogDevObjectVersion:   Dev-VirtualProduction (64F58936-FD1B-42BA-BA96-7289D5D0FA4E): 1
LogDevObjectVersion:   Dev-MediaFramework (6F0ED827-A609-4895-9C91-998D90180EA4): 2
LogInit: Presizing for max 25165824 objects, including 0 objects not considered by GC, pre-allocating 0 bytes for permanent pool.
LogConfig: Applying CVar settings from Section [/Script/Engine.StreamingSettings] File [E:/Course/DormCourseWork/DormPlatformer/Saved/Config/Windows/Engine.ini]
LogConfig: Setting CVar [[s.MinBulkDataSizeForAsyncLoading:131072]]
LogConfig: Setting CVar [[s.AsyncLoadingThreadEnabled:0]]
LogConfig: Setting CVar [[s.EventDrivenLoaderEnabled:1]]
LogConfig: Setting CVar [[s.WarnIfTimeLimitExceeded:0]]
LogConfig: Setting CVar [[s.TimeLimitExceededMultiplier:1.5]]
LogConfig: Setting CVar [[s.TimeLimitExceededMinTime:0.005]]
LogConfig: Setting CVar [[s.UseBackgroundLevelStreaming:1]]
LogConfig: Setting CVar [[s.PriorityAsyncLoadingExtraTime:15.0]]
LogConfig: Setting CVar [[s.LevelStreamingActorsUpdateTimeLimit:5.0]]
LogConfig: Setting CVar [[s.PriorityLevelStreamingActorsUpdateExtraTime:5.0]]
LogConfig: Setting CVar [[s.LevelStreamingComponentsRegistrationGranularity:10]]
LogConfig: Setting CVar [[s.UnregisterComponentsTimeLimit:1.0]]
LogConfig: Setting CVar [[s.LevelStreamingComponentsUnregistrationGranularity:5]]
LogConfig: Setting CVar [[s.FlushStreamingOnExit:1]]
LogInit: Object subsystem initialized
LogConfig: Setting CVar [[con.DebugEarlyDefault:1]]
LogConfig: Setting CVar [[r.setres:1280x720]]
[2024.01.14-21.58.30:305][  0]LogConfig: Setting CVar [[con.DebugEarlyDefault:1]]
[2024.01.14-21.58.30:305][  0]LogConfig: Setting CVar [[r.setres:1280x720]]
[2024.01.14-21.58.30:305][  0]LogConfig: Applying CVar settings from Section [/Script/Engine.RendererSettings] File [E:/Course/DormCourseWork/DormPlatformer/Saved/Config/Windows/Engine.ini]
[2024.01.14-21.58.30:305][  0]LogConfig: Setting CVar [[r.GPUCrashDebugging:0]]
[2024.01.14-21.58.30:305][  0]LogConfig: Setting CVar [[r.Mobile.DisableVertexFog:1]]
[2024.01.14-21.58.30:305][  0]LogConfig: Setting CVar [[r.Shadow.CSM.MaxMobileCascades:2]]
[2024.01.14-21.58.30:305][  0]LogConfig: Setting CVar [[r.MobileMSAA:1]]
[2024.01.14-21.58.30:305][  0]LogConfig: Setting CVar [[r.Mobile.AllowDitheredLODTransition:0]]
[2024.01.14-21.58.30:305][  0]LogConfig: Setting CVar [[r.Mobile.AllowSoftwareOcclusion:0]]
[2024.01.14-21.58.30:305][  0]LogConfig: Setting CVar [[r.Mobile.VirtualTextures:0]]
[2024.01.14-21.58.30:305][  0]LogConfig: Setting CVar [[r.DiscardUnusedQuality:0]]
[2024.01.14-21.58.30:305][  0]LogConfig: Setting CVar [[r.AllowOcclusionQueries:1]]
[2024.01.14-21.58.30:305][  0]LogConfig: Setting CVar [[r.MinScreenRadiusForLights:0.030000]]
[2024.01.14-21.58.30:305][  0]LogConfig: Setting CVar [[r.MinScreenRadiusForDepthPrepass:0.030000]]
[2024.01.14-21.58.30:305][  0]LogConfig: Setting CVar [[r.MinScreenRadiusForCSMDepth:0.010000]]
[2024.01.14-21.58.30:305][  0]LogConfig: Setting CVar [[r.PrecomputedVisibilityWarning:0]]
[2024.01.14-21.58.30:305][  0]LogConfig: Setting CVar [[r.TextureStreaming:1]]
[2024.01.14-21.58.30:305][  0]LogConfig: Setting CVar [[Compat.UseDXT5NormalMaps:0]]
[2024.01.14-21.58.30:305][  0]LogConfig: Setting CVar [[r.VirtualTextures:0]]
[2024.01.14-21.58.30:305][  0]LogConfig: Setting CVar [[r.VT.EnableAutoImport:1]]
[2024.01.14-21.58.30:305][  0]LogConfig: Setting CVar [[r.VirtualTexturedLightmaps:0]]
[2024.01.14-21.58.30:305][  0]LogConfig: Setting CVar [[r.VT.TileSize:128]]
[2024.01.14-21.58.30:305][  0]LogConfig: Setting CVar [[r.VT.TileBorderSize:4]]
[2024.01.14-21.58.30:305][  0]LogConfig: Setting CVar [[r.vt.FeedbackFactor:16]]
[2024.01.14-21.58.30:305][  0]LogConfig: Setting CVar [[r.VT.EnableCompressZlib:1]]
[2024.01.14-21.58.30:305][  0]LogConfig: Setting CVar [[r.VT.EnableCompressCrunch:0]]
[2024.01.14-21.58.30:305][  0]LogConfig: Setting CVar [[r.ClearCoatNormal:0]]
[2024.01.14-21.58.30:305][  0]LogConfig: Setting CVar [[r.ReflectionCaptureResolution:128]]
[2024.01.14-21.58.30:305][  0]LogConfig: Setting CVar [[r.Mobile.ReflectionCaptureCompression:0]]
[2024.01.14-21.58.30:305][  0]LogConfig: Setting CVar [[r.ReflectionEnvironmentLightmapMixBasedOnRoughness:1]]
[2024.01.14-21.58.30:305][  0]LogConfig: Setting CVar [[r.ForwardShading:0]]
[2024.01.14-21.58.30:305][  0]LogConfig: Setting CVar [[r.VertexFoggingForOpaque:1]]
[2024.01.14-21.58.30:305][  0]LogConfig: Setting CVar [[r.AllowStaticLighting:1]]
[2024.01.14-21.58.30:305][  0]LogConfig: Setting CVar [[r.NormalMapsForStaticLighting:0]]
[2024.01.14-21.58.30:305][  0]LogConfig: Setting CVar [[r.GenerateMeshDistanceFields:0]]
[2024.01.14-21.58.30:305][  0]LogConfig: Setting CVar [[r.DistanceFieldBuild.EightBit:0]]
[2024.01.14-21.58.30:305][  0]LogConfig: Setting CVar [[r.GenerateLandscapeGIData:0]]
[2024.01.14-21.58.30:305][  0]LogConfig: Setting CVar [[r.DistanceFieldBuild.Compress:0]]
[2024.01.14-21.58.30:305][  0]LogConfig: Setting CVar [[r.TessellationAdaptivePixelsPerTriangle:48.000000]]
[2024.01.14-21.58.30:305][  0]LogConfig: Setting CVar [[r.SeparateTranslucency:1]]
[2024.01.14-21.58.30:305][  0]LogConfig: Setting CVar [[r.TranslucentSortPolicy:0]]
[2024.01.14-21.58.30:305][  0]LogConfig: Setting CVar [[vr.VRS.HMDFixedFoveationLevel:0]]
[2024.01.14-21.58.30:305][  0]LogConfig: Setting CVar [[r.CustomDepth:1]]
[2024.01.14-21.58.30:305][  0]LogConfig: Setting CVar [[r.CustomDepthTemporalAAJitter:1]]
[2024.01.14-21.58.30:305][  0]LogConfig: Setting CVar [[r.PostProcessing.PropagateAlpha:0]]
[2024.01.14-21.58.30:305][  0]LogConfig: Setting CVar [[r.DefaultFeature.Bloom:1]]
[2024.01.14-21.58.30:305][  0]LogConfig: Setting CVar [[r.DefaultFeature.AmbientOcclusion:1]]
[2024.01.14-21.58.30:305][  0]LogConfig: Setting CVar [[r.DefaultFeature.AmbientOcclusionStaticFraction:1]]
[2024.01.14-21.58.30:305][  0]LogConfig: Setting CVar [[r.DefaultFeature.AutoExposure:0]]
[2024.01.14-21.58.30:305][  0]LogConfig: Setting CVar [[r.DefaultFeature.AutoExposure.Method:0]]
[2024.01.14-21.58.30:305][  0]LogConfig: Setting CVar [[r.DefaultFeature.AutoExposure.Bias:1.000000]]
[2024.01.14-21.58.30:305][  0]LogConfig: Setting CVar [[r.DefaultFeature.AutoExposure.ExtendDefaultLuminanceRange:0]]
[2024.01.14-21.58.30:305][  0]LogConfig: Setting CVar [[r.UsePreExposure:1]]
[2024.01.14-21.58.30:305][  0]LogConfig: Setting CVar [[r.EyeAdaptation.EditorOnly:0]]
[2024.01.14-21.58.30:305][  0]LogConfig: Setting CVar [[r.DefaultFeature.MotionBlur:0]]
[2024.01.14-21.58.30:305][  0]LogConfig: Setting CVar [[r.DefaultFeature.LensFlare:0]]
[2024.01.14-21.58.30:305][  0]LogConfig: Setting CVar [[r.TemporalAA.Upsampling:0]]
[2024.01.14-21.58.30:305][  0]LogConfig: Setting CVar [[r.SSGI.Enable:0]]
[2024.01.14-21.58.30:305][  0]LogConfig: Setting CVar [[r.DefaultFeature.AntiAliasing:0]]
[2024.01.14-21.58.30:305][  0]LogConfig: Setting CVar [[r.DefaultFeature.LightUnits:1]]
[2024.01.14-21.58.30:305][  0]LogConfig: Setting CVar [[r.DefaultBackBufferPixelFormat:4]]
[2024.01.14-21.58.30:305][  0]LogConfig: Setting CVar [[r.Shadow.UnbuiltPreviewInGame:1]]
[2024.01.14-21.58.30:305][  0]LogConfig: Setting CVar [[r.StencilForLODDither:0]]
[2024.01.14-21.58.30:305][  0]LogConfig: Setting CVar [[r.EarlyZPass:3]]
[2024.01.14-21.58.30:306][  0]LogConfig: Setting CVar [[r.EarlyZPassOnlyMaterialMasking:0]]
[2024.01.14-21.58.30:306][  0]LogConfig: Setting CVar [[r.DBuffer:1]]
[2024.01.14-21.58.30:306][  0]LogConfig: Setting CVar [[r.ClearSceneMethod:1]]
[2024.01.14-21.58.30:306][  0]LogConfig: Setting CVar [[r.BasePassOutputsVelocity:0]]
[2024.01.14-21.58.30:306][  0]LogConfig: Setting CVar [[r.VertexDeformationOutputsVelocity:0]]
[2024.01.14-21.58.30:306][  0]LogConfig: Setting CVar [[r.SelectiveBasePassOutputs:0]]
[2024.01.14-21.58.30:306][  0]LogConfig: Setting CVar [[fx.GPUSimulationTextureSizeX:1024]]
[2024.01.14-21.58.30:306][  0]LogConfig: Setting CVar [[fx.GPUSimulationTextureSizeY:1024]]
[2024.01.14-21.58.30:306][  0]LogConfig: Setting CVar [[r.AllowGlobalClipPlane:0]]
[2024.01.14-21.58.30:306][  0]LogConfig: Setting CVar [[r.GBufferFormat:1]]
[2024.01.14-21.58.30:306][  0]LogConfig: Setting CVar [[r.MorphTarget.Mode:1]]
[2024.01.14-21.58.30:306][  0]LogConfig: Setting CVar [[vr.InstancedStereo:0]]
[2024.01.14-21.58.30:306][  0]LogConfig: Setting CVar [[r.MobileHDR:0]]
[2024.01.14-21.58.30:306][  0]LogConfig: Setting CVar [[vr.MobileMultiView:0]]
[2024.01.14-21.58.30:306][  0]LogConfig: Setting CVar [[r.Mobile.UseHWsRGBEncoding:0]]
[2024.01.14-21.58.30:306][  0]LogConfig: Setting CVar [[vr.RoundRobinOcclusion:0]]
[2024.01.14-21.58.30:306][  0]LogConfig: Setting CVar [[vr.ODSCapture:0]]
[2024.01.14-21.58.30:306][  0]LogConfig: Setting CVar [[r.MeshStreaming:0]]
[2024.01.14-21.58.30:306][  0]LogConfig: Setting CVar [[r.WireframeCullThreshold:5.000000]]
[2024.01.14-21.58.30:306][  0]LogConfig: Setting CVar [[r.RayTracing:0]]
[2024.01.14-21.58.30:306][  0]LogConfig: Setting CVar [[r.RayTracing.UseTextureLod:0]]
[2024.01.14-21.58.30:306][  0]LogConfig: Setting CVar [[r.SupportStationarySkylight:1]]
[2024.01.14-21.58.30:306][  0]LogConfig: Setting CVar [[r.SupportLowQualityLightmaps:1]]
[2024.01.14-21.58.30:306][  0]LogConfig: Setting CVar [[r.SupportPointLightWholeSceneShadows:1]]
[2024.01.14-21.58.30:306][  0]LogConfig: Setting CVar [[r.SupportAtmosphericFog:1]]
[2024.01.14-21.58.30:306][  0]LogConfig: Setting CVar [[r.SupportSkyAtmosphere:1]]
[2024.01.14-21.58.30:306][  0]LogConfig: Setting CVar [[r.SupportSkyAtmosphereAffectsHeightFog:0]]
[2024.01.14-21.58.30:306][  0]LogConfig: Setting CVar [[r.SkinCache.CompileShaders:0]]
[2024.01.14-21.58.30:306][  0]LogConfig: Setting CVar [[r.SkinCache.DefaultBehavior:1]]
[2024.01.14-21.58.30:306][  0]LogConfig: Setting CVar [[r.SkinCache.SceneMemoryLimitInMB:128.000000]]
[2024.01.14-21.58.30:306][  0]LogConfig: Setting CVar [[r.Mobile.EnableStaticAndCSMShadowReceivers:1]]
[2024.01.14-21.58.30:306][  0]LogConfig: Setting CVar [[r.Mobile.EnableMovableLightCSMShaderCulling:1]]
[2024.01.14-21.58.30:306][  0]LogConfig: Setting CVar [[r.Mobile.AllowDistanceFieldShadows:1]]
[2024.01.14-21.58.30:306][  0]LogConfig: Setting CVar [[r.Mobile.AllowMovableDirectionalLights:1]]
[2024.01.14-21.58.30:306][  0]LogConfig: Setting CVar [[r.MobileNumDynamicPointLights:4]]
[2024.01.14-21.58.30:306][  0]LogConfig: Setting CVar [[r.MobileDynamicPointLightsUseStaticBranch:1]]
[2024.01.14-21.58.30:306][  0]LogConfig: Setting CVar [[r.Mobile.EnableMovableSpotlights:0]]
[2024.01.14-21.58.30:306][  0]LogConfig: Setting CVar [[r.Mobile.EnableMovableSpotlightsShadow:0]]
[2024.01.14-21.58.30:306][  0]LogConfig: Setting CVar [[r.GPUSkin.Support16BitBoneIndex:0]]
[2024.01.14-21.58.30:306][  0]LogConfig: Setting CVar [[r.GPUSkin.Limit2BoneInfluences:0]]
[2024.01.14-21.58.30:306][  0]LogConfig: Setting CVar [[r.SupportDepthOnlyIndexBuffers:1]]
[2024.01.14-21.58.30:306][  0]LogConfig: Setting CVar [[r.SupportReversedIndexBuffers:1]]
[2024.01.14-21.58.30:306][  0]LogConfig: Setting CVar [[r.LightPropagationVolume:0]]
[2024.01.14-21.58.30:306][  0]LogConfig: Setting CVar [[r.Mobile.AmbientOcclusion:0]]
[2024.01.14-21.58.30:306][  0]LogConfig: Setting CVar [[r.GPUSkin.UnlimitedBoneInfluences:0]]
[2024.01.14-21.58.30:306][  0]LogConfig: Setting CVar [[r.GPUSkin.UnlimitedBoneInfluencesThreshold:8]]
[2024.01.14-21.58.30:306][  0]LogConfig: Setting CVar [[r.Mobile.PlanarReflectionMode:0]]
[2024.01.14-21.58.30:306][  0]LogConfig: Setting CVar [[r.Mobile.SupportsGen4TAA:0]]
[2024.01.14-21.58.30:306][  0]LogConfig: Applying CVar settings from Section [/Script/Engine.RendererOverrideSettings] File [E:/Course/DormCourseWork/DormPlatformer/Saved/Config/Windows/Engine.ini]
[2024.01.14-21.58.30:306][  0]LogConfig: Applying CVar settings from Section [/Script/Engine.StreamingSettings] File [E:/Course/DormCourseWork/DormPlatformer/Saved/Config/Windows/Engine.ini]
[2024.01.14-21.58.30:306][  0]LogConfig: Setting CVar [[s.MinBulkDataSizeForAsyncLoading:131072]]
[2024.01.14-21.58.30:306][  0]LogConfig: Setting CVar [[s.AsyncLoadingThreadEnabled:0]]
[2024.01.14-21.58.30:306][  0]LogConfig: Setting CVar [[s.EventDrivenLoaderEnabled:1]]
[2024.01.14-21.58.30:306][  0]LogConfig: Setting CVar [[s.WarnIfTimeLimitExceeded:0]]
[2024.01.14-21.58.30:306][  0]LogConfig: Setting CVar [[s.TimeLimitExceededMultiplier:1.5]]
[2024.01.14-21.58.30:306][  0]LogConfig: Setting CVar [[s.TimeLimitExceededMinTime:0.005]]
[2024.01.14-21.58.30:306][  0]LogConfig: Setting CVar [[s.UseBackgroundLevelStreaming:1]]
[2024.01.14-21.58.30:306][  0]LogConfig: Setting CVar [[s.PriorityAsyncLoadingExtraTime:15.0]]
[2024.01.14-21.58.30:306][  0]LogConfig: Setting CVar [[s.LevelStreamingActorsUpdateTimeLimit:5.0]]
[2024.01.14-21.58.30:306][  0]LogConfig: Setting CVar [[s.PriorityLevelStreamingActorsUpdateExtraTime:5.0]]
[2024.01.14-21.58.30:306][  0]LogConfig: Setting CVar [[s.LevelStreamingComponentsRegistrationGranularity:10]]
[2024.01.14-21.58.30:306][  0]LogConfig: Setting CVar [[s.UnregisterComponentsTimeLimit:1.0]]
[2024.01.14-21.58.30:306][  0]LogConfig: Setting CVar [[s.LevelStreamingComponentsUnregistrationGranularity:5]]
[2024.01.14-21.58.30:306][  0]LogConfig: Setting CVar [[s.FlushStreamingOnExit:1]]
[2024.01.14-21.58.30:306][  0]LogConfig: Applying CVar settings from Section [/Script/Engine.GarbageCollectionSettings] File [E:/Course/DormCourseWork/DormPlatformer/Saved/Config/Windows/Engine.ini]
[2024.01.14-21.58.30:306][  0]LogConfig: Setting CVar [[gc.MaxObjectsNotConsideredByGC:1]]
[2024.01.14-21.58.30:306][  0]LogConfig: Setting CVar [[gc.SizeOfPermanentObjectPool:0]]
[2024.01.14-21.58.30:306][  0]LogConfig: Setting CVar [[gc.FlushStreamingOnGC:0]]
[2024.01.14-21.58.30:306][  0]LogConfig: Setting CVar [[gc.NumRetriesBeforeForcingGC:10]]
[2024.01.14-21.58.30:306][  0]LogConfig: Setting CVar [[gc.AllowParallelGC:1]]
[2024.01.14-21.58.30:306][  0]LogConfig: Setting CVar [[gc.TimeBetweenPurgingPendingKillObjects:61.1]]
[2024.01.14-21.58.30:306][  0]LogConfig: Setting CVar [[gc.MaxObjectsInEditor:25165824]]
[2024.01.14-21.58.30:306][  0]LogConfig: Setting CVar [[gc.IncrementalBeginDestroyEnabled:1]]
[2024.01.14-21.58.30:306][  0]LogConfig: Setting CVar [[gc.CreateGCClusters:1]]
[2024.01.14-21.58.30:306][  0]LogConfig: Setting CVar [[gc.MinGCClusterSize:5]]
[2024.01.14-21.58.30:306][  0]LogConfig: Setting CVar [[gc.ActorClusteringEnabled:0]]
[2024.01.14-21.58.30:306][  0]LogConfig: Setting CVar [[gc.BlueprintClusteringEnabled:0]]
[2024.01.14-21.58.30:306][  0]LogConfig: Setting CVar [[gc.UseDisregardForGCOnDedicatedServers:0]]
[2024.01.14-21.58.30:306][  0]LogConfig: Setting CVar [[gc.MultithreadedDestructionEnabled:1]]
[2024.01.14-21.58.30:306][  0]LogConfig: Applying CVar settings from Section [/Script/Engine.NetworkSettings] File [E:/Course/DormCourseWork/DormPlatformer/Saved/Config/Windows/Engine.ini]
[2024.01.14-21.58.30:306][  0]LogConfig: Applying CVar settings from Section [/Script/UnrealEd.CookerSettings] File [E:/Course/DormCourseWork/DormPlatformer/Saved/Config/Windows/Engine.ini]
[2024.01.14-21.58.30:325][  0]LogConfig: Applying CVar settings from Section [ViewDistanceQuality@3] File [E:/Course/DormCourseWork/DormPlatformer/Saved/Config/Windows/Scalability.ini]
[2024.01.14-21.58.30:325][  0]LogConfig: Setting CVar [[r.SkeletalMeshLODBias:0]]
[2024.01.14-21.58.30:325][  0]LogConfig: Setting CVar [[r.ViewDistanceScale:1.0]]
[2024.01.14-21.58.30:325][  0]LogConfig: Applying CVar settings from Section [AntiAliasingQuality@3] File [E:/Course/DormCourseWork/DormPlatformer/Saved/Config/Windows/Scalability.ini]
[2024.01.14-21.58.30:325][  0]LogConfig: Setting CVar [[r.PostProcessAAQuality:4]]
[2024.01.14-21.58.30:325][  0]LogConfig: Applying CVar settings from Section [ShadowQuality@3] File [E:/Course/DormCourseWork/DormPlatformer/Saved/Config/Windows/Scalability.ini]
[2024.01.14-21.58.30:325][  0]LogConfig: Setting CVar [[r.LightFunctionQuality:1]]
[2024.01.14-21.58.30:325][  0]LogConfig: Setting CVar [[r.ShadowQuality:5]]
[2024.01.14-21.58.30:325][  0]LogConfig: Setting CVar [[r.Shadow.CSM.MaxCascades:10]]
[2024.01.14-21.58.30:325][  0]LogConfig: Setting CVar [[r.Shadow.MaxResolution:2048]]
[2024.01.14-21.58.30:325][  0]LogConfig: Setting CVar [[r.Shadow.MaxCSMResolution:2048]]
[2024.01.14-21.58.30:325][  0]LogConfig: Setting CVar [[r.Shadow.RadiusThreshold:0.01]]
[2024.01.14-21.58.30:325][  0]LogConfig: Setting CVar [[r.Shadow.DistanceScale:1.0]]
[2024.01.14-21.58.30:325][  0]LogConfig: Setting CVar [[r.Shadow.CSM.TransitionScale:1.0]]
[2024.01.14-21.58.30:325][  0]LogConfig: Setting CVar [[r.Shadow.PreShadowResolutionFactor:1.0]]
[2024.01.14-21.58.30:325][  0]LogConfig: Setting CVar [[r.DistanceFieldShadowing:1]]
[2024.01.14-21.58.30:325][  0]LogConfig: Setting CVar [[r.DistanceFieldAO:1]]
[2024.01.14-21.58.30:325][  0]LogConfig: Setting CVar [[r.AOQuality:2]]
[2024.01.14-21.58.30:325][  0]LogConfig: Setting CVar [[r.VolumetricFog:1]]
[2024.01.14-21.58.30:325][  0]LogConfig: Setting CVar [[r.VolumetricFog.GridPixelSize:8]]
[2024.01.14-21.58.30:325][  0]LogConfig: Setting CVar [[r.VolumetricFog.GridSizeZ:128]]
[2024.01.14-21.58.30:325][  0]LogConfig: Setting CVar [[r.VolumetricFog.HistoryMissSupersampleCount:4]]
[2024.01.14-21.58.30:325][  0]LogConfig: Setting CVar [[r.LightMaxDrawDistanceScale:1]]
[2024.01.14-21.58.30:325][  0]LogConfig: Setting CVar [[r.CapsuleShadows:1]]
[2024.01.14-21.58.30:325][  0]LogConfig: Applying CVar settings from Section [PostProcessQuality@3] File [E:/Course/DormCourseWork/DormPlatformer/Saved/Config/Windows/Scalability.ini]
[2024.01.14-21.58.30:325][  0]LogConfig: Setting CVar [[r.MotionBlurQuality:4]]
[2024.01.14-21.58.30:325][  0]LogConfig: Setting CVar [[r.AmbientOcclusionMipLevelFactor:0.4]]
[2024.01.14-21.58.30:325][  0]LogConfig: Setting CVar [[r.AmbientOcclusionMaxQuality:100]]
[2024.01.14-21.58.30:325][  0]LogConfig: Setting CVar [[r.AmbientOcclusionLevels:-1]]
[2024.01.14-21.58.30:325][  0]LogConfig: Setting CVar [[r.AmbientOcclusionRadiusScale:1.0]]
[2024.01.14-21.58.30:325][  0]LogConfig: Setting CVar [[r.DepthOfFieldQuality:2]]
[2024.01.14-21.58.30:325][  0]LogConfig: Setting CVar [[r.RenderTargetPoolMin:400]]
[2024.01.14-21.58.30:325][  0]LogConfig: Setting CVar [[r.LensFlareQuality:2]]
[2024.01.14-21.58.30:325][  0]LogConfig: Setting CVar [[r.SceneColorFringeQuality:1]]
[2024.01.14-21.58.30:325][  0]LogConfig: Setting CVar [[r.EyeAdaptationQuality:2]]
[2024.01.14-21.58.30:325][  0]LogConfig: Setting CVar [[r.BloomQuality:5]]
[2024.01.14-21.58.30:325][  0]LogConfig: Setting CVar [[r.FastBlurThreshold:100]]
[2024.01.14-21.58.30:325][  0]LogConfig: Setting CVar [[r.Upscale.Quality:3]]
[2024.01.14-21.58.30:325][  0]LogConfig: Setting CVar [[r.Tonemapper.GrainQuantization:1]]
[2024.01.14-21.58.30:325][  0]LogConfig: Setting CVar [[r.LightShaftQuality:1]]
[2024.01.14-21.58.30:325][  0]LogConfig: Setting CVar [[r.Filter.SizeScale:1]]
[2024.01.14-21.58.30:325][  0]LogConfig: Setting CVar [[r.Tonemapper.Quality:5]]
[2024.01.14-21.58.30:325][  0]LogConfig: Setting CVar [[r.DOF.Gather.AccumulatorQuality:1        ; higher gathering accumulator quality]]
[2024.01.14-21.58.30:325][  0]LogConfig: Setting CVar [[r.DOF.Gather.PostfilterMethod:1          ; Median3x3 postfilering method]]
[2024.01.14-21.58.30:325][  0]LogConfig: Setting CVar [[r.DOF.Gather.EnableBokehSettings:0       ; no bokeh simulation when gathering]]
[2024.01.14-21.58.30:325][  0]LogConfig: Setting CVar [[r.DOF.Gather.RingCount:4                 ; medium number of samples when gathering]]
[2024.01.14-21.58.30:325][  0]LogConfig: Setting CVar [[r.DOF.Scatter.ForegroundCompositing:1    ; additive foreground scattering]]
[2024.01.14-21.58.30:326][  0]LogConfig: Setting CVar [[r.DOF.Scatter.BackgroundCompositing:2    ; additive background scattering]]
[2024.01.14-21.58.30:326][  0]LogConfig: Setting CVar [[r.DOF.Scatter.EnableBokehSettings:1      ; bokeh simulation when scattering]]
[2024.01.14-21.58.30:326][  0]LogConfig: Setting CVar [[r.DOF.Scatter.MaxSpriteRatio:0.1         ; only a maximum of 10% of scattered bokeh]]
[2024.01.14-21.58.30:326][  0]LogConfig: Setting CVar [[r.DOF.Recombine.Quality:1                ; cheap slight out of focus]]
[2024.01.14-21.58.30:326][  0]LogConfig: Setting CVar [[r.DOF.Recombine.EnableBokehSettings:0    ; no bokeh simulation on slight out of focus]]
[2024.01.14-21.58.30:326][  0]LogConfig: Setting CVar [[r.DOF.TemporalAAQuality:1                ; more stable temporal accumulation]]
[2024.01.14-21.58.30:326][  0]LogConfig: Setting CVar [[r.DOF.Kernel.MaxForegroundRadius:0.025]]
[2024.01.14-21.58.30:326][  0]LogConfig: Setting CVar [[r.DOF.Kernel.MaxBackgroundRadius:0.025]]
[2024.01.14-21.58.30:326][  0]LogConfig: Applying CVar settings from Section [TextureQuality@3] File [E:/Course/DormCourseWork/DormPlatformer/Saved/Config/Windows/Scalability.ini]
[2024.01.14-21.58.30:326][  0]LogConfig: Setting CVar [[r.Streaming.MipBias:0]]
[2024.01.14-21.58.30:326][  0]LogConfig: Setting CVar [[r.Streaming.AmortizeCPUToGPUCopy:0]]
[2024.01.14-21.58.30:326][  0]LogConfig: Setting CVar [[r.Streaming.MaxNumTexturesToStreamPerFrame:0]]
[2024.01.14-21.58.30:326][  0]LogConfig: Setting CVar [[r.Streaming.Boost:1]]
[2024.01.14-21.58.30:326][  0]LogConfig: Setting CVar [[r.MaxAnisotropy:8]]
[2024.01.14-21.58.30:326][  0]LogConfig: Setting CVar [[r.VT.MaxAnisotropy:8]]
[2024.01.14-21.58.30:326][  0]LogConfig: Setting CVar [[r.Streaming.LimitPoolSizeToVRAM:0]]
[2024.01.14-21.58.30:326][  0]LogConfig: Setting CVar [[r.Streaming.PoolSize:1000]]
[2024.01.14-21.58.30:326][  0]LogConfig: Setting CVar [[r.Streaming.MaxEffectiveScreenSize:0]]
[2024.01.14-21.58.30:326][  0]LogConfig: Applying CVar settings from Section [EffectsQuality@3] File [E:/Course/DormCourseWork/DormPlatformer/Saved/Config/Windows/Scalability.ini]
[2024.01.14-21.58.30:326][  0]LogConfig: Setting CVar [[r.TranslucencyLightingVolumeDim:64]]
[2024.01.14-21.58.30:326][  0]LogConfig: Setting CVar [[r.RefractionQuality:2]]
[2024.01.14-21.58.30:326][  0]LogConfig: Setting CVar [[r.SSR.Quality:3]]
[2024.01.14-21.58.30:326][  0]LogConfig: Setting CVar [[r.SSR.HalfResSceneColor:0]]
[2024.01.14-21.58.30:326][  0]LogConfig: Setting CVar [[r.SceneColorFormat:4]]
[2024.01.14-21.58.30:326][  0]LogConfig: Setting CVar [[r.DetailMode:2]]
[2024.01.14-21.58.30:326][  0]LogConfig: Setting CVar [[r.TranslucencyVolumeBlur:1]]
[2024.01.14-21.58.30:326][  0]LogConfig: Setting CVar [[r.MaterialQualityLevel:1 ; High quality]]
[2024.01.14-21.58.30:326][  0]LogConfig: Setting CVar [[r.AnisotropicMaterials:1]]
[2024.01.14-21.58.30:326][  0]LogConfig: Setting CVar [[r.SSS.Scale:1]]
[2024.01.14-21.58.30:326][  0]LogConfig: Setting CVar [[r.SSS.SampleSet:2]]
[2024.01.14-21.58.30:326][  0]LogConfig: Setting CVar [[r.SSS.Quality:1]]
[2024.01.14-21.58.30:326][  0]LogConfig: Setting CVar [[r.SSS.HalfRes:0]]
[2024.01.14-21.58.30:326][  0]LogConfig: Setting CVar [[r.SSGI.Quality:3]]
[2024.01.14-21.58.30:326][  0]LogConfig: Setting CVar [[r.EmitterSpawnRateScale:1.0]]
[2024.01.14-21.58.30:326][  0]LogConfig: Setting CVar [[r.ParticleLightQuality:2]]
[2024.01.14-21.58.30:326][  0]LogConfig: Setting CVar [[r.SkyAtmosphere.AerialPerspectiveLUT.FastApplyOnOpaque:1 ; Always have FastSkyLUT 1 in this case to avoid wrong sky]]
[2024.01.14-21.58.30:326][  0]LogConfig: Setting CVar [[r.SkyAtmosphere.AerialPerspectiveLUT.SampleCountMaxPerSlice:4]]
[2024.01.14-21.58.30:326][  0]LogConfig: Setting CVar [[r.SkyAtmosphere.AerialPerspectiveLUT.DepthResolution:16.0]]
[2024.01.14-21.58.30:326][  0]LogConfig: Setting CVar [[r.SkyAtmosphere.FastSkyLUT:1]]
[2024.01.14-21.58.30:326][  0]LogConfig: Setting CVar [[r.SkyAtmosphere.FastSkyLUT.SampleCountMin:4.0]]
[2024.01.14-21.58.30:326][  0]LogConfig: Setting CVar [[r.SkyAtmosphere.FastSkyLUT.SampleCountMax:128.0]]
[2024.01.14-21.58.30:326][  0]LogConfig: Setting CVar [[r.SkyAtmosphere.SampleCountMin:4.0]]
[2024.01.14-21.58.30:326][  0]LogConfig: Setting CVar [[r.SkyAtmosphere.SampleCountMax:128.0]]
[2024.01.14-21.58.30:326][  0]LogConfig: Setting CVar [[r.SkyAtmosphere.TransmittanceLUT.UseSmallFormat:0]]
[2024.01.14-21.58.30:326][  0]LogConfig: Setting CVar [[r.SkyAtmosphere.TransmittanceLUT.SampleCount:10.0]]
[2024.01.14-21.58.30:326][  0]LogConfig: Setting CVar [[r.SkyAtmosphere.MultiScatteringLUT.SampleCount:15.0]]
[2024.01.14-21.58.30:326][  0]LogConfig: Setting CVar [[r.SkyLight.RealTimeReflectionCapture:1]]
[2024.01.14-21.58.30:326][  0]LogConfig: Applying CVar settings from Section [FoliageQuality@3] File [E:/Course/DormCourseWork/DormPlatformer/Saved/Config/Windows/Scalability.ini]
[2024.01.14-21.58.30:326][  0]LogConfig: Setting CVar [[foliage.DensityScale:1.0]]
[2024.01.14-21.58.30:326][  0]LogConfig: Setting CVar [[grass.DensityScale:1.0]]
[2024.01.14-21.58.30:326][  0]LogConfig: Applying CVar settings from Section [ShadingQuality@3] File [E:/Course/DormCourseWork/DormPlatformer/Saved/Config/Windows/Scalability.ini]
[2024.01.14-21.58.30:326][  0]LogConfig: Setting CVar [[r.HairStrands.SkyLighting.IntegrationType:2]]
[2024.01.14-21.58.30:326][  0]LogConfig: Setting CVar [[r.HairStrands.SkyAO.SampleCount:4]]
[2024.01.14-21.58.30:326][  0]LogConfig: Setting CVar [[r.HairStrands.Visibility.MSAA.SamplePerPixel:4]]
[2024.01.14-21.58.30:326][  0]LogInit: Selected Device Profile: [Windows]
[2024.01.14-21.58.30:326][  0]LogInit: Applying CVar settings loaded from the selected device profile: [Windows]
[2024.01.14-21.58.30:326][  0]LogHAL: Display: Platform has ~ 16 GB [17102323712 / 17179869184 / 16], which maps to Larger [LargestMinGB=32, LargerMinGB=12, DefaultMinGB=8, SmallerMinGB=6, SmallestMinGB=0)
[2024.01.14-21.58.30:326][  0]LogInit: Going up to parent DeviceProfile []
[2024.01.14-21.58.30:326][  0]LogConfig: Applying CVar settings from Section [ViewDistanceQuality@3] File [E:/Course/DormCourseWork/DormPlatformer/Saved/Config/Windows/Scalability.ini]
[2024.01.14-21.58.30:326][  0]LogConfig: Setting CVar [[r.SkeletalMeshLODBias:0]]
[2024.01.14-21.58.30:326][  0]LogConfig: Setting CVar [[r.ViewDistanceScale:1.0]]
[2024.01.14-21.58.30:326][  0]LogConfig: Applying CVar settings from Section [AntiAliasingQuality@3] File [E:/Course/DormCourseWork/DormPlatformer/Saved/Config/Windows/Scalability.ini]
[2024.01.14-21.58.30:326][  0]LogConfig: Setting CVar [[r.PostProcessAAQuality:4]]
[2024.01.14-21.58.30:326][  0]LogConfig: Applying CVar settings from Section [ShadowQuality@3] File [E:/Course/DormCourseWork/DormPlatformer/Saved/Config/Windows/Scalability.ini]
[2024.01.14-21.58.30:326][  0]LogConfig: Setting CVar [[r.LightFunctionQuality:1]]
[2024.01.14-21.58.30:326][  0]LogConfig: Setting CVar [[r.ShadowQuality:5]]
[2024.01.14-21.58.30:326][  0]LogConfig: Setting CVar [[r.Shadow.CSM.MaxCascades:10]]
[2024.01.14-21.58.30:326][  0]LogConfig: Setting CVar [[r.Shadow.MaxResolution:2048]]
[2024.01.14-21.58.30:326][  0]LogConfig: Setting CVar [[r.Shadow.MaxCSMResolution:2048]]
[2024.01.14-21.58.30:326][  0]LogConfig: Setting CVar [[r.Shadow.RadiusThreshold:0.01]]
[2024.01.14-21.58.30:326][  0]LogConfig: Setting CVar [[r.Shadow.DistanceScale:1.0]]
[2024.01.14-21.58.30:326][  0]LogConfig: Setting CVar [[r.Shadow.CSM.TransitionScale:1.0]]
[2024.01.14-21.58.30:326][  0]LogConfig: Setting CVar [[r.Shadow.PreShadowResolutionFactor:1.0]]
[2024.01.14-21.58.30:326][  0]LogConfig: Setting CVar [[r.DistanceFieldShadowing:1]]
[2024.01.14-21.58.30:326][  0]LogConfig: Setting CVar [[r.DistanceFieldAO:1]]
[2024.01.14-21.58.30:326][  0]LogConfig: Setting CVar [[r.AOQuality:2]]
[2024.01.14-21.58.30:326][  0]LogConfig: Setting CVar [[r.VolumetricFog:1]]
[2024.01.14-21.58.30:326][  0]LogConfig: Setting CVar [[r.VolumetricFog.GridPixelSize:8]]
[2024.01.14-21.58.30:326][  0]LogConfig: Setting CVar [[r.VolumetricFog.GridSizeZ:128]]
[2024.01.14-21.58.30:326][  0]LogConfig: Setting CVar [[r.VolumetricFog.HistoryMissSupersampleCount:4]]
[2024.01.14-21.58.30:326][  0]LogConfig: Setting CVar [[r.LightMaxDrawDistanceScale:1]]
[2024.01.14-21.58.30:326][  0]LogConfig: Setting CVar [[r.CapsuleShadows:1]]
[2024.01.14-21.58.30:326][  0]LogConfig: Applying CVar settings from Section [PostProcessQuality@3] File [E:/Course/DormCourseWork/DormPlatformer/Saved/Config/Windows/Scalability.ini]
[2024.01.14-21.58.30:326][  0]LogConfig: Setting CVar [[r.MotionBlurQuality:4]]
[2024.01.14-21.58.30:326][  0]LogConfig: Setting CVar [[r.AmbientOcclusionMipLevelFactor:0.4]]
[2024.01.14-21.58.30:326][  0]LogConfig: Setting CVar [[r.AmbientOcclusionMaxQuality:100]]
[2024.01.14-21.58.30:326][  0]LogConfig: Setting CVar [[r.AmbientOcclusionLevels:-1]]
[2024.01.14-21.58.30:326][  0]LogConfig: Setting CVar [[r.AmbientOcclusionRadiusScale:1.0]]
[2024.01.14-21.58.30:326][  0]LogConfig: Setting CVar [[r.DepthOfFieldQuality:2]]
[2024.01.14-21.58.30:326][  0]LogConfig: Setting CVar [[r.RenderTargetPoolMin:400]]
[2024.01.14-21.58.30:326][  0]LogConfig: Setting CVar [[r.LensFlareQuality:2]]
[2024.01.14-21.58.30:326][  0]LogConfig: Setting CVar [[r.SceneColorFringeQuality:1]]
[2024.01.14-21.58.30:326][  0]LogConfig: Setting CVar [[r.EyeAdaptationQuality:2]]
[2024.01.14-21.58.30:326][  0]LogConfig: Setting CVar [[r.BloomQuality:5]]
[2024.01.14-21.58.30:326][  0]LogConfig: Setting CVar [[r.FastBlurThreshold:100]]
[2024.01.14-21.58.30:326][  0]LogConfig: Setting CVar [[r.Upscale.Quality:3]]
[2024.01.14-21.58.30:326][  0]LogConfig: Setting CVar [[r.Tonemapper.GrainQuantization:1]]
[2024.01.14-21.58.30:326][  0]LogConfig: Setting CVar [[r.LightShaftQuality:1]]
[2024.01.14-21.58.30:326][  0]LogConfig: Setting CVar [[r.Filter.SizeScale:1]]
[2024.01.14-21.58.30:327][  0]LogConfig: Setting CVar [[r.Tonemapper.Quality:5]]
[2024.01.14-21.58.30:327][  0]LogConfig: Setting CVar [[r.DOF.Gather.AccumulatorQuality:1        ; higher gathering accumulator quality]]
[2024.01.14-21.58.30:327][  0]LogConfig: Setting CVar [[r.DOF.Gather.PostfilterMethod:1          ; Median3x3 postfilering method]]
[2024.01.14-21.58.30:327][  0]LogConfig: Setting CVar [[r.DOF.Gather.EnableBokehSettings:0       ; no bokeh simulation when gathering]]
[2024.01.14-21.58.30:327][  0]LogConfig: Setting CVar [[r.DOF.Gather.RingCount:4                 ; medium number of samples when gathering]]
[2024.01.14-21.58.30:327][  0]LogConfig: Setting CVar [[r.DOF.Scatter.ForegroundCompositing:1    ; additive foreground scattering]]
[2024.01.14-21.58.30:327][  0]LogConfig: Setting CVar [[r.DOF.Scatter.BackgroundCompositing:2    ; additive background scattering]]
[2024.01.14-21.58.30:327][  0]LogConfig: Setting CVar [[r.DOF.Scatter.EnableBokehSettings:1      ; bokeh simulation when scattering]]
[2024.01.14-21.58.30:327][  0]LogConfig: Setting CVar [[r.DOF.Scatter.MaxSpriteRatio:0.1         ; only a maximum of 10% of scattered bokeh]]
[2024.01.14-21.58.30:327][  0]LogConfig: Setting CVar [[r.DOF.Recombine.Quality:1                ; cheap slight out of focus]]
[2024.01.14-21.58.30:327][  0]LogConfig: Setting CVar [[r.DOF.Recombine.EnableBokehSettings:0    ; no bokeh simulation on slight out of focus]]
[2024.01.14-21.58.30:327][  0]LogConfig: Setting CVar [[r.DOF.TemporalAAQuality:1                ; more stable temporal accumulation]]
[2024.01.14-21.58.30:327][  0]LogConfig: Setting CVar [[r.DOF.Kernel.MaxForegroundRadius:0.025]]
[2024.01.14-21.58.30:327][  0]LogConfig: Setting CVar [[r.DOF.Kernel.MaxBackgroundRadius:0.025]]
[2024.01.14-21.58.30:327][  0]LogConfig: Applying CVar settings from Section [TextureQuality@3] File [E:/Course/DormCourseWork/DormPlatformer/Saved/Config/Windows/Scalability.ini]
[2024.01.14-21.58.30:327][  0]LogConfig: Setting CVar [[r.Streaming.MipBias:0]]
[2024.01.14-21.58.30:327][  0]LogConfig: Setting CVar [[r.Streaming.AmortizeCPUToGPUCopy:0]]
[2024.01.14-21.58.30:327][  0]LogConfig: Setting CVar [[r.Streaming.MaxNumTexturesToStreamPerFrame:0]]
[2024.01.14-21.58.30:327][  0]LogConfig: Setting CVar [[r.Streaming.Boost:1]]
[2024.01.14-21.58.30:327][  0]LogConfig: Setting CVar [[r.MaxAnisotropy:8]]
[2024.01.14-21.58.30:327][  0]LogConfig: Setting CVar [[r.VT.MaxAnisotropy:8]]
[2024.01.14-21.58.30:327][  0]LogConfig: Setting CVar [[r.Streaming.LimitPoolSizeToVRAM:0]]
[2024.01.14-21.58.30:327][  0]LogConfig: Setting CVar [[r.Streaming.PoolSize:1000]]
[2024.01.14-21.58.30:327][  0]LogConfig: Setting CVar [[r.Streaming.MaxEffectiveScreenSize:0]]
[2024.01.14-21.58.30:327][  0]LogConfig: Applying CVar settings from Section [EffectsQuality@3] File [E:/Course/DormCourseWork/DormPlatformer/Saved/Config/Windows/Scalability.ini]
[2024.01.14-21.58.30:327][  0]LogConfig: Setting CVar [[r.TranslucencyLightingVolumeDim:64]]
[2024.01.14-21.58.30:327][  0]LogConfig: Setting CVar [[r.RefractionQuality:2]]
[2024.01.14-21.58.30:327][  0]LogConfig: Setting CVar [[r.SSR.Quality:3]]
[2024.01.14-21.58.30:327][  0]LogConfig: Setting CVar [[r.SSR.HalfResSceneColor:0]]
[2024.01.14-21.58.30:327][  0]LogConfig: Setting CVar [[r.SceneColorFormat:4]]
[2024.01.14-21.58.30:327][  0]LogConfig: Setting CVar [[r.DetailMode:2]]
[2024.01.14-21.58.30:327][  0]LogConfig: Setting CVar [[r.TranslucencyVolumeBlur:1]]
[2024.01.14-21.58.30:327][  0]LogConfig: Setting CVar [[r.MaterialQualityLevel:1 ; High quality]]
[2024.01.14-21.58.30:327][  0]LogConfig: Setting CVar [[r.AnisotropicMaterials:1]]
[2024.01.14-21.58.30:327][  0]LogConfig: Setting CVar [[r.SSS.Scale:1]]
[2024.01.14-21.58.30:327][  0]LogConfig: Setting CVar [[r.SSS.SampleSet:2]]
[2024.01.14-21.58.30:327][  0]LogConfig: Setting CVar [[r.SSS.Quality:1]]
[2024.01.14-21.58.30:327][  0]LogConfig: Setting CVar [[r.SSS.HalfRes:0]]
[2024.01.14-21.58.30:327][  0]LogConfig: Setting CVar [[r.SSGI.Quality:3]]
[2024.01.14-21.58.30:327][  0]LogConfig: Setting CVar [[r.EmitterSpawnRateScale:1.0]]
[2024.01.14-21.58.30:327][  0]LogConfig: Setting CVar [[r.ParticleLightQuality:2]]
[2024.01.14-21.58.30:327][  0]LogConfig: Setting CVar [[r.SkyAtmosphere.AerialPerspectiveLUT.FastApplyOnOpaque:1 ; Always have FastSkyLUT 1 in this case to avoid wrong sky]]
[2024.01.14-21.58.30:327][  0]LogConfig: Setting CVar [[r.SkyAtmosphere.AerialPerspectiveLUT.SampleCountMaxPerSlice:4]]
[2024.01.14-21.58.30:327][  0]LogConfig: Setting CVar [[r.SkyAtmosphere.AerialPerspectiveLUT.DepthResolution:16.0]]
[2024.01.14-21.58.30:327][  0]LogConfig: Setting CVar [[r.SkyAtmosphere.FastSkyLUT:1]]
[2024.01.14-21.58.30:327][  0]LogConfig: Setting CVar [[r.SkyAtmosphere.FastSkyLUT.SampleCountMin:4.0]]
[2024.01.14-21.58.30:327][  0]LogConfig: Setting CVar [[r.SkyAtmosphere.FastSkyLUT.SampleCountMax:128.0]]
[2024.01.14-21.58.30:327][  0]LogConfig: Setting CVar [[r.SkyAtmosphere.SampleCountMin:4.0]]
[2024.01.14-21.58.30:327][  0]LogConfig: Setting CVar [[r.SkyAtmosphere.SampleCountMax:128.0]]
[2024.01.14-21.58.30:327][  0]LogConfig: Setting CVar [[r.SkyAtmosphere.TransmittanceLUT.UseSmallFormat:0]]
[2024.01.14-21.58.30:327][  0]LogConfig: Setting CVar [[r.SkyAtmosphere.TransmittanceLUT.SampleCount:10.0]]
[2024.01.14-21.58.30:327][  0]LogConfig: Setting CVar [[r.SkyAtmosphere.MultiScatteringLUT.SampleCount:15.0]]
[2024.01.14-21.58.30:327][  0]LogConfig: Setting CVar [[r.SkyLight.RealTimeReflectionCapture:1]]
[2024.01.14-21.58.30:327][  0]LogConfig: Applying CVar settings from Section [FoliageQuality@3] File [E:/Course/DormCourseWork/DormPlatformer/Saved/Config/Windows/Scalability.ini]
[2024.01.14-21.58.30:327][  0]LogConfig: Setting CVar [[foliage.DensityScale:1.0]]
[2024.01.14-21.58.30:327][  0]LogConfig: Setting CVar [[grass.DensityScale:1.0]]
[2024.01.14-21.58.30:327][  0]LogConfig: Applying CVar settings from Section [ShadingQuality@3] File [E:/Course/DormCourseWork/DormPlatformer/Saved/Config/Windows/Scalability.ini]
[2024.01.14-21.58.30:327][  0]LogConfig: Setting CVar [[r.HairStrands.SkyLighting.IntegrationType:2]]
[2024.01.14-21.58.30:327][  0]LogConfig: Setting CVar [[r.HairStrands.SkyAO.SampleCount:4]]
[2024.01.14-21.58.30:327][  0]LogConfig: Setting CVar [[r.HairStrands.Visibility.MSAA.SamplePerPixel:4]]
[2024.01.14-21.58.30:327][  0]LogConfig: Applying CVar settings from Section [Startup] File [../../../Engine/Config/ConsoleVariables.ini]
[2024.01.14-21.58.30:327][  0]LogConfig: Setting CVar [[net.UseAdaptiveNetUpdateFrequency:0]]
[2024.01.14-21.58.30:327][  0]LogConfig: Setting CVar [[p.chaos.AllowCreatePhysxBodies:1]]
[2024.01.14-21.58.30:327][  0]LogConfig: Setting CVar [[fx.SkipVectorVMBackendOptimizations:1]]
[2024.01.14-21.58.30:327][  0]LogConfig: Applying CVar settings from Section [ConsoleVariables] File [E:/Course/DormCourseWork/DormPlatformer/Saved/Config/Windows/Engine.ini]
[2024.01.14-21.58.30:327][  0]LogConfig: Applying CVar settings from Section [ConsoleVariables] File [E:/Course/DormCourseWork/DormPlatformer/Saved/Config/Windows/Editor.ini]
[2024.01.14-21.58.30:327][  0]LogInit: Computer: DESKTOP-EJ7QK1S
[2024.01.14-21.58.30:327][  0]LogInit: User: Andrey
[2024.01.14-21.58.30:327][  0]LogInit: CPU Page size=4096, Cores=6
[2024.01.14-21.58.30:327][  0]LogInit: High frequency timer resolution =10.000000 MHz
[2024.01.14-21.58.30:328][  0]LogMemory: Memory total: Physical=15.9GB (16GB approx)
[2024.01.14-21.58.30:328][  0]LogMemory: Platform Memory Stats for Windows
[2024.01.14-21.58.30:328][  0]LogMemory: Process Physical Memory: 144.54 MB used, 144.55 MB peak
[2024.01.14-21.58.30:328][  0]LogMemory: Process Virtual Memory: 121.88 MB used, 121.88 MB peak
[2024.01.14-21.58.30:328][  0]LogMemory: Physical Memory: 8266.29 MB used,  8043.76 MB free, 16310.05 MB total
[2024.01.14-21.58.30:328][  0]LogMemory: Virtual Memory: 134210184.00 MB used,  7542.94 MB free, 134217728.00 MB total
[2024.01.14-21.58.30:333][  0]LogWindows: WindowsPlatformFeatures enabled
[2024.01.14-21.58.30:369][  0]LogInit: Physics initialised using underlying interface: PhysX
[2024.01.14-21.58.30:369][  0]LogInit: Using OS detected language (ru-RU).
[2024.01.14-21.58.30:369][  0]LogInit: Using OS detected locale (ru-RU).
[2024.01.14-21.58.30:370][  0]LogTextLocalizationManager: No specific localization for 'ru-RU' exists, so the 'ru' localization will be used.
[2024.01.14-21.58.30:372][  0]LogTextLocalizationResource: LocRes '../../../Engine/Content/Localization/Editor/ru/Editor.locres' could not be opened for reading!
[2024.01.14-21.58.30:372][  0]LogTextLocalizationResource: LocRes '../../../Engine/Content/Localization/EditorTutorials/ru/EditorTutorials.locres' could not be opened for reading!
[2024.01.14-21.58.30:372][  0]LogTextLocalizationResource: LocRes '../../../Engine/Content/Localization/Keywords/ru/Keywords.locres' could not be opened for reading!
[2024.01.14-21.58.30:372][  0]LogTextLocalizationResource: LocRes '../../../Engine/Content/Localization/Category/ru/Category.locres' could not be opened for reading!
[2024.01.14-21.58.30:372][  0]LogTextLocalizationResource: LocRes '../../../Engine/Content/Localization/ToolTips/ru/ToolTips.locres' could not be opened for reading!
[2024.01.14-21.58.30:372][  0]LogTextLocalizationResource: LocRes '../../../Engine/Content/Localization/PropertyNames/ru/PropertyNames.locres' could not be opened for reading!
[2024.01.14-21.58.30:372][  0]LogTextLocalizationResource: LocRes '../../../Engine/Content/Localization/Engine/ru/Engine.locres' could not be opened for reading!
[2024.01.14-21.58.30:381][  0]LogWindowsTextInputMethodSystem: Display: IME system deactivated.
[2024.01.14-21.58.30:411][  0]LogSlate: New Slate User Created.  User Index 0, Is Virtual User: 0
[2024.01.14-21.58.30:411][  0]LogSlate: Slate User Registered.  User Index 0, Is Virtual User: 0
[2024.01.14-21.58.30:431][  0]LogD3D11RHI: Loaded GFSDK_Aftermath_Lib.x64.dll
[2024.01.14-21.58.30:433][  0]LogHMD: Failed to initialize OpenVR with code 110
[2024.01.14-21.58.30:433][  0]LogD3D11RHI: D3D11 min allowed feature level: 11_0
[2024.01.14-21.58.30:433][  0]LogD3D11RHI: D3D11 max allowed feature level: 11_0
[2024.01.14-21.58.30:433][  0]LogD3D11RHI: D3D11 adapters:
[2024.01.14-21.58.30:587][  0]LogD3D11RHI:    0. 'NVIDIA GeForce RTX 2070' (Feature Level 11_0)
[2024.01.14-21.58.30:587][  0]LogD3D11RHI:       8019/0/8155 MB DedicatedVideo/DedicatedSystem/SharedSystem, Outputs:1, VendorId:0x10de
[2024.01.14-21.58.30:589][  0]LogD3D11RHI:    1. 'Microsoft Basic Render Driver' (Feature Level 11_0)
[2024.01.14-21.58.30:589][  0]LogD3D11RHI:       0/0/8155 MB DedicatedVideo/DedicatedSystem/SharedSystem, Outputs:0, VendorId:0x1414
[2024.01.14-21.58.30:589][  0]LogD3D11RHI: Chosen D3D11 Adapter:
[2024.01.14-21.58.30:589][  0]LogD3D11RHI:     Description : NVIDIA GeForce RTX 2070
[2024.01.14-21.58.30:589][  0]LogD3D11RHI:     VendorId    : 10de
[2024.01.14-21.58.30:589][  0]LogD3D11RHI:     DeviceId    : 1f02
[2024.01.14-21.58.30:589][  0]LogD3D11RHI:     SubSysId    : c7501462
[2024.01.14-21.58.30:589][  0]LogD3D11RHI:     Revision    : 00a1
[2024.01.14-21.58.30:589][  0]LogD3D11RHI:     DedicatedVideoMemory : 8408530944 bytes
[2024.01.14-21.58.30:589][  0]LogD3D11RHI:     DedicatedSystemMemory : 0 bytes
[2024.01.14-21.58.30:589][  0]LogD3D11RHI:     SharedSystemMemory : 8551161856 bytes
[2024.01.14-21.58.30:589][  0]LogD3D11RHI:     AdapterLuid : 0 56258
[2024.01.14-21.58.30:595][  0]LogD3D11RHI: Creating new Direct3DDevice
[2024.01.14-21.58.30:595][  0]LogD3D11RHI:     GPU DeviceId: 0x1f02 (for the marketing name, search the web for "GPU Device Id")
[2024.01.14-21.58.30:595][  0]LogWindows: EnumDisplayDevices:
[2024.01.14-21.58.30:595][  0]LogWindows:    0. 'NVIDIA GeForce RTX 2070' (P:1 D:1)
[2024.01.14-21.58.30:595][  0]LogWindows:    1. 'NVIDIA GeForce RTX 2070' (P:0 D:0)
[2024.01.14-21.58.30:595][  0]LogWindows:    2. 'NVIDIA GeForce RTX 2070' (P:0 D:0)
[2024.01.14-21.58.30:596][  0]LogWindows:    3. 'NVIDIA GeForce RTX 2070' (P:0 D:0)
[2024.01.14-21.58.30:596][  0]LogWindows: DebugString: FoundDriverCount:4 
[2024.01.14-21.58.30:596][  0]LogD3D11RHI:     Adapter Name: NVIDIA GeForce RTX 2070
[2024.01.14-21.58.30:596][  0]LogD3D11RHI:   Driver Version: 546.33 (internal:31.0.15.4633, unified:546.33)
[2024.01.14-21.58.30:596][  0]LogD3D11RHI:      Driver Date: 12-6-2023
[2024.01.14-21.58.30:596][  0]LogRHI: Texture pool is 5613 MB (70% of 8019 MB)
[2024.01.14-21.58.30:596][  0]LogD3D11RHI: Creating D3DDevice using adapter:
[2024.01.14-21.58.30:596][  0]LogD3D11RHI:     Description : NVIDIA GeForce RTX 2070
[2024.01.14-21.58.30:596][  0]LogD3D11RHI:     VendorId    : 10de
[2024.01.14-21.58.30:596][  0]LogD3D11RHI:     DeviceId    : 1f02
[2024.01.14-21.58.30:596][  0]LogD3D11RHI:     SubSysId    : c7501462
[2024.01.14-21.58.30:596][  0]LogD3D11RHI:     Revision    : 00a1
[2024.01.14-21.58.30:596][  0]LogD3D11RHI:     DedicatedVideoMemory : 8408530944 bytes
[2024.01.14-21.58.30:596][  0]LogD3D11RHI:     DedicatedSystemMemory : 0 bytes
[2024.01.14-21.58.30:596][  0]LogD3D11RHI:     SharedSystemMemory : 8551161856 bytes
[2024.01.14-21.58.30:596][  0]LogD3D11RHI:     AdapterLuid : 0 56258
[2024.01.14-21.58.30:698][  0]LogD3D11RHI: RHI has support for 64 bit atomics
[2024.01.14-21.58.30:698][  0]LogD3D11RHI: Async texture creation enabled
[2024.01.14-21.58.30:698][  0]LogD3D11RHI: Array index from any shader is supported
[2024.01.14-21.58.30:725][  0]LogD3D11RHI: GPU Timing Frequency: 1000.000000 (Debug: 2 1)
[2024.01.14-21.58.30:753][  0]LogRHI: GeForceNow SDK initialized: 1
[2024.01.14-21.58.31:027][  0]LogTargetPlatformManager: Display: Loaded TargetPlatform 'WindowsNoEditor'
[2024.01.14-21.58.31:031][  0]LogTargetPlatformManager: Display: Loaded TargetPlatform 'Windows'
[2024.01.14-21.58.31:035][  0]LogTargetPlatformManager: Display: Loaded TargetPlatform 'WindowsClient'
[2024.01.14-21.58.31:040][  0]LogTargetPlatformManager: Display: Loaded TargetPlatform 'WindowsServer'
[2024.01.14-21.58.31:040][  0]LogTargetPlatformManager: Display: Building Assets For Windows
[2024.01.14-21.58.31:046][  0]LogAudioDebug: Display: Lib vorbis DLL was dynamically loaded.
[2024.01.14-21.58.31:073][  0]LogTextureFormatOodle: Display: Oodle Texture 2.9.0 init RDO Off
[2024.01.14-21.58.31:100][  0]LogRendererCore: Ray tracing is disabled. Reason: r.RayTracing=0.
[2024.01.14-21.58.31:100][  0]LogShaderCompilers: Guid format shader working directory is 8 characters bigger than the processId version (E:/Course/DormCourseWork/DormPlatformer/Intermediate/Shaders/WorkingDirectory/7708/).
[2024.01.14-21.58.31:100][  0]LogShaderCompilers: Cleaned the shader compiler working directory 'C:/Users/Andrey/AppData/Local/Temp/UnrealShaderWorkingDir/4E6278AD4BCD608BE63D4D891487757F/'.
[2024.01.14-21.58.31:100][  0]LogXGEController: Cannot use XGE Controller as Incredibuild is not installed on this machine.
[2024.01.14-21.58.31:100][  0]LogShaderCompilers: Cannot use XGE Shader Compiler as Incredibuild is not installed on this machine.
[2024.01.14-21.58.31:100][  0]LogShaderCompilers: Display: Using Local Shader Compiler.
[2024.01.14-21.58.31:773][  0]LogDerivedDataCache: Display: Max Cache Size: 512 MB
[2024.01.14-21.58.31:816][  0]LogDerivedDataCache: Loaded boot cache 0.04s 94MB C:/Users/Andrey/AppData/Local/UnrealEngine/4.27/DerivedDataCache/Boot.ddc.
[2024.01.14-21.58.31:816][  0]LogDerivedDataCache: Display: Loaded Boot cache: C:/Users/Andrey/AppData/Local/UnrealEngine/4.27/DerivedDataCache/Boot.ddc
[2024.01.14-21.58.31:816][  0]LogDerivedDataCache: FDerivedDataBackendGraph:  Pak pak cache file E:/Course/DormCourseWork/DormPlatformer/DerivedDataCache/DDC.ddp not found, will not use a pak cache.
[2024.01.14-21.58.31:816][  0]LogDerivedDataCache: Unable to find inner node Pak for hierarchical cache Hierarchy.
[2024.01.14-21.58.31:816][  0]LogDerivedDataCache: FDerivedDataBackendGraph:  CompressedPak pak cache file E:/Course/DormCourseWork/DormPlatformer/DerivedDataCache/Compressed.ddp not found, will not use a pak cache.
[2024.01.14-21.58.31:816][  0]LogDerivedDataCache: Unable to find inner node CompressedPak for hierarchical cache Hierarchy.
[2024.01.14-21.58.31:834][  0]LogDerivedDataCache: Display: Pak cache opened for reading ../../../Engine/DerivedDataCache/Compressed.ddp.
[2024.01.14-21.58.31:834][  0]LogDerivedDataCache: FDerivedDataBackendGraph:  EnterprisePak pak cache file ../../../Enterprise/DerivedDataCache/Compressed.ddp not found, will not use a pak cache.
[2024.01.14-21.58.31:834][  0]LogDerivedDataCache: Unable to find inner node EnterprisePak for hierarchical cache Hierarchy.
[2024.01.14-21.58.31:841][  0]LogDerivedDataCache: Speed tests for C:/Users/Andrey/AppData/Local/UnrealEngine/Common/DerivedDataCache took 0.01 seconds
[2024.01.14-21.58.31:841][  0]LogDerivedDataCache: Display: Performance to C:/Users/Andrey/AppData/Local/UnrealEngine/Common/DerivedDataCache: Latency=0.03ms. RandomReadSpeed=1227.31MBs, RandomWriteSpeed=160.76MBs. Assigned SpeedClass 'Local'
[2024.01.14-21.58.31:841][  0]LogDerivedDataCache: Using Local data cache path C:/Users/Andrey/AppData/Local/UnrealEngine/Common/DerivedDataCache: Writable
[2024.01.14-21.58.31:841][  0]LogDerivedDataCache: Shared data cache path not found in *engine.ini, will not use an Shared cache.
[2024.01.14-21.58.31:841][  0]LogDerivedDataCache: Unable to find inner node Shared for hierarchical cache Hierarchy.
[2024.01.14-21.58.31:874][  0]LogSlate: Using FreeType 2.10.0
[2024.01.14-21.58.31:874][  0]LogSlate: SlateFontServices - WITH_FREETYPE: 1, WITH_HARFBUZZ: 1
[2024.01.14-21.58.31:935][  0]LogInit: Using OS detected language (ru-RU).
[2024.01.14-21.58.31:935][  0]LogInit: Using OS detected locale (ru-RU).
[2024.01.14-21.58.31:935][  0]LogTextLocalizationManager: No localization for 'ru-RU' exists, so 'en' will be used for the language.
[2024.01.14-21.58.31:935][  0]LogTextLocalizationManager: No localization for 'ru-RU' exists, so 'en' will be used for the locale.
[2024.01.14-21.58.31:935][  0]LogSlate: FontCache flush requested. Reason: Culture for localization was changed
[2024.01.14-21.58.31:935][  0]LogSlate: FontCache flush requested. Reason: Culture for localization was changed
[2024.01.14-21.58.31:939][  0]LogAssetRegistry: FAssetRegistry took 0.0021 seconds to start up
[2024.01.14-21.58.32:081][  0]LogTextLocalizationManager: Compacting localization data took   0.00ms
[2024.01.14-21.58.32:081][  0]LogPackageLocalizationCache: Processed 29 localized package path(s) for 1 prioritized culture(s) in 0.001216 seconds
[2024.01.14-21.58.32:134][  0]LogInit: Selected Device Profile: [Windows]
[2024.01.14-21.58.32:134][  0]LogInit: Active device profile: [000002F6F19C9F00][000002F6EF662580 49] Windows
[2024.01.14-21.58.32:134][  0]LogInit: Profiles: [000002F6F19C9F00][000002F6EF662580 49] Windows, [000002F6F19D1D00][000002F6EF66A700 49] WindowsNoEditor, [000002F6F19CA100][000002F6EF66E880 49] WindowsServer, [000002F6F19D2200][000002F6EF672A00 49] WindowsClient, [000002F6F19CA700][000002F6EF676B80 49] IOS, [000002F6F19D2800][000002F6EF67AD00 49] iPadAir, [000002F6F19CAC00][000002F6EF67EE80 49] iPadAir2, [000002F6F197E200][000002F6EF687140 49] IPadPro, [000002F6F197E300][000002F6EF683180 49] iPadAir3, [000002F6F19C9600][000002F6EF68B300 49] iPadAir4, [000002F6F197FE00][000002F6EF68F480 49] iPadMini2, [000002F6F19CBA00][000002F6EF6675C0 49] iPadMini3, [000002F6F197D200][000002F6EF693700 49] iPadMini4, [000002F6F19C8A00][000002F6EF697840 49] iPadMini5, [000002F6F19A9500][000002F6EFC6FB00 49] iPhone6, [000002F6F19A9600][000002F6EFC6BB40 49] iPodTouch6, [000002F6F19D2E00][000002F6EFC76280 49] iPhone7, [000002F6F19D2F00][000002F6EFC722C0 49] iPodTouch7, [000002F6F19AB200][000002F6EFC7A440 49] iPhone5S, [000002F6F19D0500][000002F6EFC7E5C0 49] iPhone6Plus, [000002F6F19A8D00][000002F6EFC82740 49] iPhone6S, [000002F6F19D1B00][000002F6EFC868C0 49] iPhone6SPlus, [000002F6F19AAD00][000002F6EFC8AA40 49] iPhone7Plus, [000002F6F19D1000][000002F6EFC8EBC0 49] iPhoneSE, [000002F6F19AB700][000002F6EFC92D40 49] iPhone8, [000002F6F19D2000][000002F6EFC96EC0 49] iPhone8Plus, [000002F6F19AA600][000002F6EFC9B040 49] iPhoneX, [000002F6F19D0400][000002F6EFC9F1C0 49] iPhoneXS, [000002F6F19AB600][000002F6EFCA3340 49] iPhoneXSMax, [000002F6F19D2100][000002F6EFCA74C0 49] iPhoneXR, [000002F6F19ABA00][000002F6EFCAB640 49] iPhone11, [000002F6F19D0900][000002F6EFC67780 49] iPhone11Pro, [000002F6F19A9A00][000002F6EFCAF8C0 49] iPhone11ProMax, [000002F6F19D3F00][000002F6EFCB3A00 49] iPhoneSE2, [000002F6F19AAC00][000002F6EFCB7B40 49] iPhone12Mini, [000002F6F19D0200][000002F6EFCBE140 49] iPhone12, [000002F6F19AB800][000002F6EFCC22C0 49] iPhone12Pro, [000002F6F19D0800][000002F6EFCC6440 49] iPhone12ProMax, [000002F6F19A8100][000002F6EFCCA5C0 49] iPadPro105, [000002F6F19D1400][000002F6EFCCE740 49] iPadPro129, [000002F6F19AAF00][000002F6EFCD28C0 49] iPadPro97, [000002F6F19D3200][000002F6EFCD6A40 49] iPadPro2_129, [000002F6F197E500][000002F6EFCDABC0 49] iPad5, [000002F6F1A60200][000002F6EFCDED40 49] iPad6, [000002F6F197C400][000002F6EFCE2EC0 49] iPad7, [000002F6F19D2600][000002F6EFCE7040 49] iPad8, [000002F6F197F900][000002F6EFCEB1C0 49] iPadPro11, [000002F6F19D1F00][000002F6EFCEF340 49] iPadPro2_11, [000002F6F197F300][000002F6EFCF34C0 49] iPadPro3_129, [000002F6F19D1800][000002F6EFCF7640 49] iPadPro4_129, [000002F6F197C600][000002F6EFCFB7C0 49] AppleTV, [000002F6F19D3800][000002F6EFCBB900 49] AppleTV4K, [000002F6F197EA00][000002F6EFCFFA40 49] TVOS, [000002F6F19D3C00][000002F6EFD03B80 49] Mac, [000002F6F197F100][000002F6EFD06140 49] MacClient, [000002F6F19D3400][000002F6EFD0E2C0 49] MacNoEditor, [000002F6F197DD00][000002F6EFD12440 49] MacServer, [000002F6F19D3500][000002F6EFD165C0 49] Linux, [000002F6F197CA00][000002F6EFD1A740 49] LinuxAArch64, [000002F6F19D2B00][000002F6EFD1E8C0 49] LinuxNoEditor, [000002F6F197CC00][000002F6EFD22A40 49] LinuxAArch64NoEditor, [000002F6F19D1E00][000002F6EFD26BC0 49] LinuxClient, [000002F6F197E800][000002F6EFD2AD40 49] LinuxAArch64Client, [000002F6F19D3D00][000002F6EFD2EEC0 49] LinuxServer, [000002F6F197FF00][000002F6EFD33040 49] LinuxAArch64Server, [000002F6F19D1500][000002F6EFD371C0 49] Android, [000002F6F197D400][000002F6EFD3B340 49] Android_Low, [000002F6F19D2300][000002F6EFD3F4C0 49] Android_Mid, [000002F6F197F400][000002F6EFD43640 49] Android_High, [000002F6F19D3600][000002F6EFD477C0 49] Android_Default, [000002F6F197D300][000002F6EFD4B940 49] Android_Adreno4xx, [000002F6F19D3700][000002F6EFD4FAC0 49] Android_Adreno5xx_Low, [000002F6F197EF00][000002F6EFD0BC00 49] Android_Adreno5xx, [000002F6F19D3300][000002F6EFD521C0 49] Android_Adreno6xx, [000002F6F197C700][000002F6EFD56300 49] Android_Adreno6xx_Vulkan, [000002F6F19D0600][000002F6EF960480 49] Android_Mali_T6xx, [000002F6F197DB00][000002F6EF964600 49] Android_Mali_T7xx, [000002F6F19D2C00][000002F6EF968780 49] Android_Mali_T8xx, [000002F6F197D900][000002F6EF96C900 49] Android_Mali_G71, [000002F6F19D3000][000002F6EF970A80 49] Android_Mali_G72, [000002F6F19C8400][000002F6EF974C00 49] Android_Mali_G72_Vulkan, [000002F6F19A8B00][000002F6EF978D80 49] Android_Mali_G76, [000002F6F19CBC00][000002F6EF97CF00 49] Android_Mali_G76_Vulkan, [000002F6F19ABD00][000002F6EF981080 49] Android_Mali_G77, [000002F6F19C8800][000002F6EF985200 49] Android_Mali_G77_Vulkan, [000002F6F19A9000][000002F6EF989380 49] Android_Mali_G78, [000002F6F19C8300][000002F6EF98D500 49] Android_Mali_G78_Vulkan, [000002F6F19A9800][000002F6EF991680 49] Android_Mali_G710, [000002F6F19C8100][000002F6EF995800 49] Android_Mali_G710_Vulkan, [000002F6F19A8800][000002F6EF999980 49] Android_Vulkan_SM5, [000002F6F19C8600][000002F6EF99DB00 49] Android_PowerVR_G6xxx, [000002F6F19AAA00][000002F6EF9A0100 49] Android_PowerVR_GT7xxx, [000002F6F19C9C00][000002F6EFD5A240 49] Android_PowerVR_GE8xxx, [000002F6F19AA100][000002F6EF9A4380 49] Android_PowerVR_GM9xxx, [000002F6F19CA900][000002F6EF9A84C0 49] Android_PowerVR_GM9xxx_Vulkan, [000002F6F19A9C00][000002F6EA2A0640 49] Android_TegraK1, [000002F6F19CA300][000002F6EA2A47C0 49] Android_Unknown_Vulkan, [000002F6F19AA900][000002F6EA2A8940 49] Lumin, [000002F6F19CAB00][000002F6EA2ACAC0 49] Lumin_Desktop, [000002F6F19A9200][000002F6EA2B0C40 49] HoloLens, 
[2024.01.14-21.58.32:168][  0]LogMeshReduction: Using QuadricMeshReduction for automatic static mesh reduction
[2024.01.14-21.58.32:168][  0]LogMeshReduction: Using SimplygonMeshReduction for automatic skeletal mesh reduction
[2024.01.14-21.58.32:168][  0]LogMeshReduction: Using ProxyLODMeshReduction for automatic mesh merging
[2024.01.14-21.58.32:168][  0]LogMeshReduction: No distributed automatic mesh merging module available
[2024.01.14-21.58.32:168][  0]LogMeshMerging: No distributed automatic mesh merging module available
