Log file open, 01/16/24 20:36:24
LogWindows: Failed to load 'aqProf.dll' (GetLastError=126)
LogWindows: File 'aqProf.dll' does not exist
LogWindows: Failed to load 'VtuneApi.dll' (GetLastError=126)
LogWindows: File 'VtuneApi.dll' does not exist
LogWindows: Failed to load 'VtuneApi32e.dll' (GetLastError=126)
LogWindows: File 'VtuneApi32e.dll' does not exist
LogConsoleResponse: Display: Failed to find resolution value strings in scalability ini. Falling back to default.
LogConsoleResponse: Display: Failed to find resolution value strings in scalability ini. Falling back to default.
LogInit: Display: Running engine for game: DormPlatformer
LogPlatformFile: Not using cached read wrapper
LogTaskGraph: Started task graph with 5 named threads and 23 total threads with 3 sets of task threads.
LogStats: Stats thread started at 0.378184
LogICUInternationalization: ICU TimeZone Detection - Raw Offset: +6:00, Platform Override: ''
LogInit: Display: Loading text-based GConfig....
LogPluginManager: Mounting plugin MeshPainting
LogPluginManager: Mounting plugin XGEController
LogPluginManager: Mounting plugin Paper2D
LogPluginManager: Mounting plugin AISupport
LogPluginManager: Mounting plugin EnvironmentQueryEditor
LogPluginManager: Mounting plugin LightPropagationVolume
LogPluginManager: Mounting plugin CameraShakePreviewer
LogPluginManager: Mounting plugin GameplayCameras
LogPluginManager: Mounting plugin LiveLink
LogPluginManager: Mounting plugin AnimationSharing
LogPluginManager: Mounting plugin CLionSourceCodeAccess
LogPluginManager: Mounting plugin DatasmithContent
LogPluginManager: Mounting plugin CodeLiteSourceCodeAccess
LogPluginManager: Mounting plugin VariantManagerContent
LogPluginManager: Mounting plugin GitSourceControl
LogPluginManager: Mounting plugin NullSourceCodeAccess
LogPluginManager: Mounting plugin KDevelopSourceCodeAccess
LogPluginManager: Mounting plugin PerforceSourceControl
LogPluginManager: Mounting plugin AssetManagerEditor
LogPluginManager: Mounting plugin PixWinPlugin
LogPluginManager: Mounting plugin PlasticSourceControl
LogPluginManager: Mounting plugin PluginUtils
LogPluginManager: Mounting plugin PropertyAccessNode
LogPluginManager: Mounting plugin RiderSourceCodeAccess
LogPluginManager: Mounting plugin SubversionSourceControl
LogPluginManager: Mounting plugin TextureFormatOodle
LogPluginManager: Mounting plugin CryptoKeys
LogPluginManager: Mounting plugin UObjectPlugin
LogPluginManager: Mounting plugin CurveEditorTools
LogPluginManager: Mounting plugin VisualStudioCodeSourceCodeAccess
LogPluginManager: Mounting plugin XCodeSourceCodeAccess
LogPluginManager: Mounting plugin VisualStudioSourceCodeAccess
LogPluginManager: Mounting plugin FacialAnimation
LogPluginManager: Mounting plugin DataValidation
LogPluginManager: Mounting plugin GameplayTagsEditor
LogPluginManager: Mounting plugin GeometryMode
LogPluginManager: Mounting plugin MacGraphicsSwitching
LogPluginManager: Mounting plugin MaterialAnalyzer
LogPluginManager: Mounting plugin MobileLauncherProfileWizard
LogPluginManager: Mounting plugin PluginBrowser
LogPluginManager: Mounting plugin SpeedTreeImporter
LogPluginManager: Mounting plugin OodleData
LogPluginManager: Mounting plugin OodleNetwork
LogPluginManager: Mounting plugin AlembicImporter
LogPluginManager: Mounting plugin BackChannel
LogPluginManager: Mounting plugin AutomationUtils
LogPluginManager: Mounting plugin ChaosCloth
LogPluginManager: Mounting plugin ChaosClothEditor
LogPluginManager: Mounting plugin ChaosEditor
LogPluginManager: Mounting plugin Niagara
LogPluginManager: Mounting plugin ChaosNiagara
LogPluginManager: Mounting plugin ChaosSolverPlugin
LogPluginManager: Mounting plugin CharacterAI
LogPluginManager: Mounting plugin GeometryCache
LogPluginManager: Mounting plugin GeometryCollectionPlugin
LogPluginManager: Mounting plugin GeometryProcessing
LogPluginManager: Mounting plugin MotoSynth
LogPluginManager: Mounting plugin OpenImageDenoise
LogPluginManager: Mounting plugin LuminPlatformFeatures
LogPluginManager: Mounting plugin PlanarCut
LogPluginManager: Mounting plugin PlatformCrypto
LogPluginManager: Mounting plugin ProxyLODPlugin
LogPluginManager: Mounting plugin PythonScriptPlugin
LogPluginManager: Mounting plugin MagicLeap
LogPluginManager: Mounting plugin AndroidMedia
LogPluginManager: Mounting plugin MagicLeapLightEstimation
LogPluginManager: Mounting plugin MagicLeapMedia
LogPluginManager: Mounting plugin SkeletalReduction
LogPluginManager: Mounting plugin MagicLeapPassableWorld
LogPluginManager: Mounting plugin MLSDK
LogPluginManager: Mounting plugin AvfMedia
LogPluginManager: Mounting plugin ImgMedia
LogPluginManager: Mounting plugin MediaCompositing
LogPluginManager: Mounting plugin MediaPlayerEditor
LogPluginManager: Mounting plugin WebMMedia
LogPluginManager: Mounting plugin WmfMedia
LogPluginManager: Mounting plugin TcpMessaging
LogPluginManager: Mounting plugin UdpMessaging
LogPluginManager: Mounting plugin ActorSequence
LogPluginManager: Mounting plugin LevelSequenceEditor
LogPluginManager: Mounting plugin MatineeToLevelSequence
LogPluginManager: Mounting plugin TemplateSequence
LogPluginManager: Mounting plugin LauncherChunkInstaller
LogPluginManager: Mounting plugin ActorLayerUtilities
LogPluginManager: Mounting plugin OnlineSubsystem
LogPluginManager: Mounting plugin AndroidDeviceProfileSelector
LogPluginManager: Mounting plugin OnlineSubsystemNull
LogPluginManager: Mounting plugin AndroidPermission
LogPluginManager: Mounting plugin AndroidMoviePlayer
LogPluginManager: Mounting plugin AppleImageUtils
LogPluginManager: Mounting plugin OnlineSubsystemUtils
LogPluginManager: Mounting plugin AppleMoviePlayer
LogPluginManager: Mounting plugin AssetTags
LogPluginManager: Mounting plugin ArchVisCharacter
LogPluginManager: Mounting plugin AudioCapture
LogPluginManager: Mounting plugin ChunkDownloader
LogPluginManager: Mounting plugin AudioSynesthesia
LogPluginManager: Mounting plugin CustomMeshComponent
LogPluginManager: Mounting plugin CableComponent
LogPluginManager: Mounting plugin EditableMesh
LogPluginManager: Mounting plugin ExampleDeviceProfileSelector
LogPluginManager: Mounting plugin GoogleCloudMessaging
LogPluginManager: Mounting plugin GooglePAD
LogPluginManager: Mounting plugin IOSDeviceProfileSelector
LogPluginManager: Mounting plugin LinuxDeviceProfileSelector
LogPluginManager: Mounting plugin LocationServicesBPLibrary
LogPluginManager: Mounting plugin MobilePatchingUtils
LogPluginManager: Mounting plugin OpenXR
LogPluginManager: Mounting plugin OpenXREyeTracker
LogPluginManager: Mounting plugin OpenXRHandTracking
LogPluginManager: Mounting plugin PhysXVehicles
LogPluginManager: Mounting plugin PostSplashScreen
LogPluginManager: Mounting plugin ProceduralMeshComponent
LogPluginManager: Mounting plugin PropertyAccessEditor
LogPluginManager: Mounting plugin RuntimePhysXCooking
LogPluginManager: Mounting plugin SignificanceManager
LogPluginManager: Mounting plugin SoundFields
LogPluginManager: Mounting plugin Synthesis
LogPluginManager: Mounting plugin WebMMoviePlayer
LogPluginManager: Mounting plugin WindowsMoviePlayer
LogPluginManager: Mounting plugin ScreenshotTools
LogPluginManager: Mounting plugin MultiUserTakes
LogPluginManager: Mounting plugin Takes
LogPluginManager: Mounting plugin ConcertMain
LogPluginManager: Mounting plugin MultiUserClient
LogPluginManager: Mounting plugin ContentBrowserAssetDataSource
LogPluginManager: Mounting plugin ContentBrowserFileDataSource
LogPluginManager: Mounting plugin ContentBrowserClassDataSource
LogPluginManager: Mounting plugin OnlineSubsystemGooglePlay
LogPluginManager: Mounting plugin OnlineSubsystemIOS
LogPluginManager: Mounting plugin SQLiteCore
LogPluginManager: Mounting plugin OculusVR
LogPluginManager: Mounting plugin SteamVR
LogPluginManager: Mounting plugin ConcertSyncClient
LogPluginManager: Mounting plugin ConcertSyncCore
PixWinPlugin: PIX capture plugin failed to initialize! Check that the process is launched from PIX.
LogInit: Using libcurl 7.55.1-DEV
LogInit:  - built for x86_64-pc-win32
LogInit:  - supports SSL with OpenSSL/1.1.1
LogInit:  - supports HTTP deflate (compression) using libz 1.2.8
LogInit:  - other features:
LogInit:      CURL_VERSION_SSL
LogInit:      CURL_VERSION_LIBZ
LogInit:      CURL_VERSION_IPV6
LogInit:      CURL_VERSION_ASYNCHDNS
LogInit:      CURL_VERSION_LARGEFILE
LogInit:      CURL_VERSION_IDN
LogInit:  CurlRequestOptions (configurable via config and command line):
LogInit:  - bVerifyPeer = true  - Libcurl will verify peer certificate
LogInit:  - bUseHttpProxy = false  - Libcurl will NOT use HTTP proxy
LogInit:  - bDontReuseConnections = false  - Libcurl will reuse connections
LogInit:  - MaxHostConnections = 16  - Libcurl will limit the number of connections to a host
LogInit:  - LocalHostAddr = Default
LogInit:  - BufferSize = 65536
LogOnline: OSS: Creating online subsystem instance for: NULL
LogInit: WinSock: version 1.1 (2.2), MaxSocks=32767, MaxUdp=65467
LogOnline: OSS: TryLoadSubsystemAndSetDefault: Loaded subsystem for module [NULL]
LogOculusPluginWrapper: OculusPlugin initialized successfully
LogHMD: Failed initializing OVRPlugin 1.59.0
LogInit: Build: ++UE4+Release-4.27-CL-18319896
LogInit: Engine Version: 4.27.2-18319896+++UE4+Release-4.27
LogInit: Compatible Engine Version: 4.27.0-17155196+++UE4+Release-4.27
LogInit: Net CL: 17155196
LogInit: OS: Windows 10 (Release 2009) (), CPU: 11th Gen Intel(R) Core(TM) i5-1135G7 @ 2.40GHz, GPU: Intel(R) Iris(R) Xe Graphics
LogInit: Compiled (64-bit): Nov 30 2021 07:12:08
LogInit: Compiled with Visual C++: 19.24.28315.00
LogInit: Build Configuration: Development
LogInit: Branch Name: ++UE4+Release-4.27
LogInit: Command Line:  /Game/Menu/Menu -game -PIEVIACONSOLE -Multiprocess GameUserSettingsINI=C:/Users/enthu/OneDrive/Документы/GitHub/DormCourseWork/DormPlatformer/Saved/Config/Windows/PIEGameUserSettings0.ini -MultiprocessSaveConfig -forcepassthrough -messaging -SessionName="Play in Standalone Game" -windowed -WinX=320 -WinY=190 SAVEWINPOS=1 -ResX=1280 -ResY=720
LogInit: Base Directory: D:/UE_4.27/Engine/Binaries/Win64/
LogInit: Allocator: TBB
LogInit: Installed Engine Build: 1
LogDevObjectVersion: Number of dev versions registered: 29
LogDevObjectVersion:   Dev-Blueprints (B0D832E4-1F89-4F0D-ACCF-7EB736FD4AA2): 10
LogDevObjectVersion:   Dev-Build (E1C64328-A22C-4D53-A36C-8E866417BD8C): 0
LogDevObjectVersion:   Dev-Core (375EC13C-06E4-48FB-B500-84F0262A717E): 4
LogDevObjectVersion:   Dev-Editor (E4B068ED-F494-42E9-A231-DA0B2E46BB41): 40
LogDevObjectVersion:   Dev-Framework (CFFC743F-43B0-4480-9391-14DF171D2073): 37
LogDevObjectVersion:   Dev-Mobile (B02B49B5-BB20-44E9-A304-32B752E40360): 3
LogDevObjectVersion:   Dev-Networking (A4E4105C-59A1-49B5-A7C5-40C4547EDFEE): 0
LogDevObjectVersion:   Dev-Online (39C831C9-5AE6-47DC-9A44-9C173E1C8E7C): 0
LogDevObjectVersion:   Dev-Physics (78F01B33-EBEA-4F98-B9B4-84EACCB95AA2): 14
LogDevObjectVersion:   Dev-Platform (6631380F-2D4D-43E0-8009-CF276956A95A): 0
LogDevObjectVersion:   Dev-Rendering (12F88B9F-8875-4AFC-A67C-D90C383ABD29): 45
LogDevObjectVersion:   Dev-Sequencer (7B5AE74C-D270-4C10-A958-57980B212A5A): 13
LogDevObjectVersion:   Dev-VR (D7296918-1DD6-4BDD-9DE2-64A83CC13884): 3
LogDevObjectVersion:   Dev-LoadTimes (C2A15278-BFE7-4AFE-6C17-90FF531DF755): 1
LogDevObjectVersion:   Private-Geometry (6EACA3D4-40EC-4CC1-B786-8BED09428FC5): 3
LogDevObjectVersion:   Dev-AnimPhys (29E575DD-E0A3-4627-9D10-D276232CDCEA): 17
LogDevObjectVersion:   Dev-Anim (AF43A65D-7FD3-4947-9873-3E8ED9C1BB05): 15
LogDevObjectVersion:   Dev-ReflectionCapture (6B266CEC-1EC7-4B8F-A30B-E4D90942FC07): 1
LogDevObjectVersion:   Dev-Automation (0DF73D61-A23F-47EA-B727-89E90C41499A): 1
LogDevObjectVersion:   FortniteMain (601D1886-AC64-4F84-AA16-D3DE0DEAC7D6): 47
LogDevObjectVersion:   FortniteRelease (E7086368-6B23-4C58-8439-1B7016265E91): 1
LogDevObjectVersion:   Dev-Enterprise (9DFFBCD6-494F-0158-E221-12823C92A888): 10
LogDevObjectVersion:   Dev-Niagara (F2AED0AC-9AFE-416F-8664-AA7FFA26D6FC): 1
LogDevObjectVersion:   Dev-Destruction (174F1F0B-B4C6-45A5-B13F-2EE8D0FB917D): 10
LogDevObjectVersion:   Dev-Physics-Ext (35F94A83-E258-406C-A318-09F59610247C): 41
LogDevObjectVersion:   Dev-PhysicsMaterial-Chaos (B68FC16E-8B1B-42E2-B453-215C058844FE): 1
LogDevObjectVersion:   Dev-CineCamera (B2E18506-4273-CFC2-A54E-F4BB758BBA07): 1
LogDevObjectVersion:   Dev-VirtualProduction (64F58936-FD1B-42BA-BA96-7289D5D0FA4E): 1
LogDevObjectVersion:   Dev-MediaFramework (6F0ED827-A609-4895-9C91-998D90180EA4): 2
LogInit: Presizing for max 25165824 objects, including 0 objects not considered by GC, pre-allocating 0 bytes for permanent pool.
LogConfig: Applying CVar settings from Section [/Script/Engine.StreamingSettings] File [C:/Users/enthu/OneDrive/Документы/GitHub/DormCourseWork/DormPlatformer/Saved/Config/Windows/Engine.ini]
LogConfig: Setting CVar [[s.MinBulkDataSizeForAsyncLoading:131072]]
LogConfig: Setting CVar [[s.AsyncLoadingThreadEnabled:0]]
LogConfig: Setting CVar [[s.EventDrivenLoaderEnabled:1]]
LogConfig: Setting CVar [[s.WarnIfTimeLimitExceeded:0]]
LogConfig: Setting CVar [[s.TimeLimitExceededMultiplier:1.5]]
LogConfig: Setting CVar [[s.TimeLimitExceededMinTime:0.005]]
LogConfig: Setting CVar [[s.UseBackgroundLevelStreaming:1]]
LogConfig: Setting CVar [[s.PriorityAsyncLoadingExtraTime:15.0]]
LogConfig: Setting CVar [[s.LevelStreamingActorsUpdateTimeLimit:5.0]]
LogConfig: Setting CVar [[s.PriorityLevelStreamingActorsUpdateExtraTime:5.0]]
LogConfig: Setting CVar [[s.LevelStreamingComponentsRegistrationGranularity:10]]
LogConfig: Setting CVar [[s.UnregisterComponentsTimeLimit:1.0]]
LogConfig: Setting CVar [[s.LevelStreamingComponentsUnregistrationGranularity:5]]
LogConfig: Setting CVar [[s.FlushStreamingOnExit:1]]
LogInit: Object subsystem initialized
LogConfig: Setting CVar [[con.DebugEarlyDefault:1]]
LogConfig: Setting CVar [[r.setres:1280x720]]
[2024.01.16-14.36.25:565][  0]LogConfig: Setting CVar [[con.DebugEarlyDefault:1]]
[2024.01.16-14.36.25:565][  0]LogConfig: Setting CVar [[r.setres:1280x720]]
[2024.01.16-14.36.25:566][  0]LogConfig: Applying CVar settings from Section [/Script/Engine.RendererSettings] File [C:/Users/enthu/OneDrive/Документы/GitHub/DormCourseWork/DormPlatformer/Saved/Config/Windows/Engine.ini]
[2024.01.16-14.36.25:566][  0]LogConfig: Setting CVar [[r.GPUCrashDebugging:0]]
[2024.01.16-14.36.25:566][  0]LogConfig: Setting CVar [[r.Mobile.DisableVertexFog:1]]
[2024.01.16-14.36.25:566][  0]LogConfig: Setting CVar [[r.Shadow.CSM.MaxMobileCascades:2]]
[2024.01.16-14.36.25:566][  0]LogConfig: Setting CVar [[r.MobileMSAA:1]]
[2024.01.16-14.36.25:566][  0]LogConfig: Setting CVar [[r.Mobile.AllowDitheredLODTransition:0]]
[2024.01.16-14.36.25:566][  0]LogConfig: Setting CVar [[r.Mobile.AllowSoftwareOcclusion:0]]
[2024.01.16-14.36.25:566][  0]LogConfig: Setting CVar [[r.Mobile.VirtualTextures:0]]
[2024.01.16-14.36.25:566][  0]LogConfig: Setting CVar [[r.DiscardUnusedQuality:0]]
[2024.01.16-14.36.25:566][  0]LogConfig: Setting CVar [[r.AllowOcclusionQueries:1]]
[2024.01.16-14.36.25:566][  0]LogConfig: Setting CVar [[r.MinScreenRadiusForLights:0.030000]]
[2024.01.16-14.36.25:566][  0]LogConfig: Setting CVar [[r.MinScreenRadiusForDepthPrepass:0.030000]]
[2024.01.16-14.36.25:566][  0]LogConfig: Setting CVar [[r.MinScreenRadiusForCSMDepth:0.010000]]
[2024.01.16-14.36.25:566][  0]LogConfig: Setting CVar [[r.PrecomputedVisibilityWarning:0]]
[2024.01.16-14.36.25:566][  0]LogConfig: Setting CVar [[r.TextureStreaming:1]]
[2024.01.16-14.36.25:566][  0]LogConfig: Setting CVar [[Compat.UseDXT5NormalMaps:0]]
[2024.01.16-14.36.25:566][  0]LogConfig: Setting CVar [[r.VirtualTextures:0]]
[2024.01.16-14.36.25:566][  0]LogConfig: Setting CVar [[r.VT.EnableAutoImport:1]]
[2024.01.16-14.36.25:566][  0]LogConfig: Setting CVar [[r.VirtualTexturedLightmaps:0]]
[2024.01.16-14.36.25:566][  0]LogConfig: Setting CVar [[r.VT.TileSize:128]]
[2024.01.16-14.36.25:566][  0]LogConfig: Setting CVar [[r.VT.TileBorderSize:4]]
[2024.01.16-14.36.25:566][  0]LogConfig: Setting CVar [[r.vt.FeedbackFactor:16]]
[2024.01.16-14.36.25:566][  0]LogConfig: Setting CVar [[r.VT.EnableCompressZlib:1]]
[2024.01.16-14.36.25:566][  0]LogConfig: Setting CVar [[r.VT.EnableCompressCrunch:0]]
[2024.01.16-14.36.25:566][  0]LogConfig: Setting CVar [[r.ClearCoatNormal:0]]
[2024.01.16-14.36.25:566][  0]LogConfig: Setting CVar [[r.ReflectionCaptureResolution:128]]
[2024.01.16-14.36.25:566][  0]LogConfig: Setting CVar [[r.Mobile.ReflectionCaptureCompression:0]]
[2024.01.16-14.36.25:566][  0]LogConfig: Setting CVar [[r.ReflectionEnvironmentLightmapMixBasedOnRoughness:1]]
[2024.01.16-14.36.25:566][  0]LogConfig: Setting CVar [[r.ForwardShading:0]]
[2024.01.16-14.36.25:566][  0]LogConfig: Setting CVar [[r.VertexFoggingForOpaque:1]]
[2024.01.16-14.36.25:566][  0]LogConfig: Setting CVar [[r.AllowStaticLighting:1]]
[2024.01.16-14.36.25:566][  0]LogConfig: Setting CVar [[r.NormalMapsForStaticLighting:0]]
[2024.01.16-14.36.25:566][  0]LogConfig: Setting CVar [[r.GenerateMeshDistanceFields:0]]
[2024.01.16-14.36.25:566][  0]LogConfig: Setting CVar [[r.DistanceFieldBuild.EightBit:0]]
[2024.01.16-14.36.25:566][  0]LogConfig: Setting CVar [[r.GenerateLandscapeGIData:0]]
[2024.01.16-14.36.25:566][  0]LogConfig: Setting CVar [[r.DistanceFieldBuild.Compress:0]]
[2024.01.16-14.36.25:566][  0]LogConfig: Setting CVar [[r.TessellationAdaptivePixelsPerTriangle:48.000000]]
[2024.01.16-14.36.25:566][  0]LogConfig: Setting CVar [[r.SeparateTranslucency:1]]
[2024.01.16-14.36.25:566][  0]LogConfig: Setting CVar [[r.TranslucentSortPolicy:0]]
[2024.01.16-14.36.25:566][  0]LogConfig: Setting CVar [[vr.VRS.HMDFixedFoveationLevel:0]]
[2024.01.16-14.36.25:566][  0]LogConfig: Setting CVar [[r.CustomDepth:1]]
[2024.01.16-14.36.25:567][  0]LogConfig: Setting CVar [[r.CustomDepthTemporalAAJitter:1]]
[2024.01.16-14.36.25:567][  0]LogConfig: Setting CVar [[r.PostProcessing.PropagateAlpha:0]]
[2024.01.16-14.36.25:567][  0]LogConfig: Setting CVar [[r.DefaultFeature.Bloom:1]]
[2024.01.16-14.36.25:567][  0]LogConfig: Setting CVar [[r.DefaultFeature.AmbientOcclusion:1]]
[2024.01.16-14.36.25:567][  0]LogConfig: Setting CVar [[r.DefaultFeature.AmbientOcclusionStaticFraction:1]]
[2024.01.16-14.36.25:567][  0]LogConfig: Setting CVar [[r.DefaultFeature.AutoExposure:0]]
[2024.01.16-14.36.25:567][  0]LogConfig: Setting CVar [[r.DefaultFeature.AutoExposure.Method:0]]
[2024.01.16-14.36.25:567][  0]LogConfig: Setting CVar [[r.DefaultFeature.AutoExposure.Bias:1.000000]]
[2024.01.16-14.36.25:567][  0]LogConfig: Setting CVar [[r.DefaultFeature.AutoExposure.ExtendDefaultLuminanceRange:0]]
[2024.01.16-14.36.25:567][  0]LogConfig: Setting CVar [[r.UsePreExposure:1]]
[2024.01.16-14.36.25:567][  0]LogConfig: Setting CVar [[r.EyeAdaptation.EditorOnly:0]]
[2024.01.16-14.36.25:567][  0]LogConfig: Setting CVar [[r.DefaultFeature.MotionBlur:0]]
[2024.01.16-14.36.25:567][  0]LogConfig: Setting CVar [[r.DefaultFeature.LensFlare:0]]
[2024.01.16-14.36.25:567][  0]LogConfig: Setting CVar [[r.TemporalAA.Upsampling:0]]
[2024.01.16-14.36.25:567][  0]LogConfig: Setting CVar [[r.SSGI.Enable:0]]
[2024.01.16-14.36.25:567][  0]LogConfig: Setting CVar [[r.DefaultFeature.AntiAliasing:0]]
[2024.01.16-14.36.25:567][  0]LogConfig: Setting CVar [[r.DefaultFeature.LightUnits:1]]
[2024.01.16-14.36.25:567][  0]LogConfig: Setting CVar [[r.DefaultBackBufferPixelFormat:4]]
[2024.01.16-14.36.25:567][  0]LogConfig: Setting CVar [[r.Shadow.UnbuiltPreviewInGame:1]]
[2024.01.16-14.36.25:567][  0]LogConfig: Setting CVar [[r.StencilForLODDither:0]]
[2024.01.16-14.36.25:567][  0]LogConfig: Setting CVar [[r.EarlyZPass:3]]
[2024.01.16-14.36.25:567][  0]LogConfig: Setting CVar [[r.EarlyZPassOnlyMaterialMasking:0]]
[2024.01.16-14.36.25:567][  0]LogConfig: Setting CVar [[r.DBuffer:1]]
[2024.01.16-14.36.25:567][  0]LogConfig: Setting CVar [[r.ClearSceneMethod:1]]
[2024.01.16-14.36.25:567][  0]LogConfig: Setting CVar [[r.BasePassOutputsVelocity:0]]
[2024.01.16-14.36.25:567][  0]LogConfig: Setting CVar [[r.VertexDeformationOutputsVelocity:0]]
[2024.01.16-14.36.25:567][  0]LogConfig: Setting CVar [[r.SelectiveBasePassOutputs:0]]
[2024.01.16-14.36.25:567][  0]LogConfig: Setting CVar [[fx.GPUSimulationTextureSizeX:1024]]
[2024.01.16-14.36.25:567][  0]LogConfig: Setting CVar [[fx.GPUSimulationTextureSizeY:1024]]
[2024.01.16-14.36.25:567][  0]LogConfig: Setting CVar [[r.AllowGlobalClipPlane:0]]
[2024.01.16-14.36.25:567][  0]LogConfig: Setting CVar [[r.GBufferFormat:1]]
[2024.01.16-14.36.25:567][  0]LogConfig: Setting CVar [[r.MorphTarget.Mode:1]]
[2024.01.16-14.36.25:567][  0]LogConfig: Setting CVar [[vr.InstancedStereo:0]]
[2024.01.16-14.36.25:567][  0]LogConfig: Setting CVar [[r.MobileHDR:0]]
[2024.01.16-14.36.25:567][  0]LogConfig: Setting CVar [[vr.MobileMultiView:0]]
[2024.01.16-14.36.25:567][  0]LogConfig: Setting CVar [[r.Mobile.UseHWsRGBEncoding:0]]
[2024.01.16-14.36.25:567][  0]LogConfig: Setting CVar [[vr.RoundRobinOcclusion:0]]
[2024.01.16-14.36.25:567][  0]LogConfig: Setting CVar [[vr.ODSCapture:0]]
[2024.01.16-14.36.25:567][  0]LogConfig: Setting CVar [[r.MeshStreaming:0]]
[2024.01.16-14.36.25:567][  0]LogConfig: Setting CVar [[r.WireframeCullThreshold:5.000000]]
[2024.01.16-14.36.25:568][  0]LogConfig: Setting CVar [[r.RayTracing:0]]
[2024.01.16-14.36.25:568][  0]LogConfig: Setting CVar [[r.RayTracing.UseTextureLod:0]]
[2024.01.16-14.36.25:568][  0]LogConfig: Setting CVar [[r.SupportStationarySkylight:1]]
[2024.01.16-14.36.25:568][  0]LogConfig: Setting CVar [[r.SupportLowQualityLightmaps:1]]
[2024.01.16-14.36.25:568][  0]LogConfig: Setting CVar [[r.SupportPointLightWholeSceneShadows:1]]
[2024.01.16-14.36.25:568][  0]LogConfig: Setting CVar [[r.SupportAtmosphericFog:1]]
[2024.01.16-14.36.25:568][  0]LogConfig: Setting CVar [[r.SupportSkyAtmosphere:1]]
[2024.01.16-14.36.25:568][  0]LogConfig: Setting CVar [[r.SupportSkyAtmosphereAffectsHeightFog:0]]
[2024.01.16-14.36.25:568][  0]LogConfig: Setting CVar [[r.SkinCache.CompileShaders:0]]
[2024.01.16-14.36.25:568][  0]LogConfig: Setting CVar [[r.SkinCache.DefaultBehavior:1]]
[2024.01.16-14.36.25:568][  0]LogConfig: Setting CVar [[r.SkinCache.SceneMemoryLimitInMB:128.000000]]
[2024.01.16-14.36.25:568][  0]LogConfig: Setting CVar [[r.Mobile.EnableStaticAndCSMShadowReceivers:1]]
[2024.01.16-14.36.25:568][  0]LogConfig: Setting CVar [[r.Mobile.EnableMovableLightCSMShaderCulling:1]]
[2024.01.16-14.36.25:568][  0]LogConfig: Setting CVar [[r.Mobile.AllowDistanceFieldShadows:1]]
[2024.01.16-14.36.25:568][  0]LogConfig: Setting CVar [[r.Mobile.AllowMovableDirectionalLights:1]]
[2024.01.16-14.36.25:568][  0]LogConfig: Setting CVar [[r.MobileNumDynamicPointLights:4]]
[2024.01.16-14.36.25:568][  0]LogConfig: Setting CVar [[r.MobileDynamicPointLightsUseStaticBranch:1]]
[2024.01.16-14.36.25:568][  0]LogConfig: Setting CVar [[r.Mobile.EnableMovableSpotlights:0]]
[2024.01.16-14.36.25:568][  0]LogConfig: Setting CVar [[r.Mobile.EnableMovableSpotlightsShadow:0]]
[2024.01.16-14.36.25:568][  0]LogConfig: Setting CVar [[r.GPUSkin.Support16BitBoneIndex:0]]
[2024.01.16-14.36.25:568][  0]LogConfig: Setting CVar [[r.GPUSkin.Limit2BoneInfluences:0]]
[2024.01.16-14.36.25:568][  0]LogConfig: Setting CVar [[r.SupportDepthOnlyIndexBuffers:1]]
[2024.01.16-14.36.25:568][  0]LogConfig: Setting CVar [[r.SupportReversedIndexBuffers:1]]
[2024.01.16-14.36.25:568][  0]LogConfig: Setting CVar [[r.LightPropagationVolume:0]]
[2024.01.16-14.36.25:568][  0]LogConfig: Setting CVar [[r.Mobile.AmbientOcclusion:0]]
[2024.01.16-14.36.25:568][  0]LogConfig: Setting CVar [[r.GPUSkin.UnlimitedBoneInfluences:0]]
[2024.01.16-14.36.25:568][  0]LogConfig: Setting CVar [[r.GPUSkin.UnlimitedBoneInfluencesThreshold:8]]
[2024.01.16-14.36.25:568][  0]LogConfig: Setting CVar [[r.Mobile.PlanarReflectionMode:0]]
[2024.01.16-14.36.25:568][  0]LogConfig: Setting CVar [[r.Mobile.SupportsGen4TAA:0]]
[2024.01.16-14.36.25:568][  0]LogConfig: Applying CVar settings from Section [/Script/Engine.RendererOverrideSettings] File [C:/Users/enthu/OneDrive/Документы/GitHub/DormCourseWork/DormPlatformer/Saved/Config/Windows/Engine.ini]
[2024.01.16-14.36.25:568][  0]LogConfig: Applying CVar settings from Section [/Script/Engine.StreamingSettings] File [C:/Users/enthu/OneDrive/Документы/GitHub/DormCourseWork/DormPlatformer/Saved/Config/Windows/Engine.ini]
[2024.01.16-14.36.25:568][  0]LogConfig: Setting CVar [[s.MinBulkDataSizeForAsyncLoading:131072]]
[2024.01.16-14.36.25:568][  0]LogConfig: Setting CVar [[s.AsyncLoadingThreadEnabled:0]]
[2024.01.16-14.36.25:568][  0]LogConfig: Setting CVar [[s.EventDrivenLoaderEnabled:1]]
[2024.01.16-14.36.25:568][  0]LogConfig: Setting CVar [[s.WarnIfTimeLimitExceeded:0]]
[2024.01.16-14.36.25:568][  0]LogConfig: Setting CVar [[s.TimeLimitExceededMultiplier:1.5]]
[2024.01.16-14.36.25:568][  0]LogConfig: Setting CVar [[s.TimeLimitExceededMinTime:0.005]]
[2024.01.16-14.36.25:568][  0]LogConfig: Setting CVar [[s.UseBackgroundLevelStreaming:1]]
[2024.01.16-14.36.25:568][  0]LogConfig: Setting CVar [[s.PriorityAsyncLoadingExtraTime:15.0]]
[2024.01.16-14.36.25:568][  0]LogConfig: Setting CVar [[s.LevelStreamingActorsUpdateTimeLimit:5.0]]
[2024.01.16-14.36.25:568][  0]LogConfig: Setting CVar [[s.PriorityLevelStreamingActorsUpdateExtraTime:5.0]]
[2024.01.16-14.36.25:568][  0]LogConfig: Setting CVar [[s.LevelStreamingComponentsRegistrationGranularity:10]]
[2024.01.16-14.36.25:568][  0]LogConfig: Setting CVar [[s.UnregisterComponentsTimeLimit:1.0]]
[2024.01.16-14.36.25:569][  0]LogConfig: Setting CVar [[s.LevelStreamingComponentsUnregistrationGranularity:5]]
[2024.01.16-14.36.25:569][  0]LogConfig: Setting CVar [[s.FlushStreamingOnExit:1]]
[2024.01.16-14.36.25:569][  0]LogConfig: Applying CVar settings from Section [/Script/Engine.GarbageCollectionSettings] File [C:/Users/enthu/OneDrive/Документы/GitHub/DormCourseWork/DormPlatformer/Saved/Config/Windows/Engine.ini]
[2024.01.16-14.36.25:569][  0]LogConfig: Setting CVar [[gc.MaxObjectsNotConsideredByGC:1]]
[2024.01.16-14.36.25:569][  0]LogConfig: Setting CVar [[gc.SizeOfPermanentObjectPool:0]]
[2024.01.16-14.36.25:569][  0]LogConfig: Setting CVar [[gc.FlushStreamingOnGC:0]]
[2024.01.16-14.36.25:569][  0]LogConfig: Setting CVar [[gc.NumRetriesBeforeForcingGC:10]]
[2024.01.16-14.36.25:569][  0]LogConfig: Setting CVar [[gc.AllowParallelGC:1]]
[2024.01.16-14.36.25:569][  0]LogConfig: Setting CVar [[gc.TimeBetweenPurgingPendingKillObjects:61.1]]
[2024.01.16-14.36.25:569][  0]LogConfig: Setting CVar [[gc.MaxObjectsInEditor:25165824]]
[2024.01.16-14.36.25:569][  0]LogConfig: Setting CVar [[gc.IncrementalBeginDestroyEnabled:1]]
[2024.01.16-14.36.25:569][  0]LogConfig: Setting CVar [[gc.CreateGCClusters:1]]
[2024.01.16-14.36.25:569][  0]LogConfig: Setting CVar [[gc.MinGCClusterSize:5]]
[2024.01.16-14.36.25:569][  0]LogConfig: Setting CVar [[gc.ActorClusteringEnabled:0]]
[2024.01.16-14.36.25:569][  0]LogConfig: Setting CVar [[gc.BlueprintClusteringEnabled:0]]
[2024.01.16-14.36.25:569][  0]LogConfig: Setting CVar [[gc.UseDisregardForGCOnDedicatedServers:0]]
[2024.01.16-14.36.25:569][  0]LogConfig: Setting CVar [[gc.MultithreadedDestructionEnabled:1]]
[2024.01.16-14.36.25:569][  0]LogConfig: Applying CVar settings from Section [/Script/Engine.NetworkSettings] File [C:/Users/enthu/OneDrive/Документы/GitHub/DormCourseWork/DormPlatformer/Saved/Config/Windows/Engine.ini]
[2024.01.16-14.36.25:569][  0]LogConfig: Applying CVar settings from Section [/Script/UnrealEd.CookerSettings] File [C:/Users/enthu/OneDrive/Документы/GitHub/DormCourseWork/DormPlatformer/Saved/Config/Windows/Engine.ini]
[2024.01.16-14.36.25:577][  0]LogConfig: Applying CVar settings from Section [ViewDistanceQuality@3] File [C:/Users/enthu/OneDrive/Документы/GitHub/DormCourseWork/DormPlatformer/Saved/Config/Windows/Scalability.ini]
[2024.01.16-14.36.25:577][  0]LogConfig: Setting CVar [[r.SkeletalMeshLODBias:0]]
[2024.01.16-14.36.25:577][  0]LogConfig: Setting CVar [[r.ViewDistanceScale:1.0]]
[2024.01.16-14.36.25:577][  0]LogConfig: Applying CVar settings from Section [AntiAliasingQuality@3] File [C:/Users/enthu/OneDrive/Документы/GitHub/DormCourseWork/DormPlatformer/Saved/Config/Windows/Scalability.ini]
[2024.01.16-14.36.25:577][  0]LogConfig: Setting CVar [[r.PostProcessAAQuality:4]]
[2024.01.16-14.36.25:577][  0]LogConfig: Applying CVar settings from Section [ShadowQuality@3] File [C:/Users/enthu/OneDrive/Документы/GitHub/DormCourseWork/DormPlatformer/Saved/Config/Windows/Scalability.ini]
[2024.01.16-14.36.25:577][  0]LogConfig: Setting CVar [[r.LightFunctionQuality:1]]
[2024.01.16-14.36.25:577][  0]LogConfig: Setting CVar [[r.ShadowQuality:5]]
[2024.01.16-14.36.25:577][  0]LogConfig: Setting CVar [[r.Shadow.CSM.MaxCascades:10]]
[2024.01.16-14.36.25:577][  0]LogConfig: Setting CVar [[r.Shadow.MaxResolution:2048]]
[2024.01.16-14.36.25:577][  0]LogConfig: Setting CVar [[r.Shadow.MaxCSMResolution:2048]]
[2024.01.16-14.36.25:577][  0]LogConfig: Setting CVar [[r.Shadow.RadiusThreshold:0.01]]
[2024.01.16-14.36.25:577][  0]LogConfig: Setting CVar [[r.Shadow.DistanceScale:1.0]]
[2024.01.16-14.36.25:577][  0]LogConfig: Setting CVar [[r.Shadow.CSM.TransitionScale:1.0]]
[2024.01.16-14.36.25:577][  0]LogConfig: Setting CVar [[r.Shadow.PreShadowResolutionFactor:1.0]]
[2024.01.16-14.36.25:577][  0]LogConfig: Setting CVar [[r.DistanceFieldShadowing:1]]
[2024.01.16-14.36.25:577][  0]LogConfig: Setting CVar [[r.DistanceFieldAO:1]]
[2024.01.16-14.36.25:577][  0]LogConfig: Setting CVar [[r.AOQuality:2]]
[2024.01.16-14.36.25:577][  0]LogConfig: Setting CVar [[r.VolumetricFog:1]]
[2024.01.16-14.36.25:577][  0]LogConfig: Setting CVar [[r.VolumetricFog.GridPixelSize:8]]
[2024.01.16-14.36.25:577][  0]LogConfig: Setting CVar [[r.VolumetricFog.GridSizeZ:128]]
[2024.01.16-14.36.25:577][  0]LogConfig: Setting CVar [[r.VolumetricFog.HistoryMissSupersampleCount:4]]
[2024.01.16-14.36.25:577][  0]LogConfig: Setting CVar [[r.LightMaxDrawDistanceScale:1]]
[2024.01.16-14.36.25:577][  0]LogConfig: Setting CVar [[r.CapsuleShadows:1]]
[2024.01.16-14.36.25:577][  0]LogConfig: Applying CVar settings from Section [PostProcessQuality@3] File [C:/Users/enthu/OneDrive/Документы/GitHub/DormCourseWork/DormPlatformer/Saved/Config/Windows/Scalability.ini]
[2024.01.16-14.36.25:577][  0]LogConfig: Setting CVar [[r.MotionBlurQuality:4]]
[2024.01.16-14.36.25:577][  0]LogConfig: Setting CVar [[r.AmbientOcclusionMipLevelFactor:0.4]]
[2024.01.16-14.36.25:577][  0]LogConfig: Setting CVar [[r.AmbientOcclusionMaxQuality:100]]
[2024.01.16-14.36.25:577][  0]LogConfig: Setting CVar [[r.AmbientOcclusionLevels:-1]]
[2024.01.16-14.36.25:577][  0]LogConfig: Setting CVar [[r.AmbientOcclusionRadiusScale:1.0]]
[2024.01.16-14.36.25:577][  0]LogConfig: Setting CVar [[r.DepthOfFieldQuality:2]]
[2024.01.16-14.36.25:577][  0]LogConfig: Setting CVar [[r.RenderTargetPoolMin:400]]
[2024.01.16-14.36.25:578][  0]LogConfig: Setting CVar [[r.LensFlareQuality:2]]
[2024.01.16-14.36.25:578][  0]LogConfig: Setting CVar [[r.SceneColorFringeQuality:1]]
[2024.01.16-14.36.25:578][  0]LogConfig: Setting CVar [[r.EyeAdaptationQuality:2]]
[2024.01.16-14.36.25:578][  0]LogConfig: Setting CVar [[r.BloomQuality:5]]
[2024.01.16-14.36.25:578][  0]LogConfig: Setting CVar [[r.FastBlurThreshold:100]]
[2024.01.16-14.36.25:578][  0]LogConfig: Setting CVar [[r.Upscale.Quality:3]]
[2024.01.16-14.36.25:578][  0]LogConfig: Setting CVar [[r.Tonemapper.GrainQuantization:1]]
[2024.01.16-14.36.25:578][  0]LogConfig: Setting CVar [[r.LightShaftQuality:1]]
[2024.01.16-14.36.25:578][  0]LogConfig: Setting CVar [[r.Filter.SizeScale:1]]
[2024.01.16-14.36.25:578][  0]LogConfig: Setting CVar [[r.Tonemapper.Quality:5]]
[2024.01.16-14.36.25:578][  0]LogConfig: Setting CVar [[r.DOF.Gather.AccumulatorQuality:1        ; higher gathering accumulator quality]]
[2024.01.16-14.36.25:578][  0]LogConfig: Setting CVar [[r.DOF.Gather.PostfilterMethod:1          ; Median3x3 postfilering method]]
[2024.01.16-14.36.25:578][  0]LogConfig: Setting CVar [[r.DOF.Gather.EnableBokehSettings:0       ; no bokeh simulation when gathering]]
[2024.01.16-14.36.25:578][  0]LogConfig: Setting CVar [[r.DOF.Gather.RingCount:4                 ; medium number of samples when gathering]]
[2024.01.16-14.36.25:578][  0]LogConfig: Setting CVar [[r.DOF.Scatter.ForegroundCompositing:1    ; additive foreground scattering]]
[2024.01.16-14.36.25:578][  0]LogConfig: Setting CVar [[r.DOF.Scatter.BackgroundCompositing:2    ; additive background scattering]]
[2024.01.16-14.36.25:578][  0]LogConfig: Setting CVar [[r.DOF.Scatter.EnableBokehSettings:1      ; bokeh simulation when scattering]]
[2024.01.16-14.36.25:578][  0]LogConfig: Setting CVar [[r.DOF.Scatter.MaxSpriteRatio:0.1         ; only a maximum of 10% of scattered bokeh]]
[2024.01.16-14.36.25:578][  0]LogConfig: Setting CVar [[r.DOF.Recombine.Quality:1                ; cheap slight out of focus]]
[2024.01.16-14.36.25:578][  0]LogConfig: Setting CVar [[r.DOF.Recombine.EnableBokehSettings:0    ; no bokeh simulation on slight out of focus]]
[2024.01.16-14.36.25:578][  0]LogConfig: Setting CVar [[r.DOF.TemporalAAQuality:1                ; more stable temporal accumulation]]
[2024.01.16-14.36.25:578][  0]LogConfig: Setting CVar [[r.DOF.Kernel.MaxForegroundRadius:0.025]]
[2024.01.16-14.36.25:578][  0]LogConfig: Setting CVar [[r.DOF.Kernel.MaxBackgroundRadius:0.025]]
[2024.01.16-14.36.25:578][  0]LogConfig: Applying CVar settings from Section [TextureQuality@3] File [C:/Users/enthu/OneDrive/Документы/GitHub/DormCourseWork/DormPlatformer/Saved/Config/Windows/Scalability.ini]
[2024.01.16-14.36.25:578][  0]LogConfig: Setting CVar [[r.Streaming.MipBias:0]]
[2024.01.16-14.36.25:578][  0]LogConfig: Setting CVar [[r.Streaming.AmortizeCPUToGPUCopy:0]]
[2024.01.16-14.36.25:578][  0]LogConfig: Setting CVar [[r.Streaming.MaxNumTexturesToStreamPerFrame:0]]
[2024.01.16-14.36.25:578][  0]LogConfig: Setting CVar [[r.Streaming.Boost:1]]
[2024.01.16-14.36.25:578][  0]LogConfig: Setting CVar [[r.MaxAnisotropy:8]]
[2024.01.16-14.36.25:578][  0]LogConfig: Setting CVar [[r.VT.MaxAnisotropy:8]]
[2024.01.16-14.36.25:578][  0]LogConfig: Setting CVar [[r.Streaming.LimitPoolSizeToVRAM:0]]
[2024.01.16-14.36.25:578][  0]LogConfig: Setting CVar [[r.Streaming.PoolSize:1000]]
[2024.01.16-14.36.25:578][  0]LogConfig: Setting CVar [[r.Streaming.MaxEffectiveScreenSize:0]]
[2024.01.16-14.36.25:578][  0]LogConfig: Applying CVar settings from Section [EffectsQuality@3] File [C:/Users/enthu/OneDrive/Документы/GitHub/DormCourseWork/DormPlatformer/Saved/Config/Windows/Scalability.ini]
[2024.01.16-14.36.25:578][  0]LogConfig: Setting CVar [[r.TranslucencyLightingVolumeDim:64]]
[2024.01.16-14.36.25:578][  0]LogConfig: Setting CVar [[r.RefractionQuality:2]]
[2024.01.16-14.36.25:578][  0]LogConfig: Setting CVar [[r.SSR.Quality:3]]
[2024.01.16-14.36.25:578][  0]LogConfig: Setting CVar [[r.SSR.HalfResSceneColor:0]]
[2024.01.16-14.36.25:578][  0]LogConfig: Setting CVar [[r.SceneColorFormat:4]]
[2024.01.16-14.36.25:578][  0]LogConfig: Setting CVar [[r.DetailMode:2]]
[2024.01.16-14.36.25:578][  0]LogConfig: Setting CVar [[r.TranslucencyVolumeBlur:1]]
[2024.01.16-14.36.25:578][  0]LogConfig: Setting CVar [[r.MaterialQualityLevel:1 ; High quality]]
[2024.01.16-14.36.25:578][  0]LogConfig: Setting CVar [[r.AnisotropicMaterials:1]]
[2024.01.16-14.36.25:578][  0]LogConfig: Setting CVar [[r.SSS.Scale:1]]
[2024.01.16-14.36.25:578][  0]LogConfig: Setting CVar [[r.SSS.SampleSet:2]]
[2024.01.16-14.36.25:578][  0]LogConfig: Setting CVar [[r.SSS.Quality:1]]
[2024.01.16-14.36.25:578][  0]LogConfig: Setting CVar [[r.SSS.HalfRes:0]]
[2024.01.16-14.36.25:578][  0]LogConfig: Setting CVar [[r.SSGI.Quality:3]]
[2024.01.16-14.36.25:578][  0]LogConfig: Setting CVar [[r.EmitterSpawnRateScale:1.0]]
[2024.01.16-14.36.25:578][  0]LogConfig: Setting CVar [[r.ParticleLightQuality:2]]
[2024.01.16-14.36.25:578][  0]LogConfig: Setting CVar [[r.SkyAtmosphere.AerialPerspectiveLUT.FastApplyOnOpaque:1 ; Always have FastSkyLUT 1 in this case to avoid wrong sky]]
[2024.01.16-14.36.25:578][  0]LogConfig: Setting CVar [[r.SkyAtmosphere.AerialPerspectiveLUT.SampleCountMaxPerSlice:4]]
[2024.01.16-14.36.25:578][  0]LogConfig: Setting CVar [[r.SkyAtmosphere.AerialPerspectiveLUT.DepthResolution:16.0]]
[2024.01.16-14.36.25:578][  0]LogConfig: Setting CVar [[r.SkyAtmosphere.FastSkyLUT:1]]
[2024.01.16-14.36.25:578][  0]LogConfig: Setting CVar [[r.SkyAtmosphere.FastSkyLUT.SampleCountMin:4.0]]
[2024.01.16-14.36.25:578][  0]LogConfig: Setting CVar [[r.SkyAtmosphere.FastSkyLUT.SampleCountMax:128.0]]
[2024.01.16-14.36.25:578][  0]LogConfig: Setting CVar [[r.SkyAtmosphere.SampleCountMin:4.0]]
[2024.01.16-14.36.25:578][  0]LogConfig: Setting CVar [[r.SkyAtmosphere.SampleCountMax:128.0]]
[2024.01.16-14.36.25:578][  0]LogConfig: Setting CVar [[r.SkyAtmosphere.TransmittanceLUT.UseSmallFormat:0]]
[2024.01.16-14.36.25:578][  0]LogConfig: Setting CVar [[r.SkyAtmosphere.TransmittanceLUT.SampleCount:10.0]]
[2024.01.16-14.36.25:578][  0]LogConfig: Setting CVar [[r.SkyAtmosphere.MultiScatteringLUT.SampleCount:15.0]]
[2024.01.16-14.36.25:578][  0]LogConfig: Setting CVar [[r.SkyLight.RealTimeReflectionCapture:1]]
[2024.01.16-14.36.25:578][  0]LogConfig: Applying CVar settings from Section [FoliageQuality@3] File [C:/Users/enthu/OneDrive/Документы/GitHub/DormCourseWork/DormPlatformer/Saved/Config/Windows/Scalability.ini]
[2024.01.16-14.36.25:579][  0]LogConfig: Setting CVar [[foliage.DensityScale:1.0]]
[2024.01.16-14.36.25:579][  0]LogConfig: Setting CVar [[grass.DensityScale:1.0]]
[2024.01.16-14.36.25:579][  0]LogConfig: Applying CVar settings from Section [ShadingQuality@3] File [C:/Users/enthu/OneDrive/Документы/GitHub/DormCourseWork/DormPlatformer/Saved/Config/Windows/Scalability.ini]
[2024.01.16-14.36.25:579][  0]LogConfig: Setting CVar [[r.HairStrands.SkyLighting.IntegrationType:2]]
[2024.01.16-14.36.25:579][  0]LogConfig: Setting CVar [[r.HairStrands.SkyAO.SampleCount:4]]
[2024.01.16-14.36.25:579][  0]LogConfig: Setting CVar [[r.HairStrands.Visibility.MSAA.SamplePerPixel:4]]
[2024.01.16-14.36.25:579][  0]LogInit: Selected Device Profile: [Windows]
[2024.01.16-14.36.25:579][  0]LogInit: Applying CVar settings loaded from the selected device profile: [Windows]
[2024.01.16-14.36.25:579][  0]LogHAL: Display: Platform has ~ 8 GB [8379490304 / 8589934592 / 8], which maps to Default [LargestMinGB=32, LargerMinGB=12, DefaultMinGB=8, SmallerMinGB=6, SmallestMinGB=0)
[2024.01.16-14.36.25:579][  0]LogInit: Going up to parent DeviceProfile []
[2024.01.16-14.36.25:579][  0]LogConfig: Applying CVar settings from Section [ViewDistanceQuality@3] File [C:/Users/enthu/OneDrive/Документы/GitHub/DormCourseWork/DormPlatformer/Saved/Config/Windows/Scalability.ini]
[2024.01.16-14.36.25:579][  0]LogConfig: Setting CVar [[r.SkeletalMeshLODBias:0]]
[2024.01.16-14.36.25:579][  0]LogConfig: Setting CVar [[r.ViewDistanceScale:1.0]]
[2024.01.16-14.36.25:579][  0]LogConfig: Applying CVar settings from Section [AntiAliasingQuality@3] File [C:/Users/enthu/OneDrive/Документы/GitHub/DormCourseWork/DormPlatformer/Saved/Config/Windows/Scalability.ini]
[2024.01.16-14.36.25:579][  0]LogConfig: Setting CVar [[r.PostProcessAAQuality:4]]
[2024.01.16-14.36.25:579][  0]LogConfig: Applying CVar settings from Section [ShadowQuality@3] File [C:/Users/enthu/OneDrive/Документы/GitHub/DormCourseWork/DormPlatformer/Saved/Config/Windows/Scalability.ini]
[2024.01.16-14.36.25:579][  0]LogConfig: Setting CVar [[r.LightFunctionQuality:1]]
[2024.01.16-14.36.25:579][  0]LogConfig: Setting CVar [[r.ShadowQuality:5]]
[2024.01.16-14.36.25:579][  0]LogConfig: Setting CVar [[r.Shadow.CSM.MaxCascades:10]]
[2024.01.16-14.36.25:579][  0]LogConfig: Setting CVar [[r.Shadow.MaxResolution:2048]]
[2024.01.16-14.36.25:579][  0]LogConfig: Setting CVar [[r.Shadow.MaxCSMResolution:2048]]
[2024.01.16-14.36.25:579][  0]LogConfig: Setting CVar [[r.Shadow.RadiusThreshold:0.01]]
[2024.01.16-14.36.25:579][  0]LogConfig: Setting CVar [[r.Shadow.DistanceScale:1.0]]
[2024.01.16-14.36.25:579][  0]LogConfig: Setting CVar [[r.Shadow.CSM.TransitionScale:1.0]]
[2024.01.16-14.36.25:579][  0]LogConfig: Setting CVar [[r.Shadow.PreShadowResolutionFactor:1.0]]
[2024.01.16-14.36.25:579][  0]LogConfig: Setting CVar [[r.DistanceFieldShadowing:1]]
[2024.01.16-14.36.25:579][  0]LogConfig: Setting CVar [[r.DistanceFieldAO:1]]
[2024.01.16-14.36.25:579][  0]LogConfig: Setting CVar [[r.AOQuality:2]]
[2024.01.16-14.36.25:579][  0]LogConfig: Setting CVar [[r.VolumetricFog:1]]
[2024.01.16-14.36.25:579][  0]LogConfig: Setting CVar [[r.VolumetricFog.GridPixelSize:8]]
[2024.01.16-14.36.25:579][  0]LogConfig: Setting CVar [[r.VolumetricFog.GridSizeZ:128]]
[2024.01.16-14.36.25:579][  0]LogConfig: Setting CVar [[r.VolumetricFog.HistoryMissSupersampleCount:4]]
[2024.01.16-14.36.25:579][  0]LogConfig: Setting CVar [[r.LightMaxDrawDistanceScale:1]]
[2024.01.16-14.36.25:579][  0]LogConfig: Setting CVar [[r.CapsuleShadows:1]]
[2024.01.16-14.36.25:579][  0]LogConfig: Applying CVar settings from Section [PostProcessQuality@3] File [C:/Users/enthu/OneDrive/Документы/GitHub/DormCourseWork/DormPlatformer/Saved/Config/Windows/Scalability.ini]
[2024.01.16-14.36.25:579][  0]LogConfig: Setting CVar [[r.MotionBlurQuality:4]]
[2024.01.16-14.36.25:579][  0]LogConfig: Setting CVar [[r.AmbientOcclusionMipLevelFactor:0.4]]
[2024.01.16-14.36.25:579][  0]LogConfig: Setting CVar [[r.AmbientOcclusionMaxQuality:100]]
[2024.01.16-14.36.25:579][  0]LogConfig: Setting CVar [[r.AmbientOcclusionLevels:-1]]
[2024.01.16-14.36.25:580][  0]LogConfig: Setting CVar [[r.AmbientOcclusionRadiusScale:1.0]]
[2024.01.16-14.36.25:580][  0]LogConfig: Setting CVar [[r.DepthOfFieldQuality:2]]
[2024.01.16-14.36.25:580][  0]LogConfig: Setting CVar [[r.RenderTargetPoolMin:400]]
[2024.01.16-14.36.25:580][  0]LogConfig: Setting CVar [[r.LensFlareQuality:2]]
[2024.01.16-14.36.25:580][  0]LogConfig: Setting CVar [[r.SceneColorFringeQuality:1]]
[2024.01.16-14.36.25:580][  0]LogConfig: Setting CVar [[r.EyeAdaptationQuality:2]]
[2024.01.16-14.36.25:580][  0]LogConfig: Setting CVar [[r.BloomQuality:5]]
[2024.01.16-14.36.25:580][  0]LogConfig: Setting CVar [[r.FastBlurThreshold:100]]
[2024.01.16-14.36.25:580][  0]LogConfig: Setting CVar [[r.Upscale.Quality:3]]
[2024.01.16-14.36.25:580][  0]LogConfig: Setting CVar [[r.Tonemapper.GrainQuantization:1]]
[2024.01.16-14.36.25:580][  0]LogConfig: Setting CVar [[r.LightShaftQuality:1]]
[2024.01.16-14.36.25:580][  0]LogConfig: Setting CVar [[r.Filter.SizeScale:1]]
[2024.01.16-14.36.25:580][  0]LogConfig: Setting CVar [[r.Tonemapper.Quality:5]]
[2024.01.16-14.36.25:580][  0]LogConfig: Setting CVar [[r.DOF.Gather.AccumulatorQuality:1        ; higher gathering accumulator quality]]
[2024.01.16-14.36.25:580][  0]LogConfig: Setting CVar [[r.DOF.Gather.PostfilterMethod:1          ; Median3x3 postfilering method]]
[2024.01.16-14.36.25:580][  0]LogConfig: Setting CVar [[r.DOF.Gather.EnableBokehSettings:0       ; no bokeh simulation when gathering]]
[2024.01.16-14.36.25:580][  0]LogConfig: Setting CVar [[r.DOF.Gather.RingCount:4                 ; medium number of samples when gathering]]
[2024.01.16-14.36.25:580][  0]LogConfig: Setting CVar [[r.DOF.Scatter.ForegroundCompositing:1    ; additive foreground scattering]]
[2024.01.16-14.36.25:580][  0]LogConfig: Setting CVar [[r.DOF.Scatter.BackgroundCompositing:2    ; additive background scattering]]
[2024.01.16-14.36.25:580][  0]LogConfig: Setting CVar [[r.DOF.Scatter.EnableBokehSettings:1      ; bokeh simulation when scattering]]
[2024.01.16-14.36.25:580][  0]LogConfig: Setting CVar [[r.DOF.Scatter.MaxSpriteRatio:0.1         ; only a maximum of 10% of scattered bokeh]]
[2024.01.16-14.36.25:580][  0]LogConfig: Setting CVar [[r.DOF.Recombine.Quality:1                ; cheap slight out of focus]]
[2024.01.16-14.36.25:580][  0]LogConfig: Setting CVar [[r.DOF.Recombine.EnableBokehSettings:0    ; no bokeh simulation on slight out of focus]]
[2024.01.16-14.36.25:580][  0]LogConfig: Setting CVar [[r.DOF.TemporalAAQuality:1                ; more stable temporal accumulation]]
[2024.01.16-14.36.25:580][  0]LogConfig: Setting CVar [[r.DOF.Kernel.MaxForegroundRadius:0.025]]
[2024.01.16-14.36.25:580][  0]LogConfig: Setting CVar [[r.DOF.Kernel.MaxBackgroundRadius:0.025]]
[2024.01.16-14.36.25:580][  0]LogConfig: Applying CVar settings from Section [TextureQuality@3] File [C:/Users/enthu/OneDrive/Документы/GitHub/DormCourseWork/DormPlatformer/Saved/Config/Windows/Scalability.ini]
[2024.01.16-14.36.25:580][  0]LogConfig: Setting CVar [[r.Streaming.MipBias:0]]
[2024.01.16-14.36.25:580][  0]LogConfig: Setting CVar [[r.Streaming.AmortizeCPUToGPUCopy:0]]
[2024.01.16-14.36.25:580][  0]LogConfig: Setting CVar [[r.Streaming.MaxNumTexturesToStreamPerFrame:0]]
[2024.01.16-14.36.25:580][  0]LogConfig: Setting CVar [[r.Streaming.Boost:1]]
[2024.01.16-14.36.25:580][  0]LogConfig: Setting CVar [[r.MaxAnisotropy:8]]
[2024.01.16-14.36.25:580][  0]LogConfig: Setting CVar [[r.VT.MaxAnisotropy:8]]
[2024.01.16-14.36.25:580][  0]LogConfig: Setting CVar [[r.Streaming.LimitPoolSizeToVRAM:0]]
[2024.01.16-14.36.25:580][  0]LogConfig: Setting CVar [[r.Streaming.PoolSize:1000]]
[2024.01.16-14.36.25:580][  0]LogConfig: Setting CVar [[r.Streaming.MaxEffectiveScreenSize:0]]
[2024.01.16-14.36.25:580][  0]LogConfig: Applying CVar settings from Section [EffectsQuality@3] File [C:/Users/enthu/OneDrive/Документы/GitHub/DormCourseWork/DormPlatformer/Saved/Config/Windows/Scalability.ini]
[2024.01.16-14.36.25:580][  0]LogConfig: Setting CVar [[r.TranslucencyLightingVolumeDim:64]]
[2024.01.16-14.36.25:580][  0]LogConfig: Setting CVar [[r.RefractionQuality:2]]
[2024.01.16-14.36.25:580][  0]LogConfig: Setting CVar [[r.SSR.Quality:3]]
[2024.01.16-14.36.25:580][  0]LogConfig: Setting CVar [[r.SSR.HalfResSceneColor:0]]
[2024.01.16-14.36.25:580][  0]LogConfig: Setting CVar [[r.SceneColorFormat:4]]
[2024.01.16-14.36.25:580][  0]LogConfig: Setting CVar [[r.DetailMode:2]]
[2024.01.16-14.36.25:580][  0]LogConfig: Setting CVar [[r.TranslucencyVolumeBlur:1]]
[2024.01.16-14.36.25:580][  0]LogConfig: Setting CVar [[r.MaterialQualityLevel:1 ; High quality]]
[2024.01.16-14.36.25:580][  0]LogConfig: Setting CVar [[r.AnisotropicMaterials:1]]
[2024.01.16-14.36.25:580][  0]LogConfig: Setting CVar [[r.SSS.Scale:1]]
[2024.01.16-14.36.25:580][  0]LogConfig: Setting CVar [[r.SSS.SampleSet:2]]
[2024.01.16-14.36.25:580][  0]LogConfig: Setting CVar [[r.SSS.Quality:1]]
[2024.01.16-14.36.25:580][  0]LogConfig: Setting CVar [[r.SSS.HalfRes:0]]
[2024.01.16-14.36.25:580][  0]LogConfig: Setting CVar [[r.SSGI.Quality:3]]
[2024.01.16-14.36.25:580][  0]LogConfig: Setting CVar [[r.EmitterSpawnRateScale:1.0]]
[2024.01.16-14.36.25:580][  0]LogConfig: Setting CVar [[r.ParticleLightQuality:2]]
[2024.01.16-14.36.25:580][  0]LogConfig: Setting CVar [[r.SkyAtmosphere.AerialPerspectiveLUT.FastApplyOnOpaque:1 ; Always have FastSkyLUT 1 in this case to avoid wrong sky]]
[2024.01.16-14.36.25:580][  0]LogConfig: Setting CVar [[r.SkyAtmosphere.AerialPerspectiveLUT.SampleCountMaxPerSlice:4]]
[2024.01.16-14.36.25:580][  0]LogConfig: Setting CVar [[r.SkyAtmosphere.AerialPerspectiveLUT.DepthResolution:16.0]]
[2024.01.16-14.36.25:580][  0]LogConfig: Setting CVar [[r.SkyAtmosphere.FastSkyLUT:1]]
[2024.01.16-14.36.25:580][  0]LogConfig: Setting CVar [[r.SkyAtmosphere.FastSkyLUT.SampleCountMin:4.0]]
[2024.01.16-14.36.25:580][  0]LogConfig: Setting CVar [[r.SkyAtmosphere.FastSkyLUT.SampleCountMax:128.0]]
[2024.01.16-14.36.25:580][  0]LogConfig: Setting CVar [[r.SkyAtmosphere.SampleCountMin:4.0]]
[2024.01.16-14.36.25:580][  0]LogConfig: Setting CVar [[r.SkyAtmosphere.SampleCountMax:128.0]]
[2024.01.16-14.36.25:580][  0]LogConfig: Setting CVar [[r.SkyAtmosphere.TransmittanceLUT.UseSmallFormat:0]]
[2024.01.16-14.36.25:580][  0]LogConfig: Setting CVar [[r.SkyAtmosphere.TransmittanceLUT.SampleCount:10.0]]
[2024.01.16-14.36.25:581][  0]LogConfig: Setting CVar [[r.SkyAtmosphere.MultiScatteringLUT.SampleCount:15.0]]
[2024.01.16-14.36.25:581][  0]LogConfig: Setting CVar [[r.SkyLight.RealTimeReflectionCapture:1]]
[2024.01.16-14.36.25:581][  0]LogConfig: Applying CVar settings from Section [FoliageQuality@3] File [C:/Users/enthu/OneDrive/Документы/GitHub/DormCourseWork/DormPlatformer/Saved/Config/Windows/Scalability.ini]
[2024.01.16-14.36.25:581][  0]LogConfig: Setting CVar [[foliage.DensityScale:1.0]]
[2024.01.16-14.36.25:581][  0]LogConfig: Setting CVar [[grass.DensityScale:1.0]]
[2024.01.16-14.36.25:581][  0]LogConfig: Applying CVar settings from Section [ShadingQuality@3] File [C:/Users/enthu/OneDrive/Документы/GitHub/DormCourseWork/DormPlatformer/Saved/Config/Windows/Scalability.ini]
[2024.01.16-14.36.25:581][  0]LogConfig: Setting CVar [[r.HairStrands.SkyLighting.IntegrationType:2]]
[2024.01.16-14.36.25:581][  0]LogConfig: Setting CVar [[r.HairStrands.SkyAO.SampleCount:4]]
[2024.01.16-14.36.25:581][  0]LogConfig: Setting CVar [[r.HairStrands.Visibility.MSAA.SamplePerPixel:4]]
[2024.01.16-14.36.25:581][  0]LogConfig: Applying CVar settings from Section [Startup] File [../../../Engine/Config/ConsoleVariables.ini]
[2024.01.16-14.36.25:581][  0]LogConfig: Setting CVar [[net.UseAdaptiveNetUpdateFrequency:0]]
[2024.01.16-14.36.25:581][  0]LogConfig: Setting CVar [[p.chaos.AllowCreatePhysxBodies:1]]
[2024.01.16-14.36.25:581][  0]LogConfig: Setting CVar [[fx.SkipVectorVMBackendOptimizations:1]]
[2024.01.16-14.36.25:581][  0]LogConfig: Applying CVar settings from Section [ConsoleVariables] File [C:/Users/enthu/OneDrive/Документы/GitHub/DormCourseWork/DormPlatformer/Saved/Config/Windows/Engine.ini]
[2024.01.16-14.36.25:581][  0]LogConfig: Applying CVar settings from Section [ConsoleVariables] File [C:/Users/enthu/OneDrive/Документы/GitHub/DormCourseWork/DormPlatformer/Saved/Config/Windows/Editor.ini]
[2024.01.16-14.36.25:581][  0]LogInit: Computer: UN1CORN
[2024.01.16-14.36.25:581][  0]LogInit: User: enthu
[2024.01.16-14.36.25:581][  0]LogInit: CPU Page size=4096, Cores=4
[2024.01.16-14.36.25:581][  0]LogInit: High frequency timer resolution =10.000000 MHz
[2024.01.16-14.36.25:582][  0]LogMemory: Memory total: Physical=7.8GB (8GB approx)
[2024.01.16-14.36.25:582][  0]LogMemory: Platform Memory Stats for Windows
[2024.01.16-14.36.25:582][  0]LogMemory: Process Physical Memory: 144.36 MB used, 144.36 MB peak
[2024.01.16-14.36.25:582][  0]LogMemory: Process Virtual Memory: 128.40 MB used, 128.40 MB peak
[2024.01.16-14.36.25:582][  0]LogMemory: Physical Memory: 6872.35 MB used,  1118.96 MB free, 7991.30 MB total
[2024.01.16-14.36.25:582][  0]LogMemory: Virtual Memory: 134210664.00 MB used,  7063.25 MB free, 134217728.00 MB total
[2024.01.16-14.36.25:643][  0]LogWindows: WindowsPlatformFeatures enabled
[2024.01.16-14.36.25:684][  0]LogInit: Physics initialised using underlying interface: PhysX
[2024.01.16-14.36.25:685][  0]LogInit: Using OS detected language (ru-RU).
[2024.01.16-14.36.25:685][  0]LogInit: Using OS detected locale (ru-KZ).
[2024.01.16-14.36.25:688][  0]LogTextLocalizationManager: No specific localization for 'ru-RU' exists, so the 'ru' localization will be used.
[2024.01.16-14.36.25:690][  0]LogTextLocalizationResource: LocRes '../../../Engine/Content/Localization/Editor/ru/Editor.locres' could not be opened for reading!
[2024.01.16-14.36.25:690][  0]LogTextLocalizationResource: LocRes '../../../Engine/Content/Localization/EditorTutorials/ru/EditorTutorials.locres' could not be opened for reading!
[2024.01.16-14.36.25:691][  0]LogTextLocalizationResource: LocRes '../../../Engine/Content/Localization/Keywords/ru/Keywords.locres' could not be opened for reading!
[2024.01.16-14.36.25:691][  0]LogTextLocalizationResource: LocRes '../../../Engine/Content/Localization/Category/ru/Category.locres' could not be opened for reading!
[2024.01.16-14.36.25:691][  0]LogTextLocalizationResource: LocRes '../../../Engine/Content/Localization/ToolTips/ru/ToolTips.locres' could not be opened for reading!
[2024.01.16-14.36.25:691][  0]LogTextLocalizationResource: LocRes '../../../Engine/Content/Localization/PropertyNames/ru/PropertyNames.locres' could not be opened for reading!
[2024.01.16-14.36.25:691][  0]LogTextLocalizationResource: LocRes '../../../Engine/Content/Localization/Engine/ru/Engine.locres' could not be opened for reading!
[2024.01.16-14.36.25:707][  0]LogWindowsTextInputMethodSystem: Display: IME system deactivated.
[2024.01.16-14.36.25:733][  0]LogSlate: New Slate User Created.  User Index 0, Is Virtual User: 0
[2024.01.16-14.36.25:733][  0]LogSlate: Slate User Registered.  User Index 0, Is Virtual User: 0
[2024.01.16-14.36.25:753][  0]LogD3D11RHI: Loaded GFSDK_Aftermath_Lib.x64.dll
[2024.01.16-14.36.25:760][  0]LogHMD: Failed to initialize OpenVR with code 110
[2024.01.16-14.36.25:760][  0]LogD3D11RHI: D3D11 min allowed feature level: 11_0
[2024.01.16-14.36.25:760][  0]LogD3D11RHI: D3D11 max allowed feature level: 11_0
[2024.01.16-14.36.25:760][  0]LogD3D11RHI: D3D11 adapters:
[2024.01.16-14.36.25:895][  0]LogD3D11RHI:    0. 'Intel(R) Iris(R) Xe Graphics' (Feature Level 11_0)
[2024.01.16-14.36.25:895][  0]LogD3D11RHI:       128/0/3995 MB DedicatedVideo/DedicatedSystem/SharedSystem, Outputs:1, VendorId:0x8086
[2024.01.16-14.36.25:898][  0]LogD3D11RHI:    1. 'Microsoft Basic Render Driver' (Feature Level 11_0)
[2024.01.16-14.36.25:898][  0]LogD3D11RHI:       0/0/3995 MB DedicatedVideo/DedicatedSystem/SharedSystem, Outputs:0, VendorId:0x1414
[2024.01.16-14.36.26:009][  0]LogD3D11RHI:    2. 'Intel(R) Iris(R) Xe Graphics' (Feature Level 11_0)
[2024.01.16-14.36.26:009][  0]LogD3D11RHI:       128/0/3995 MB DedicatedVideo/DedicatedSystem/SharedSystem, Outputs:0, VendorId:0x8086
[2024.01.16-14.36.26:009][  0]LogD3D11RHI: Chosen D3D11 Adapter:
[2024.01.16-14.36.26:009][  0]LogD3D11RHI:     Description : Intel(R) Iris(R) Xe Graphics
[2024.01.16-14.36.26:009][  0]LogD3D11RHI:     VendorId    : 8086
[2024.01.16-14.36.26:009][  0]LogD3D11RHI:     DeviceId    : 9a49
[2024.01.16-14.36.26:009][  0]LogD3D11RHI:     SubSysId    : 127d152d
[2024.01.16-14.36.26:009][  0]LogD3D11RHI:     Revision    : 0001
[2024.01.16-14.36.26:009][  0]LogD3D11RHI:     DedicatedVideoMemory : 134217728 bytes
[2024.01.16-14.36.26:009][  0]LogD3D11RHI:     DedicatedSystemMemory : 0 bytes
[2024.01.16-14.36.26:009][  0]LogD3D11RHI:     SharedSystemMemory : 4189745152 bytes
[2024.01.16-14.36.26:009][  0]LogD3D11RHI:     AdapterLuid : 0 51695
[2024.01.16-14.36.26:017][  0]LogD3D11RHI: Creating new Direct3DDevice
[2024.01.16-14.36.26:017][  0]LogD3D11RHI:     GPU DeviceId: 0x9a49 (for the marketing name, search the web for "GPU Device Id")
[2024.01.16-14.36.26:017][  0]LogWindows: EnumDisplayDevices:
[2024.01.16-14.36.26:018][  0]LogWindows:    0. 'Intel(R) Iris(R) Xe Graphics' (P:1 D:1)
[2024.01.16-14.36.26:018][  0]LogWindows:    1. 'Intel(R) Iris(R) Xe Graphics' (P:0 D:0)
[2024.01.16-14.36.26:018][  0]LogWindows:    2. 'Intel(R) Iris(R) Xe Graphics' (P:0 D:0)
[2024.01.16-14.36.26:018][  0]LogWindows:    3. 'Intel(R) Iris(R) Xe Graphics' (P:0 D:0)
[2024.01.16-14.36.26:019][  0]LogWindows:    4. 'Virtual Display Device' (P:0 D:0)
[2024.01.16-14.36.26:019][  0]LogWindows: DebugString: GetVideoDriverDetailsInvalid PrimaryIsNotTheChoosenAdapter FoundDriverCount:4 
[2024.01.16-14.36.26:019][  0]LogD3D11RHI:     Adapter Name: Intel(R) Iris(R) Xe Graphics
[2024.01.16-14.36.26:019][  0]LogD3D11RHI:   Driver Version: 31.0.101.4953 (internal:31.0.101.4953, unified:31.0.101.4953)
[2024.01.16-14.36.26:019][  0]LogD3D11RHI:      Driver Date: 11-7-2023
[2024.01.16-14.36.26:019][  0]LogRHI: Texture pool is 1488 MB (70% of 2125 MB)
[2024.01.16-14.36.26:032][  0]LogD3D11RHI: Creating D3DDevice using adapter:
[2024.01.16-14.36.26:032][  0]LogD3D11RHI:     Description : Intel(R) Iris(R) Xe Graphics
[2024.01.16-14.36.26:032][  0]LogD3D11RHI:     VendorId    : 8086
[2024.01.16-14.36.26:032][  0]LogD3D11RHI:     DeviceId    : 9a49
[2024.01.16-14.36.26:032][  0]LogD3D11RHI:     SubSysId    : 127d152d
[2024.01.16-14.36.26:032][  0]LogD3D11RHI:     Revision    : 0001
[2024.01.16-14.36.26:032][  0]LogD3D11RHI:     DedicatedVideoMemory : 134217728 bytes
[2024.01.16-14.36.26:032][  0]LogD3D11RHI:     DedicatedSystemMemory : 0 bytes
[2024.01.16-14.36.26:032][  0]LogD3D11RHI:     SharedSystemMemory : 4189745152 bytes
[2024.01.16-14.36.26:032][  0]LogD3D11RHI:     AdapterLuid : 0 51695
[2024.01.16-14.36.26:134][  0]LogD3D11RHI: RHI does not have support for 64 bit atomics
[2024.01.16-14.36.26:168][  0]LogD3D11RHI: Intel Extensions support version Full=16777216, Major=1, Minor=0, Revision=0
[2024.01.16-14.36.26:168][  0]LogD3D11RHI: Intel Extensions support version Full=16777217, Major=1, Minor=0, Revision=1
[2024.01.16-14.36.26:168][  0]LogD3D11RHI: Intel Extensions Framework enabled
[2024.01.16-14.36.26:169][  0]LogD3D11RHI: [IntelMetricsDiscovery] Started
[2024.01.16-14.36.26:169][  0]LogD3D11RHI: Async texture creation enabled
[2024.01.16-14.36.26:169][  0]LogD3D11RHI: Array index from any shader is supported
[2024.01.16-14.36.26:194][  0]LogD3D11RHI: GPU Timing Frequency: 19.200000 (Debug: 2 0)
[2024.01.16-14.36.26:763][  0]LogTargetPlatformManager: Display: Loaded TargetPlatform 'WindowsNoEditor'
[2024.01.16-14.36.26:772][  0]LogTargetPlatformManager: Display: Loaded TargetPlatform 'Windows'
[2024.01.16-14.36.26:782][  0]LogTargetPlatformManager: Display: Loaded TargetPlatform 'WindowsClient'
[2024.01.16-14.36.26:789][  0]LogTargetPlatformManager: Display: Loaded TargetPlatform 'WindowsServer'
[2024.01.16-14.36.26:789][  0]LogTargetPlatformManager: Display: Building Assets For Windows
[2024.01.16-14.36.26:807][  0]LogAudioDebug: Display: Lib vorbis DLL was dynamically loaded.
[2024.01.16-14.36.26:871][  0]LogTextureFormatOodle: Display: Oodle Texture 2.9.0 init RDO Off
[2024.01.16-14.36.26:931][  0]LogRendererCore: Ray tracing is disabled. Reason: r.RayTracing=0.
[2024.01.16-14.36.26:931][  0]LogShaderCompilers: Guid format shader working directory is -25 characters bigger than the processId version (C:/Users/enthu/OneDrive/Документы/GitHub/DormCourseWork/DormPlatformer/Intermediate/Shaders/WorkingDirectory/21236/).
[2024.01.16-14.36.26:931][  0]LogShaderCompilers: Cleaned the shader compiler working directory 'C:/Users/enthu/AppData/Local/Temp/UnrealShaderWorkingDir/324026B94DF5F415A249F68610B0DF43/'.
[2024.01.16-14.36.26:932][  0]LogShaderCompilers: Display: Using XGE Controller for Shader Compilation.
[2024.01.16-14.36.28:362][  0]LogDerivedDataCache: Display: Max Cache Size: 512 MB
[2024.01.16-14.36.28:478][  0]LogDerivedDataCache: Loaded boot cache 0.12s 94MB C:/Users/enthu/AppData/Local/UnrealEngine/4.27/DerivedDataCache/Boot.ddc.
[2024.01.16-14.36.28:478][  0]LogDerivedDataCache: Display: Loaded Boot cache: C:/Users/enthu/AppData/Local/UnrealEngine/4.27/DerivedDataCache/Boot.ddc
[2024.01.16-14.36.28:478][  0]LogDerivedDataCache: FDerivedDataBackendGraph:  Pak pak cache file C:/Users/enthu/OneDrive/Документы/GitHub/DormCourseWork/DormPlatformer/DerivedDataCache/DDC.ddp not found, will not use a pak cache.
[2024.01.16-14.36.28:478][  0]LogDerivedDataCache: Unable to find inner node Pak for hierarchical cache Hierarchy.
[2024.01.16-14.36.28:478][  0]LogDerivedDataCache: FDerivedDataBackendGraph:  CompressedPak pak cache file C:/Users/enthu/OneDrive/Документы/GitHub/DormCourseWork/DormPlatformer/DerivedDataCache/Compressed.ddp not found, will not use a pak cache.
[2024.01.16-14.36.28:478][  0]LogDerivedDataCache: Unable to find inner node CompressedPak for hierarchical cache Hierarchy.
[2024.01.16-14.36.28:512][  0]LogDerivedDataCache: Display: Pak cache opened for reading ../../../Engine/DerivedDataCache/Compressed.ddp.
[2024.01.16-14.36.28:512][  0]LogDerivedDataCache: FDerivedDataBackendGraph:  EnterprisePak pak cache file ../../../Enterprise/DerivedDataCache/Compressed.ddp not found, will not use a pak cache.
[2024.01.16-14.36.28:512][  0]LogDerivedDataCache: Unable to find inner node EnterprisePak for hierarchical cache Hierarchy.
[2024.01.16-14.36.28:575][  0]LogDerivedDataCache: Speed tests for C:/Users/enthu/AppData/Local/UnrealEngine/Common/DerivedDataCache took 0.06 seconds
[2024.01.16-14.36.28:575][  0]LogDerivedDataCache: Display: Performance to C:/Users/enthu/AppData/Local/UnrealEngine/Common/DerivedDataCache: Latency=0.03ms. RandomReadSpeed=1009.76MBs, RandomWriteSpeed=14.95MBs. Assigned SpeedClass 'Local'
[2024.01.16-14.36.28:582][  0]LogDerivedDataCache: Using Local data cache path C:/Users/enthu/AppData/Local/UnrealEngine/Common/DerivedDataCache: Writable
[2024.01.16-14.36.28:582][  0]LogDerivedDataCache: Shared data cache path not found in *engine.ini, will not use an Shared cache.
[2024.01.16-14.36.28:582][  0]LogDerivedDataCache: Unable to find inner node Shared for hierarchical cache Hierarchy.
[2024.01.16-14.36.28:660][  0]LogSlate: Using FreeType 2.10.0
[2024.01.16-14.36.28:660][  0]LogSlate: SlateFontServices - WITH_FREETYPE: 1, WITH_HARFBUZZ: 1
[2024.01.16-14.36.28:790][  0]LogInit: Using OS detected language (ru-RU).
[2024.01.16-14.36.28:790][  0]LogInit: Using OS detected locale (ru-KZ).
[2024.01.16-14.36.28:790][  0]LogTextLocalizationManager: No localization for 'ru-RU' exists, so 'en' will be used for the language.
[2024.01.16-14.36.28:790][  0]LogTextLocalizationManager: No localization for 'ru-KZ' exists, so 'en' will be used for the locale.
[2024.01.16-14.36.28:791][  0]LogSlate: FontCache flush requested. Reason: Culture for localization was changed
[2024.01.16-14.36.28:791][  0]LogSlate: FontCache flush requested. Reason: Culture for localization was changed
[2024.01.16-14.36.28:796][  0]LogAssetRegistry: FAssetRegistry took 0.0030 seconds to start up
[2024.01.16-14.36.29:106][  0]LogTextLocalizationManager: Compacting localization data took   0.01ms
[2024.01.16-14.36.29:106][  0]LogPackageLocalizationCache: Processed 29 localized package path(s) for 1 prioritized culture(s) in 0.002638 seconds
[2024.01.16-14.36.29:218][  0]LogInit: Selected Device Profile: [Windows]
[2024.01.16-14.36.29:218][  0]LogInit: Active device profile: [00000191BCD89F00][00000191B43F8780 49] Windows
[2024.01.16-14.36.29:218][  0]LogInit: Profiles: [00000191BCD89F00][00000191B43F8780 49] Windows, [00000191BCD46000][00000191B4400900 49] WindowsNoEditor, [00000191BCD8A200][00000191BC75CA80 49] WindowsServer, [00000191BCD46400][00000191BC760C00 49] WindowsClient, [00000191BCD8A300][00000191BC764D80 49] IOS, [00000191BCD46800][00000191BC768F00 49] iPadAir, [00000191BCD8AC00][00000191BC76D080 49] iPadAir2, [00000191BCCE6200][00000191BC775340 49] IPadPro, [00000191BCCE6300][00000191BC771380 49] iPadAir3, [00000191BCD89600][00000191BC779500 49] iPadAir4, [00000191BCCE7E00][00000191BC77D680 49] iPadMini2, [00000191BCD8BA00][00000191BC781800 49] iPadMini3, [00000191BCCE5200][00000191B43FD940 49] iPadMini4, [00000191BCD88A00][00000191BC785A80 49] iPadMini5, [00000191BCD15500][00000191BC78C140 49] iPhone6, [00000191BCD15600][00000191BC788180 49] iPodTouch6, [00000191BCD46E00][00000191BD7A8440 49] iPhone7, [00000191BCD46F00][00000191BD7A4480 49] iPodTouch7, [00000191BCD17200][00000191BD7AC600 49] iPhone5S, [00000191BCD44500][00000191BD7B0780 49] iPhone6Plus, [00000191BCD14D00][00000191BD7B4900 49] iPhone6S, [00000191BCD46600][00000191BD7B8A80 49] iPhone6SPlus, [00000191BCD16D00][00000191BD7BCC00 49] iPhone7Plus, [00000191BCD45200][00000191BD7C0D80 49] iPhoneSE, [00000191BCD17700][00000191BD7C4F00 49] iPhone8, [00000191BCD45E00][00000191BD7C9080 49] iPhone8Plus, [00000191BCD16600][00000191BD7CD200 49] iPhoneX, [00000191BCD44400][00000191BD7D1380 49] iPhoneXS, [00000191BCD14E00][00000191BD7D5500 49] iPhoneXSMax, [00000191BCD45B00][00000191BD7D9680 49] iPhoneXR, [00000191BCD16800][00000191BD7DD800 49] iPhone11, [00000191BCD44900][00000191BD7E1980 49] iPhone11Pro, [00000191BCD14B00][00000191BD7A1AC0 49] iPhone11ProMax, [00000191BCD47F00][00000191BD7E5C00 49] iPhoneSE2, [00000191BCD16900][00000191BD7E81C0 49] iPhone12Mini, [00000191BCD46B00][00000191BD7EC300 49] iPhone12, [00000191BCD17800][00000191BD7F4480 49] iPhone12Pro, [00000191BCD46300][00000191BD7F8600 49] iPhone12ProMax, [00000191BCD14100][00000191BD7FC780 49] iPadPro105, [00000191BCD45600][00000191BD800900 49] iPadPro129, [00000191BCD16F00][00000191BD804A80 49] iPadPro97, [00000191BCD44700][00000191BD808C00 49] iPadPro2_129, [00000191BCCE6600][00000191BD80CD80 49] iPad5, [00000191BCDD4200][00000191BD810F00 49] iPad6, [00000191BCCE4200][00000191BD815080 49] iPad7, [00000191BCD46700][00000191BD819200 49] iPad8, [00000191BCCE7900][00000191BD81D380 49] iPadPro11, [00000191BCD45800][00000191BD821500 49] iPadPro2_11, [00000191BCCE7300][00000191BD825680 49] iPadPro3_129, [00000191BCD46C00][00000191BD829800 49] iPadPro4_129, [00000191BCCE4600][00000191BD82D980 49] AppleTV, [00000191BCD47800][00000191BD831B00 49] AppleTV4K, [00000191BCCE6A00][00000191BD834100 49] TVOS, [00000191BCD47500][00000191BD7F0240 49] Mac, [00000191BCCE7100][00000191BD838380 49] MacClient, [00000191BCD45D00][00000191BD83C4C0 49] MacNoEditor, [00000191BCCE7800][00000191BD844640 49] MacServer, [00000191BCD46200][00000191BD8487C0 49] Linux, [00000191BCCE6700][00000191BD84C940 49] LinuxAArch64, [00000191BCD47400][00000191BD850AC0 49] LinuxNoEditor, [00000191BCCE4800][00000191BD854C40 49] LinuxAArch64NoEditor, [00000191BCD46A00][00000191BD858DC0 49] LinuxClient, [00000191BCCE7A00][00000191BD85CF40 49] LinuxAArch64Client, [00000191BCD44E00][00000191BD8610C0 49] LinuxServer, [00000191BCCE4F00][00000191BD865240 49] LinuxAArch64Server, [00000191BCD47600][00000191BD8693C0 49] Android, [00000191BCCE5400][00000191BD86D540 49] Android_Low, [00000191BCD44800][00000191BD8716C0 49] Android_Mid, [00000191BCCE7400][00000191BD875840 49] Android_High, [00000191BCD45100][00000191BD8799C0 49] Android_Default, [00000191BCCE4500][00000191BD87DB40 49] Android_Adreno4xx, [00000191BCD44600][00000191BD880140 49] Android_Adreno5xx_Low, [00000191BCCE4400][00000191BD8842C0 49] Android_Adreno5xx, [00000191BCD46500][00000191BD840400 49] Android_Adreno6xx, [00000191BCCE4A00][00000191BD888540 49] Android_Adreno6xx_Vulkan, [00000191BCD44A00][00000191BD88C680 49] Android_Mali_T6xx, [00000191BCCE5B00][00000191BD8907C0 49] Android_Mali_T7xx, [00000191BCD47C00][00000191BD898940 49] Android_Mali_T8xx, [00000191BCCE5900][00000191BD89CAC0 49] Android_Mali_G71, [00000191BCD45700][00000191BD8A0C40 49] Android_Mali_G72, [00000191BCD88400][00000191BD8A4DC0 49] Android_Mali_G72_Vulkan, [00000191BCD14A00][00000191BD8A8F40 49] Android_Mali_G76, [00000191BCD8A000][00000191BD8AD0C0 49] Android_Mali_G76_Vulkan, [00000191BCD16400][00000191BD8B1240 49] Android_Mali_G77, [00000191BCD88800][00000191BD8B53C0 49] Android_Mali_G77_Vulkan, [00000191BCD14300][00000191BD8B9540 49] Android_Mali_G78, [00000191BCD8B200][00000191BD8BD6C0 49] Android_Mali_G78_Vulkan, [00000191BCD14200][00000191BD8C1840 49] Android_Mali_G710, [00000191BCD88100][00000191BD8C59C0 49] Android_Mali_G710_Vulkan, [00000191BCD14800][00000191BD8C9B40 49] Android_Vulkan_SM5, [00000191BCD8AE00][00000191BD8CC140 49] Android_PowerVR_G6xxx, [00000191BCD16A00][00000191BD8D02C0 49] Android_PowerVR_GT7xxx, [00000191BCD89C00][00000191BD8D4440 49] Android_PowerVR_GE8xxx, [00000191BCD16100][00000191BD894580 49] Android_PowerVR_GM9xxx, [00000191BCD8BC00][00000191BD8D86C0 49] Android_PowerVR_GM9xxx_Vulkan, [00000191BCD16200][00000191BD8DC800 49] Android_TegraK1, [00000191BCD8A100][00000191BD8E0940 49] Android_Unknown_Vulkan, [00000191BCD16B00][00000191BD8E8AC0 49] Lumin, [00000191BCD8A700][00000191BD8ECC40 49] Lumin_Desktop, [00000191BCD17D00][00000191BD8F0DC0 49] HoloLens, 
[2024.01.16-14.36.29:304][  0]LogMeshReduction: Using QuadricMeshReduction for automatic static mesh reduction
[2024.01.16-14.36.29:304][  0]LogMeshReduction: Using SimplygonMeshReduction for automatic skeletal mesh reduction
[2024.01.16-14.36.29:304][  0]LogMeshReduction: Using ProxyLODMeshReduction for automatic mesh merging
[2024.01.16-14.36.29:305][  0]LogMeshReduction: No distributed automatic mesh merging module available
[2024.01.16-14.36.29:305][  0]LogMeshMerging: No distributed automatic mesh merging module available
[2024.01.16-14.36.29:505][  0]LogNetVersion: DormPlatformer 1.0.0, NetCL: 17155196, EngineNetVer: 17, GameNetVer: 0 (Checksum: 3887111578)
[2024.01.16-14.36.29:911][  0]LogTexture: Default maximum texture size for cubemaps generated from long-lat sources has been changed from 512 to unlimited. In order to preserve old behaiour for '/Engine/MapTemplates/Sky/DaylightAmbientCubemap.DaylightAmbientCubemap', its maximum texture size has been explicitly set to 512.
[2024.01.16-14.36.30:054][  0]LogHMD: PokeAHoleMaterial loaded successfully
[2024.01.16-14.36.30:241][  0]LogMoviePlayer: Initializing movie player
[2024.01.16-14.36.30:422][  0]LogNiagaraDebuggerClient: Niagara Debugger Client Initialized | Session: F2D9E3DF4E7CC8474E11FB8E1FA00140 | Instance: 7571D4244D9189FCF04AB5BE334320FB (UN1CORN-21236).
[2024.01.16-14.36.30:456][  0]LogCollectionManager: Loaded 0 collections in 0.001116 seconds
[2024.01.16-14.36.30:458][  0]LogFileCache: Scanning file cache for directory 'C:/Users/enthu/OneDrive/Документы/GitHub/DormCourseWork/DormPlatformer/Saved/Collections/' took 0.00s
[2024.01.16-14.36.30:458][  0]LogFileCache: Scanning file cache for directory 'C:/Users/enthu/OneDrive/Документы/GitHub/DormCourseWork/DormPlatformer/Content/Developers/enthu/Collections/' took 0.00s
[2024.01.16-14.36.30:458][  0]LogCollectionManager: Fixed up redirectors for 0 collections in 0.000003 seconds (updated 0 objects)
[2024.01.16-14.36.30:489][  0]LogFileCache: Scanning file cache for directory 'C:/Users/enthu/OneDrive/Документы/GitHub/DormCourseWork/DormPlatformer/Content/Collections/' took 0.00s
[2024.01.16-14.36.30:489][  0]LogPython: Using Python 3.7.7
[2024.01.16-14.36.31:386][  0]LogTcpMessaging: Initializing TcpMessaging bridge
[2024.01.16-14.36.31:394][  0]LogUdpMessaging: Warning: Invalid UDP Messaging Static Endpoint ''
[2024.01.16-14.36.31:394][  0]LogUdpMessaging: Initializing bridge on interface 192.168.0.13:51000 to multicast group 230.0.0.1:6666.
[2024.01.16-14.36.31:394][  0]FUdpSocketBuilder: Failed to bind UdpMessageUnicastSocket to 192.168.0.13:51000
[2024.01.16-14.36.31:394][  0]FUdpSocketBuilder: Failed to configure multicast for UdpMessageUnicastSocket (loopback: 1, ttl: 1)
[2024.01.16-14.36.31:394][  0]FUdpSocketBuilder: Failed to create and initialize socket UdpMessageUnicastSocket (last error: 0)
[2024.01.16-14.36.31:394][  0]LogUdpMessaging: Error: StartTransport failed to create unicast socket on 192.168.0.13:51000
[2024.01.16-14.36.31:579][  0]SourceControl: Source control is disabled
[2024.01.16-14.36.31:579][  0]SourceControl: Source control is disabled
[2024.01.16-14.36.31:584][  0]SourceControl: Source control is disabled
[2024.01.16-14.36.31:594][  0]LogUProjectInfo: Found projects:
[2024.01.16-14.36.31:735][  0]LogOpenImageDenoise: OIDN starting up
[2024.01.16-14.36.31:794][  0]LogAndroidPermission: UAndroidPermissionCallbackProxy::GetInstance
[2024.01.16-14.36.31:831][  0]LogAudioCaptureCore: Display: No Audio Capture implementations found. Audio input will be silent.
[2024.01.16-14.36.31:831][  0]LogAudioCaptureCore: Display: No Audio Capture implementations found. Audio input will be silent.
[2024.01.16-14.36.31:975][  0]LogOcInput: OculusInput pre-init called
[2024.01.16-14.36.31:988][  0]LogUObjectArray: 22355 objects as part of root set at end of initial load.
[2024.01.16-14.36.31:988][  0]LogUObjectAllocator: 6046448 out of 0 bytes used by permanent object pool.
[2024.01.16-14.36.31:988][  0]LogUObjectArray: CloseDisregardForGC: 0/0 objects in disregard for GC pool
[2024.01.16-14.36.32:065][  0]LogClass: Display: EnumProperty FMultiUserClientConfig::ValidationMode is not initialized properly. Module:MultiUserClientLibrary File:Public/MultiUserClientStatics.h
[2024.01.16-14.36.32:065][  0]LogClass: Display: StructProperty FMultiUserClientInfo::AvatarColor is not initialized properly. Module:MultiUserClientLibrary File:Public/MultiUserClientStatics.h
[2024.01.16-14.36.32:065][  0]LogClass: Display: 2 Uninitialized script struct members found including 0 object properties
[2024.01.16-14.36.32:068][  0]LogEngine: Initializing Engine...
[2024.01.16-14.36.32:071][  0]LogHMD: Failed to enumerate extensions. Please check that you have a valid OpenXR runtime installed.
[2024.01.16-14.36.32:071][  0]LogHMD: Failed to initialize OpenVR with code 110
[2024.01.16-14.36.32:071][  0]LogMagicLeap: Warning: VR disabled because ZI is not enabled.  To enable, in the editor, Edit -> Project Settings -> Plugins -> Magic Leap Plugin -> Enable Zero Iteration
[2024.01.16-14.36.32:074][  0]LogStats: UGameplayTagsManager::InitializeManager -  0.000 s
[2024.01.16-14.36.32:245][  0]LogInit: Initializing FReadOnlyCVARCache
[2024.01.16-14.36.32:245][  0]LogAudio: Display: Initializing Audio Device Manager...
[2024.01.16-14.36.32:252][  0]LogAudio: Display: Loading Default Audio Settings Objects...
[2024.01.16-14.36.32:252][  0]LogAudio: Display: No default SoundConcurrencyObject specified (or failed to load).
[2024.01.16-14.36.32:255][  0]LogAudio: Display: Audio Device Manager Initialized
[2024.01.16-14.36.32:255][  0]LogAudio: Display: Creating Audio Device:                 Id: 1, Scope: Shared, Realtime: True
[2024.01.16-14.36.32:255][  0]LogAudioMixer: Display: Audio Mixer Platform Settings:
[2024.01.16-14.36.32:255][  0]LogAudioMixer: Display: 	Sample Rate:						  48000
[2024.01.16-14.36.32:255][  0]LogAudioMixer: Display: 	Callback Buffer Frame Size Requested: 1024
[2024.01.16-14.36.32:255][  0]LogAudioMixer: Display: 	Callback Buffer Frame Size To Use:	  1024
[2024.01.16-14.36.32:255][  0]LogAudioMixer: Display: 	Number of buffers to queue:			  2
[2024.01.16-14.36.32:255][  0]LogAudioMixer: Display: 	Max Channels (voices):				  32
[2024.01.16-14.36.32:255][  0]LogAudioMixer: Display: 	Number of Async Source Workers:		  0
[2024.01.16-14.36.32:255][  0]LogAudio: Display: AudioDevice MaxSources: 32
[2024.01.16-14.36.32:256][  0]LogAudio: Display: Audio Spatialization Plugin: None (built-in).
[2024.01.16-14.36.32:256][  0]LogAudio: Display: Audio Reverb Plugin: None (built-in).
[2024.01.16-14.36.32:256][  0]LogAudio: Display: Audio Occlusion Plugin: None (built-in).
[2024.01.16-14.36.32:256][  0]LogAudioMixer: Display: Initializing audio mixer.
[2024.01.16-14.36.32:340][  0]LogAudioMixer: Display: 0: FrontLeft
[2024.01.16-14.36.32:340][  0]LogAudioMixer: Display: 1: FrontRight
[2024.01.16-14.36.32:521][  0]LogAudioMixer: Display: Using Audio Device Speakers (Технология Intel® Smart Sound для аудио I2S)
[2024.01.16-14.36.32:528][  0]LogAudioMixer: Display: Initializing Sound Submixes...
[2024.01.16-14.36.32:530][  0]LogAudioMixer: Display: Creating Master Submix 'MasterSubmixDefault'
[2024.01.16-14.36.32:530][  0]LogAudioMixer: Display: Creating Master Submix 'MasterReverbSubmixDefault'
[2024.01.16-14.36.32:531][  0]LogAudioMixer: Display: Creating Master Submix 'MasterEQSubmixDefault'
[2024.01.16-14.36.32:532][  0]LogAudioMixer: FMixerPlatformXAudio2::StartAudioStream() called
[2024.01.16-14.36.32:532][  0]LogAudioMixer: Display: Output buffers initialized: Frames=1024, Channels=2, Samples=2048
[2024.01.16-14.36.32:534][  0]LogAudioMixer: Display: Starting AudioMixerPlatformInterface::RunInternal()
[2024.01.16-14.36.32:534][  0]LogAudioMixer: Display: FMixerPlatformXAudio2::SubmitBuffer() called for the first time
[2024.01.16-14.36.32:534][  0]LogInit: FAudioDevice initialized.
[2024.01.16-14.36.32:536][  0]LogNetVersion: Set ProjectVersion to 1.0.0.0. Version Checksum will be recalculated on next use.
[2024.01.16-14.36.32:538][  0]LogInit: Texture streaming: Enabled
[2024.01.16-14.36.32:686][  0]LogAudio: Display: Audio Device (ID: 1) registered with world 'Untitled'.
[2024.01.16-14.36.32:687][  0]LogSlate: Updating window title bar state: overlay mode, drag disabled, window buttons hidden, title bar hidden
[2024.01.16-14.36.32:690][  0]LogInit: Display: Game Engine Initialized.
[2024.01.16-14.36.32:691][  0]LogNiagaraEditor: GEditor isn't valid! Particle reset commands will not work for Niagara components!
[2024.01.16-14.36.32:891][  0]LogInit: Display: Starting Game.
[2024.01.16-14.36.32:892][  0]LogNet: Browse: /Game/Menu/Menu?Name=Player
[2024.01.16-14.36.32:894][  0]LogLoad: LoadMap: /Game/Menu/Menu?Name=Player
[2024.01.16-14.36.32:894][  0]LogWorld: BeginTearingDown for /Temp/Untitled_0
[2024.01.16-14.36.32:902][  0]LogWorld: UWorld::CleanupWorld for Untitled, bSessionEnded=true, bCleanupResources=true
[2024.01.16-14.36.32:902][  0]LogSlate: InvalidateAllWidgets triggered.  All widgets were invalidated
[2024.01.16-14.36.32:911][  0]LogAudio: Display: Audio Device unregistered from world 'None'.
[2024.01.16-14.36.32:916][  0]LogUObjectHash: Compacting FUObjectHashTables data took   2.22ms
[2024.01.16-14.36.32:958][  0]LogAudio: Display: Audio Device (ID: 1) registered with world 'Menu'.
[2024.01.16-14.36.32:971][  0]LogAIModule: Creating AISystem for world Menu
[2024.01.16-14.36.33:096][  0]LogLoad: Game class is '2DSideScrollerGameMode_C'
[2024.01.16-14.36.33:099][  0]LogWorld: Bringing World /Game/Menu/Menu.Menu up for play (max tick rate 0) at 2024.01.16-20.36.33
[2024.01.16-14.36.33:101][  0]LogWorld: Bringing up level for play took: 0.002921
[2024.01.16-14.36.33:106][  0]LogGameMode: FindPlayerStart: PATHS NOT DEFINED or NO PLAYERSTART with positive rating
[2024.01.16-14.36.33:145][  0]LogLoad: Took 0.251469 seconds to LoadMap(/Game/Menu/Menu)
[2024.01.16-14.36.33:182][  0]LogSlate: Took 0.000203 seconds to synchronously load lazily loaded font '../../../Engine/Content/Slate/Fonts/Roboto-Regular.ttf' (155K)
[2024.01.16-14.36.33:212][  0]LogRenderer: Reallocating scene render targets to support 1280x720 Format 10 NumSamples 1 (Frame:1).
[2024.01.16-14.36.33:212][  0]LogInit: Display: Engine is initialized. Leaving FEngineLoop::Init()
[2024.01.16-14.36.33:214][  0]LogLoad: (Engine Initialization) Total time: 9.41 seconds
[2024.01.16-14.36.33:214][  0]LogLoad: (Engine Initialization) Total Blueprint compile time: 0.00 seconds
[2024.01.16-14.36.33:242][  0]LogContentStreaming: Texture pool size now 1000 MB
[2024.01.16-14.36.33:251][  0]LogSlate: InvalidateAllWidgets triggered.  All widgets were invalidated
[2024.01.16-14.36.33:385][  1]LogSlate: Took 0.000250 seconds to synchronously load lazily loaded font '../../../Engine/Content/Slate/Fonts/Roboto-Regular.ttf' (155K)
